
o8core, 2.0.11
author: Emery Conrad
build date: Jan 14 2011, 13:23:16

[Fri May 10 11:07:56 2024]: creating logfile o8core_131_11_7_56.log
[Fri May 10 11:07:56 2024]: initializing link on port 28472
[Fri May 10 11:07:56 2024]: initializing winsock library
[Fri May 10 11:07:56 2024]: link port is 28472
[Fri May 10 11:07:56 2024]: port 28472 is bound
[Fri May 10 11:07:56 2024]: listening on port 28472
[Fri May 10 11:07:56 2024]: link outfifo: starting thread
[Fri May 10 11:07:56 2024]: link outfifo: thread started
[Fri May 10 11:07:56 2024]: o8core link: starting thread
[Fri May 10 11:07:56 2024]: o8core link: thread started
[Fri May 10 11:07:56 2024]: accepted socket connection on port 23019
[Fri May 10 11:07:56 2024]: link received initialization message, reading in 492 bytes of model text
[Fri May 10 11:07:56 2024]: ignoring o8mi tag in model init
[Fri May 10 11:08:03 2024]: link received run message, reading in 2275 bytes of o8r text
[Fri May 10 11:08:03 2024]: ignoring notes in o8r
[Fri May 10 11:08:03 2024]: ignoring plots in o8r
[Fri May 10 11:08:03 2024]: running...
[Fri May 10 11:08:03 2024]: running a time series
[Fri May 10 11:08:03 2024]: will run for 50 time units, 500 points
[Fri May 10 11:08:03 2024]: returning 16032 data bytes to client
[Fri May 10 11:08:03 2024]: run complete (0.003 s)
[Fri May 10 11:08:03 2024]: done running
[Fri May 10 11:08:03 2024]: returning (roughly) 1364 log bytes to client
[Fri May 10 11:08:31 2024]: link received run message, reading in 2357 bytes of o8r text
[Fri May 10 11:08:31 2024]: ignoring notes in o8r
[Fri May 10 11:08:31 2024]: ignoring plots in o8r
[Fri May 10 11:08:31 2024]: running...
[Fri May 10 11:08:31 2024]: running a one parameter bifurcation
[Fri May 10 11:08:31 2024]: ignoring xprops
[Fri May 10 11:08:31 2024]: solving for steady state
[Fri May 10 11:08:31 2024]: trying newton's method
[Fri May 10 11:08:31 2024]: ERROR: U is singular, can't compute inverse
[Fri May 10 11:08:31 2024]: try solving time series
[Fri May 10 11:08:31 2024]: reached stable steady state
[Fri May 10 11:08:31 2024]: continuing I
[Fri May 10 11:08:31 2024]: LibAUTO: starting thread
[Fri May 10 11:08:31 2024]: LibAUTO: thread started
[Fri May 10 11:08:31 2024]: LibAUTO run time: 0.05 s
[Fri May 10 11:08:31 2024]: LibAUTO: starting thread
[Fri May 10 11:08:31 2024]: LibAUTO: thread started
[Fri May 10 11:08:31 2024]: LibAUTO run time: 0.06 s
[Fri May 10 11:08:31 2024]: returning 8844 data bytes to client
[Fri May 10 11:08:31 2024]: I took 0.227 seconds (0.227 for actual continuation)
[Fri May 10 11:08:31 2024]: run complete (0.229 s)
[Fri May 10 11:08:31 2024]: done running
[Fri May 10 11:08:31 2024]: returning (roughly) 1214 log bytes to client
[Fri May 10 11:08:42 2024]: link received run message, reading in 3146 bytes of o8r text
[Fri May 10 11:08:42 2024]: ignoring notes in o8r
[Fri May 10 11:08:42 2024]: ignoring plots in o8r
[Fri May 10 11:08:42 2024]: running...
[Fri May 10 11:08:42 2024]: running a one parameter bifurcation
[Fri May 10 11:08:42 2024]: ignoring xprops
[Fri May 10 11:08:42 2024]: solving for steady state
[Fri May 10 11:08:42 2024]: trying newton's method
[Fri May 10 11:08:42 2024]: ERROR: U is singular, can't compute inverse
[Fri May 10 11:08:42 2024]: try solving time series
[Fri May 10 11:08:42 2024]: reached stable steady state
[Fri May 10 11:08:42 2024]: continuing I
[Fri May 10 11:08:42 2024]: LibAUTO: starting thread
[Fri May 10 11:08:42 2024]: LibAUTO: thread started
[Fri May 10 11:08:42 2024]: LibAUTO run time: 0.039 s
[Fri May 10 11:08:42 2024]: LibAUTO: starting thread
[Fri May 10 11:08:42 2024]: LibAUTO: thread started
[Fri May 10 11:08:42 2024]: LibAUTO run time: 0.033 s
[Fri May 10 11:08:42 2024]: returning 8844 data bytes to client
[Fri May 10 11:08:42 2024]: I took 0.227 seconds (0.227 for actual continuation)
[Fri May 10 11:08:42 2024]: run complete (0.229 s)
[Fri May 10 11:08:42 2024]: done running
[Fri May 10 11:08:42 2024]: returning (roughly) 1216 log bytes to client
[Fri May 10 11:08:45 2024]: link received run message, reading in 3145 bytes of o8r text
[Fri May 10 11:08:45 2024]: ignoring notes in o8r
[Fri May 10 11:08:45 2024]: ignoring plots in o8r
[Fri May 10 11:08:45 2024]: running...
[Fri May 10 11:08:45 2024]: running a one parameter bifurcation
[Fri May 10 11:08:45 2024]: ignoring xprops
[Fri May 10 11:08:45 2024]: solving for steady state
[Fri May 10 11:08:45 2024]: trying newton's method
[Fri May 10 11:08:45 2024]: ERROR: U is singular, can't compute inverse
[Fri May 10 11:08:45 2024]: try solving time series
[Fri May 10 11:08:45 2024]: reached stable steady state
[Fri May 10 11:08:45 2024]: continuing I
[Fri May 10 11:08:45 2024]: LibAUTO: starting thread
[Fri May 10 11:08:45 2024]: LibAUTO: thread started
[Fri May 10 11:08:45 2024]: LibAUTO run time: 0.034 s
[Fri May 10 11:08:45 2024]: LibAUTO: starting thread
[Fri May 10 11:08:45 2024]: LibAUTO: thread started
[Fri May 10 11:08:45 2024]: LibAUTO run time: 0.03 s
[Fri May 10 11:08:45 2024]: returning 8844 data bytes to client
[Fri May 10 11:08:45 2024]: I took 0.233 seconds (0.233 for actual continuation)
[Fri May 10 11:08:45 2024]: run complete (0.234 s)
[Fri May 10 11:08:45 2024]: done running
[Fri May 10 11:08:45 2024]: returning (roughly) 1215 log bytes to client
