
o8core, 2.0.11
author: Emery Conrad
build date: Jan 14 2011, 13:23:16

[Tue Apr 16 19:20:32 2024]: creating logfile o8core_107_19_20_32.log
[Tue Apr 16 19:20:32 2024]: initializing link on port 28472
[Tue Apr 16 19:20:32 2024]: initializing winsock library
[Tue Apr 16 19:20:32 2024]: link port is 28472
[Tue Apr 16 19:20:32 2024]: port 28472 is bound
[Tue Apr 16 19:20:32 2024]: listening on port 28472
[Tue Apr 16 19:20:32 2024]: link outfifo: starting thread
[Tue Apr 16 19:20:32 2024]: link outfifo: thread started
[Tue Apr 16 19:20:32 2024]: o8core link: starting thread
[Tue Apr 16 19:20:32 2024]: o8core link: thread started
[Tue Apr 16 19:20:33 2024]: accepted socket connection on port 18403
[Tue Apr 16 19:20:33 2024]: link received initialization message, reading in 261 bytes of model text
[Tue Apr 16 19:20:33 2024]: ignoring o8mi tag in model init
[Tue Apr 16 19:20:33 2024]: WARNING: symbol k2 not bound
[Tue Apr 16 19:20:33 2024]: WARNING: unbound symbol in f[0]=(-,(*,(+,(*,k1=0,input=0),(*,k2=0,xp=1.8873e-316)),(-,x_tot=0,xp=1.8873e-316)),(*,k_1=0,(/,xp=1.8873e-316,(+,K=0,xp=1.8873e-316)))) = -0
[Tue Apr 16 19:20:33 2024]: ERROR: 
[Tue Apr 16 19:20:33 2024]: ERROR: fatal error in model init
[Tue Apr 16 19:20:33 2024]: returning (roughly) 1214 log bytes to client
[Tue Apr 16 19:20:33 2024]: link outfifo: waiting for thread to finish...
[Tue Apr 16 19:20:33 2024]: link outfifo run time: 0.682 s
[Tue Apr 16 19:20:33 2024]: o8core link run time: 0.666 s
[Tue Apr 16 19:20:33 2024]: link outfifo: 0 bytes in, 0 bytes out
[Tue Apr 16 19:20:33 2024]: all done!
