
o8core, 2.0.11
author: Emery Conrad
build date: Jan 14 2011, 13:23:16

[Thu May 09 00:09:51 2024]: creating logfile o8core_130_0_9_51.log
[Thu May 09 00:09:51 2024]: initializing link on port 28472
[Thu May 09 00:09:51 2024]: initializing winsock library
[Thu May 09 00:09:51 2024]: link port is 28472
[Thu May 09 00:09:51 2024]: port 28472 is bound
[Thu May 09 00:09:51 2024]: listening on port 28472
[Thu May 09 00:09:51 2024]: link outfifo: starting thread
[Thu May 09 00:09:51 2024]: link outfifo: thread started
[Thu May 09 00:09:51 2024]: o8core link: starting thread
[Thu May 09 00:09:51 2024]: o8core link: thread started
[Thu May 09 00:09:52 2024]: accepted socket connection on port 40911
[Thu May 09 00:09:52 2024]: link received initialization message, reading in 488 bytes of model text
[Thu May 09 00:09:52 2024]: ignoring o8mi tag in model init
[Thu May 09 00:10:01 2024]: link received run message, reading in 2283 bytes of o8r text
[Thu May 09 00:10:01 2024]: ignoring notes in o8r
[Thu May 09 00:10:01 2024]: ignoring plots in o8r
[Thu May 09 00:10:01 2024]: running...
[Thu May 09 00:10:01 2024]: running a time series
[Thu May 09 00:10:01 2024]: will run for 250 time units, 2500 points
[Thu May 09 00:10:01 2024]: returning 80032 data bytes to client
[Thu May 09 00:10:01 2024]: run complete (0.012 s)
[Thu May 09 00:10:01 2024]: done running
[Thu May 09 00:10:01 2024]: returning (roughly) 1365 log bytes to client
[Thu May 09 00:11:31 2024]: link received run message, reading in 2366 bytes of o8r text
[Thu May 09 00:11:31 2024]: ignoring notes in o8r
[Thu May 09 00:11:31 2024]: ignoring plots in o8r
[Thu May 09 00:11:31 2024]: running...
[Thu May 09 00:11:31 2024]: running a one parameter bifurcation
[Thu May 09 00:11:31 2024]: ignoring xprops
[Thu May 09 00:11:31 2024]: solving for steady state
[Thu May 09 00:11:31 2024]: trying newton's method
[Thu May 09 00:11:31 2024]: ERROR: U is singular, can't compute inverse
[Thu May 09 00:11:31 2024]: try solving time series
[Thu May 09 00:11:31 2024]: reached stable steady state
[Thu May 09 00:11:31 2024]: continuing F_b
[Thu May 09 00:11:31 2024]: LibAUTO: starting thread
[Thu May 09 00:11:31 2024]: LibAUTO: thread started
[Thu May 09 00:11:31 2024]: LibAUTO run time: 0.045 s
[Thu May 09 00:11:31 2024]: LibAUTO: starting thread
[Thu May 09 00:11:31 2024]: LibAUTO: thread started
[Thu May 09 00:11:31 2024]: LibAUTO run time: 0.081 s
[Thu May 09 00:11:31 2024]: returning 15400 data bytes to client
[Thu May 09 00:11:31 2024]: F_b took 0.221 seconds (0.221 for actual continuation)
[Thu May 09 00:11:31 2024]: run complete (0.223 s)
[Thu May 09 00:11:31 2024]: done running
[Thu May 09 00:11:31 2024]: returning (roughly) 1221 log bytes to client
[Thu May 09 00:11:52 2024]: link received run message, reading in 2365 bytes of o8r text
[Thu May 09 00:11:52 2024]: ignoring notes in o8r
[Thu May 09 00:11:52 2024]: ignoring plots in o8r
[Thu May 09 00:11:52 2024]: running...
[Thu May 09 00:11:52 2024]: running a one parameter bifurcation
[Thu May 09 00:11:52 2024]: ignoring xprops
[Thu May 09 00:11:52 2024]: solving for steady state
[Thu May 09 00:11:52 2024]: trying newton's method
[Thu May 09 00:11:52 2024]: ERROR: U is singular, can't compute inverse
[Thu May 09 00:11:52 2024]: try solving time series
[Thu May 09 00:11:52 2024]: reached stable steady state
[Thu May 09 00:11:52 2024]: continuing I1
[Thu May 09 00:11:52 2024]: LibAUTO: starting thread
[Thu May 09 00:11:52 2024]: LibAUTO: thread started
[Thu May 09 00:11:52 2024]: LibAUTO run time: 0.059 s
[Thu May 09 00:11:52 2024]: LibAUTO: starting thread
[Thu May 09 00:11:52 2024]: LibAUTO: thread started
[Thu May 09 00:11:52 2024]: LibAUTO run time: 0.031 s
[Thu May 09 00:11:52 2024]: returning 5016 data bytes to client
[Thu May 09 00:11:52 2024]: I1 took 0.231 seconds (0.231 for actual continuation)
[Thu May 09 00:11:52 2024]: run complete (0.232 s)
[Thu May 09 00:11:52 2024]: done running
[Thu May 09 00:11:52 2024]: returning (roughly) 1218 log bytes to client
[Thu May 09 00:13:30 2024]: link received quit message, exiting.
[Thu May 09 00:13:30 2024]: link outfifo: waiting for thread to finish...
[Thu May 09 00:13:30 2024]: o8core link run time: 219.244 s
[Thu May 09 00:13:30 2024]: link outfifo run time: 219.244 s
[Thu May 09 00:13:30 2024]: link outfifo: 100448 bytes in, 100448 bytes out
[Thu May 09 00:13:30 2024]: all done!
