
o8core, 2.0.11
author: Emery Conrad
build date: Jan 14 2011, 13:23:16

[Wed May 15 14:37:13 2024]: creating logfile o8core_136_14_37_13.log
[Wed May 15 14:37:13 2024]: initializing link on port 28472
[Wed May 15 14:37:13 2024]: initializing winsock library
[Wed May 15 14:37:13 2024]: link port is 28472
[Wed May 15 14:37:13 2024]: port 28472 is bound
[Wed May 15 14:37:13 2024]: listening on port 28472
[Wed May 15 14:37:13 2024]: link outfifo: starting thread
[Wed May 15 14:37:13 2024]: link outfifo: thread started
[Wed May 15 14:37:13 2024]: o8core link: starting thread
[Wed May 15 14:37:13 2024]: o8core link: thread started
[Wed May 15 14:37:14 2024]: accepted socket connection on port 42184
[Wed May 15 14:37:14 2024]: link received initialization message, reading in 602 bytes of model text
[Wed May 15 14:37:14 2024]: ignoring o8mi tag in model init
[Wed May 15 14:37:51 2024]: link received run message, reading in 2100 bytes of o8r text
[Wed May 15 14:37:51 2024]: ignoring notes in o8r
[Wed May 15 14:37:51 2024]: ignoring plots in o8r
[Wed May 15 14:37:51 2024]: running...
[Wed May 15 14:37:51 2024]: running a time series
[Wed May 15 14:37:51 2024]: will run for 1500 time units, 15000 points
[Wed May 15 14:37:51 2024]: returning 480032 data bytes to client
[Wed May 15 14:37:51 2024]: run complete (0.02 s)
[Wed May 15 14:37:51 2024]: done running
[Wed May 15 14:37:51 2024]: returning (roughly) 1369 log bytes to client
[Wed May 15 14:43:15 2024]: link received quit message, exiting.
[Wed May 15 14:43:15 2024]: link outfifo: waiting for thread to finish...
[Wed May 15 14:43:15 2024]: o8core link run time: 361.338 s
[Wed May 15 14:43:15 2024]: link outfifo run time: 361.338 s
[Wed May 15 14:43:15 2024]: link outfifo: 480032 bytes in, 480032 bytes out
[Wed May 15 14:43:15 2024]: all done!
