
o8core, 2.0.11
author: Emery Conrad
build date: Jan 14 2011, 13:23:16

[Tue Apr 23 16:43:43 2024]: creating logfile o8core_114_16_43_43.log
[Tue Apr 23 16:43:43 2024]: initializing link on port 28472
[Tue Apr 23 16:43:43 2024]: initializing winsock library
[Tue Apr 23 16:43:43 2024]: link port is 28472
[Tue Apr 23 16:43:43 2024]: port 28472 is bound
[Tue Apr 23 16:43:43 2024]: listening on port 28472
[Tue Apr 23 16:43:43 2024]: link outfifo: starting thread
[Tue Apr 23 16:43:43 2024]: link outfifo: thread started
[Tue Apr 23 16:43:43 2024]: o8core link: starting thread
[Tue Apr 23 16:43:43 2024]: o8core link: thread started
[Tue Apr 23 16:43:43 2024]: accepted socket connection on port 36078
[Tue Apr 23 16:43:43 2024]: link received initialization message, reading in 397 bytes of model text
[Tue Apr 23 16:43:43 2024]: ignoring o8mi tag in model init
[Tue Apr 23 16:44:11 2024]: link received run message, reading in 1748 bytes of o8r text
[Tue Apr 23 16:44:11 2024]: ignoring notes in o8r
[Tue Apr 23 16:44:11 2024]: ignoring plots in o8r
[Tue Apr 23 16:44:11 2024]: running...
[Tue Apr 23 16:44:11 2024]: running a time series
[Tue Apr 23 16:44:11 2024]: will run for 250 time units, 5000 points
[Tue Apr 23 16:44:11 2024]: returning 120024 data bytes to client
[Tue Apr 23 16:44:11 2024]: run complete (0.012 s)
[Tue Apr 23 16:44:11 2024]: done running
[Tue Apr 23 16:44:11 2024]: returning (roughly) 1368 log bytes to client
[Tue Apr 23 16:44:37 2024]: link received run message, reading in 1749 bytes of o8r text
[Tue Apr 23 16:44:37 2024]: ignoring notes in o8r
[Tue Apr 23 16:44:37 2024]: ignoring plots in o8r
[Tue Apr 23 16:44:37 2024]: running...
[Tue Apr 23 16:44:37 2024]: running a time series
[Tue Apr 23 16:44:37 2024]: will run for 500 time units, 50000 points
[Tue Apr 23 16:44:38 2024]: returning 1200024 data bytes to client
[Tue Apr 23 16:44:38 2024]: run complete (0.036 s)
[Tue Apr 23 16:44:38 2024]: done running
[Tue Apr 23 16:44:38 2024]: returning (roughly) 507 log bytes to client
[Tue Apr 23 16:45:20 2024]: link received run message, reading in 1829 bytes of o8r text
[Tue Apr 23 16:45:20 2024]: ignoring notes in o8r
[Tue Apr 23 16:45:20 2024]: ignoring plots in o8r
[Tue Apr 23 16:45:20 2024]: running...
[Tue Apr 23 16:45:20 2024]: running a one parameter bifurcation
[Tue Apr 23 16:45:20 2024]: ignoring xprops
[Tue Apr 23 16:45:20 2024]: solving for steady state
[Tue Apr 23 16:45:20 2024]: trying newton's method
[Tue Apr 23 16:45:20 2024]: try solving time series
[Tue Apr 23 16:45:20 2024]: WARNING: time course run didn't find a stable steady state
[Tue Apr 23 16:45:20 2024]: trying newton's method again to hone in
[Tue Apr 23 16:45:20 2024]: continuing kd_x
[Tue Apr 23 16:45:20 2024]: LibAUTO: starting thread
[Tue Apr 23 16:45:20 2024]: LibAUTO: thread started
[Tue Apr 23 16:45:20 2024]: LibAUTO run time: 0.016 s
[Tue Apr 23 16:45:20 2024]: LibAUTO: starting thread
[Tue Apr 23 16:45:20 2024]: LibAUTO: thread started
[Tue Apr 23 16:45:20 2024]: LibAUTO run time: 0.157 s
[Tue Apr 23 16:45:20 2024]: returning 40572 data bytes to client
[Tue Apr 23 16:45:20 2024]: kd_x took 0.385 seconds (0.385 for actual continuation)
[Tue Apr 23 16:45:20 2024]: run complete (0.423 s)
[Tue Apr 23 16:45:20 2024]: done running
[Tue Apr 23 16:45:20 2024]: returning (roughly) 1250 log bytes to client
[Tue Apr 23 16:46:28 2024]: link received run message, reading in 2532 bytes of o8r text
[Tue Apr 23 16:46:28 2024]: ignoring notes in o8r
[Tue Apr 23 16:46:28 2024]: ignoring plots in o8r
[Tue Apr 23 16:46:28 2024]: running...
[Tue Apr 23 16:46:28 2024]: running a one parameter bifurcation
[Tue Apr 23 16:46:28 2024]: ignoring xprops
[Tue Apr 23 16:46:28 2024]: solving for steady state
[Tue Apr 23 16:46:28 2024]: trying newton's method
[Tue Apr 23 16:46:28 2024]: try solving time series
[Tue Apr 23 16:46:29 2024]: WARNING: time course run didn't find a stable steady state
[Tue Apr 23 16:46:29 2024]: trying newton's method again to hone in
[Tue Apr 23 16:46:29 2024]: continuing kd_x
[Tue Apr 23 16:46:29 2024]: LibAUTO: starting thread
[Tue Apr 23 16:46:29 2024]: LibAUTO: thread started
[Tue Apr 23 16:46:29 2024]: LibAUTO run time: 0.012 s
[Tue Apr 23 16:46:29 2024]: LibAUTO: starting thread
[Tue Apr 23 16:46:29 2024]: LibAUTO: thread started
[Tue Apr 23 16:46:29 2024]: LibAUTO run time: 0.157 s
[Tue Apr 23 16:46:29 2024]: returning 40572 data bytes to client
[Tue Apr 23 16:46:29 2024]: kd_x took 0.342 seconds (0.342 for actual continuation)
[Tue Apr 23 16:46:29 2024]: run complete (0.385 s)
[Tue Apr 23 16:46:29 2024]: done running
[Tue Apr 23 16:46:29 2024]: returning (roughly) 1250 log bytes to client
[Tue Apr 23 16:58:00 2024]: link received run message, reading in 1901 bytes of o8r text
[Tue Apr 23 16:58:00 2024]: ignoring notes in o8r
[Tue Apr 23 16:58:00 2024]: ignoring plots in o8r
[Tue Apr 23 16:58:00 2024]: running...
[Tue Apr 23 16:58:00 2024]: running a two parameter bifurcation
[Tue Apr 23 16:58:00 2024]: ignoring xprops
[Tue Apr 23 16:58:00 2024]: WARNING: don't know what to do with tag par, ignoring
[Tue Apr 23 16:58:00 2024]: starting at label 8
[Tue Apr 23 16:58:00 2024]: continuing...
kd_x vs. S[Tue Apr 23 16:58:00 2024]: LibAUTO: starting thread
[Tue Apr 23 16:58:00 2024]: LibAUTO: thread started
[Tue Apr 23 16:58:00 2024]: LibAUTO run time: 0.062 s
[Tue Apr 23 16:58:00 2024]: LibAUTO: starting thread
[Tue Apr 23 16:58:00 2024]: LibAUTO: thread started
[Tue Apr 23 16:58:00 2024]: LibAUTO run time: 0.22 s
[Tue Apr 23 16:58:01 2024]: returning 54340 data bytes to client
(0.455 seconds) 
[Tue Apr 23 16:58:01 2024]: run complete (0.455 s)
[Tue Apr 23 16:58:01 2024]: done running
[Tue Apr 23 16:58:01 2024]: returning (roughly) 1009 log bytes to client
[Tue Apr 23 17:00:08 2024]: link received run message, reading in 2682 bytes of o8r text
[Tue Apr 23 17:00:08 2024]: ignoring notes in o8r
[Tue Apr 23 17:00:08 2024]: ignoring plots in o8r
[Tue Apr 23 17:00:08 2024]: running...
[Tue Apr 23 17:00:08 2024]: running a two parameter bifurcation
[Tue Apr 23 17:00:08 2024]: ignoring xprops
[Tue Apr 23 17:00:08 2024]: WARNING: don't know what to do with tag par, ignoring
[Tue Apr 23 17:00:08 2024]: starting at label 8
[Tue Apr 23 17:00:08 2024]: continuing...
kd_x vs. S[Tue Apr 23 17:00:08 2024]: LibAUTO: starting thread
[Tue Apr 23 17:00:08 2024]: LibAUTO: thread started
[Tue Apr 23 17:00:08 2024]: LibAUTO run time: 0.067 s
[Tue Apr 23 17:00:08 2024]: LibAUTO: starting thread
[Tue Apr 23 17:00:08 2024]: LibAUTO: thread started
[Tue Apr 23 17:00:08 2024]: LibAUTO run time: 0.22 s
[Tue Apr 23 17:00:08 2024]: returning 54340 data bytes to client
(0.468 seconds) 
[Tue Apr 23 17:00:08 2024]: run complete (0.468 s)
[Tue Apr 23 17:00:08 2024]: done running
[Tue Apr 23 17:00:08 2024]: returning (roughly) 1009 log bytes to client
[Tue Apr 23 17:00:12 2024]: link received run message, reading in 2683 bytes of o8r text
[Tue Apr 23 17:00:12 2024]: ignoring notes in o8r
[Tue Apr 23 17:00:12 2024]: ignoring plots in o8r
[Tue Apr 23 17:00:12 2024]: running...
[Tue Apr 23 17:00:12 2024]: running a two parameter bifurcation
[Tue Apr 23 17:00:12 2024]: ignoring xprops
[Tue Apr 23 17:00:12 2024]: WARNING: don't know what to do with tag par, ignoring
[Tue Apr 23 17:00:12 2024]: starting at label 8
[Tue Apr 23 17:00:12 2024]: continuing...
kd_x vs. S[Tue Apr 23 17:00:12 2024]: LibAUTO: starting thread
[Tue Apr 23 17:00:12 2024]: LibAUTO: thread started
[Tue Apr 23 17:00:12 2024]: LibAUTO run time: 0.056 s
[Tue Apr 23 17:00:12 2024]: LibAUTO: starting thread
[Tue Apr 23 17:00:12 2024]: LibAUTO: thread started
[Tue Apr 23 17:00:12 2024]: LibAUTO run time: 0.22 s
[Tue Apr 23 17:00:13 2024]: returning 54340 data bytes to client
(0.433 seconds) 
[Tue Apr 23 17:00:13 2024]: run complete (0.433 s)
[Tue Apr 23 17:00:13 2024]: done running
[Tue Apr 23 17:00:13 2024]: returning (roughly) 1009 log bytes to client
[Tue Apr 23 17:00:21 2024]: link received run message, reading in 2683 bytes of o8r text
[Tue Apr 23 17:00:21 2024]: ignoring notes in o8r
[Tue Apr 23 17:00:21 2024]: ignoring plots in o8r
[Tue Apr 23 17:00:21 2024]: running...
[Tue Apr 23 17:00:21 2024]: running a two parameter bifurcation
[Tue Apr 23 17:00:21 2024]: ignoring xprops
[Tue Apr 23 17:00:21 2024]: WARNING: don't know what to do with tag par, ignoring
[Tue Apr 23 17:00:21 2024]: starting at label 8
[Tue Apr 23 17:00:21 2024]: continuing...
kd_x vs. S[Tue Apr 23 17:00:21 2024]: LibAUTO: starting thread
[Tue Apr 23 17:00:21 2024]: LibAUTO: thread started
[Tue Apr 23 17:00:21 2024]: LibAUTO run time: 0.063 s
[Tue Apr 23 17:00:21 2024]: LibAUTO: starting thread
[Tue Apr 23 17:00:21 2024]: LibAUTO: thread started
[Tue Apr 23 17:00:21 2024]: LibAUTO run time: 0.219 s
[Tue Apr 23 17:00:21 2024]: returning 54340 data bytes to client
(0.458 seconds) 
[Tue Apr 23 17:00:21 2024]: run complete (0.458 s)
[Tue Apr 23 17:00:21 2024]: done running
[Tue Apr 23 17:00:21 2024]: returning (roughly) 1010 log bytes to client
[Tue Apr 23 17:01:33 2024]: link received quit message, exiting.
[Tue Apr 23 17:01:33 2024]: link outfifo: waiting for thread to finish...
[Tue Apr 23 17:01:33 2024]: o8core link run time: 1070.28 s
[Tue Apr 23 17:01:33 2024]: link outfifo run time: 1070.28 s
[Tue Apr 23 17:01:33 2024]: link outfifo: 1618552 bytes in, 1618552 bytes out
[Tue Apr 23 17:01:33 2024]: all done!
