
o8core, 2.0.11
author: Emery Conrad
build date: Jan 14 2011, 13:23:16

[Mon Apr 22 16:05:24 2024]: creating logfile o8core_113_16_5_24.log
[Mon Apr 22 16:05:24 2024]: initializing link on port 28472
[Mon Apr 22 16:05:24 2024]: initializing winsock library
[Mon Apr 22 16:05:24 2024]: link port is 28472
[Mon Apr 22 16:05:24 2024]: port 28472 is bound
[Mon Apr 22 16:05:24 2024]: listening on port 28472
[Mon Apr 22 16:05:24 2024]: link outfifo: starting thread
[Mon Apr 22 16:05:24 2024]: link outfifo: thread started
[Mon Apr 22 16:05:24 2024]: o8core link: starting thread
[Mon Apr 22 16:05:24 2024]: o8core link: thread started
[Mon Apr 22 16:05:24 2024]: accepted socket connection on port 7165
[Mon Apr 22 16:05:24 2024]: link received initialization message, reading in 397 bytes of model text
[Mon Apr 22 16:05:24 2024]: ignoring o8mi tag in model init
[Mon Apr 22 16:05:36 2024]: link received run message, reading in 1750 bytes of o8r text
[Mon Apr 22 16:05:36 2024]: ignoring notes in o8r
[Mon Apr 22 16:05:36 2024]: ignoring plots in o8r
[Mon Apr 22 16:05:36 2024]: running...
[Mon Apr 22 16:05:36 2024]: running a time series
[Mon Apr 22 16:05:36 2024]: will run for 500 time units, 500000 points
