
o8core, 2.0.11
author: Emery Conrad
build date: Jan 14 2011, 13:23:16

[Tue Apr 23 22:42:53 2024]: creating logfile o8core_114_22_42_53.log
[Tue Apr 23 22:42:53 2024]: initializing link on port 28472
[Tue Apr 23 22:42:53 2024]: initializing winsock library
[Tue Apr 23 22:42:53 2024]: link port is 28472
[Tue Apr 23 22:42:53 2024]: port 28472 is bound
[Tue Apr 23 22:42:53 2024]: listening on port 28472
[Tue Apr 23 22:42:53 2024]: link outfifo: starting thread
[Tue Apr 23 22:42:53 2024]: link outfifo: thread started
[Tue Apr 23 22:42:53 2024]: o8core link: starting thread
[Tue Apr 23 22:42:53 2024]: o8core link: thread started
[Tue Apr 23 22:42:54 2024]: accepted socket connection on port 50905
[Tue Apr 23 22:42:54 2024]: link received initialization message, reading in 396 bytes of model text
[Tue Apr 23 22:42:54 2024]: ignoring o8mi tag in model init
[Tue Apr 23 22:43:52 2024]: link received run message, reading in 1742 bytes of o8r text
[Tue Apr 23 22:43:52 2024]: ignoring notes in o8r
[Tue Apr 23 22:43:52 2024]: ignoring plots in o8r
[Tue Apr 23 22:43:52 2024]: running...
[Tue Apr 23 22:43:52 2024]: running a time series
[Tue Apr 23 22:43:52 2024]: will run for 250 time units, 500 points
[Tue Apr 23 22:43:52 2024]: returning 12024 data bytes to client
[Tue Apr 23 22:43:52 2024]: run complete (0.005 s)
[Tue Apr 23 22:43:52 2024]: done running
[Tue Apr 23 22:43:52 2024]: returning (roughly) 1366 log bytes to client
[Tue Apr 23 22:44:08 2024]: link received run message, reading in 1744 bytes of o8r text
[Tue Apr 23 22:44:08 2024]: ignoring notes in o8r
[Tue Apr 23 22:44:08 2024]: ignoring plots in o8r
[Tue Apr 23 22:44:08 2024]: running...
[Tue Apr 23 22:44:08 2024]: running a time series
[Tue Apr 23 22:44:08 2024]: will run for 100 time units, 10000 points
[Tue Apr 23 22:44:08 2024]: returning 240024 data bytes to client
[Tue Apr 23 22:44:08 2024]: run complete (0.015 s)
[Tue Apr 23 22:44:08 2024]: done running
[Tue Apr 23 22:44:08 2024]: returning (roughly) 506 log bytes to client
[Tue Apr 23 22:44:22 2024]: link received run message, reading in 1822 bytes of o8r text
[Tue Apr 23 22:44:22 2024]: ignoring notes in o8r
[Tue Apr 23 22:44:22 2024]: ignoring plots in o8r
[Tue Apr 23 22:44:22 2024]: running...
[Tue Apr 23 22:44:22 2024]: running a one parameter bifurcation
[Tue Apr 23 22:44:22 2024]: ignoring xprops
[Tue Apr 23 22:44:22 2024]: solving for steady state
[Tue Apr 23 22:44:22 2024]: trying newton's method
[Tue Apr 23 22:44:22 2024]: try solving time series
[Tue Apr 23 22:44:22 2024]: reached stable steady state
[Tue Apr 23 22:44:22 2024]: continuing S
[Tue Apr 23 22:44:22 2024]: LibAUTO: starting thread
[Tue Apr 23 22:44:22 2024]: LibAUTO: thread started
[Tue Apr 23 22:44:22 2024]: LibAUTO run time: 0.07 s
[Tue Apr 23 22:44:22 2024]: LibAUTO: starting thread
[Tue Apr 23 22:44:22 2024]: LibAUTO: thread started
[Tue Apr 23 22:44:22 2024]: LibAUTO run time: 0.023 s
[Tue Apr 23 22:44:22 2024]: returning 11232 data bytes to client
[Tue Apr 23 22:44:22 2024]: S took 0.225 seconds (0.224 for actual continuation)
[Tue Apr 23 22:44:22 2024]: run complete (0.227 s)
[Tue Apr 23 22:44:22 2024]: done running
[Tue Apr 23 22:44:22 2024]: returning (roughly) 1144 log bytes to client
[Tue Apr 23 22:44:58 2024]: link received run message, reading in 1894 bytes of o8r text
[Tue Apr 23 22:44:58 2024]: ignoring notes in o8r
[Tue Apr 23 22:44:58 2024]: ignoring plots in o8r
[Tue Apr 23 22:44:58 2024]: running...
[Tue Apr 23 22:44:58 2024]: running a two parameter bifurcation
[Tue Apr 23 22:44:58 2024]: ignoring xprops
[Tue Apr 23 22:44:58 2024]: WARNING: don't know what to do with tag par, ignoring
[Tue Apr 23 22:44:58 2024]: starting at label 6
[Tue Apr 23 22:44:58 2024]: continuing...
S vs. kd_x[Tue Apr 23 22:44:58 2024]: LibAUTO: starting thread
[Tue Apr 23 22:44:58 2024]: LibAUTO: thread started
[Tue Apr 23 22:44:58 2024]: LibAUTO run time: 0.247 s
[Tue Apr 23 22:44:58 2024]: LibAUTO: starting thread
[Tue Apr 23 22:44:58 2024]: LibAUTO: thread started
[Tue Apr 23 22:44:58 2024]: LibAUTO run time: 0.325 s
[Tue Apr 23 22:44:58 2024]: returning 88000 data bytes to client
(0.675 seconds) 
[Tue Apr 23 22:44:58 2024]: run complete (0.676 s)
[Tue Apr 23 22:44:58 2024]: done running
[Tue Apr 23 22:44:58 2024]: returning (roughly) 1010 log bytes to client
[Tue Apr 23 22:45:44 2024]: link received run message, reading in 2675 bytes of o8r text
[Tue Apr 23 22:45:44 2024]: ignoring notes in o8r
[Tue Apr 23 22:45:44 2024]: ignoring plots in o8r
[Tue Apr 23 22:45:44 2024]: running...
[Tue Apr 23 22:45:44 2024]: running a two parameter bifurcation
[Tue Apr 23 22:45:44 2024]: ignoring xprops
[Tue Apr 23 22:45:44 2024]: WARNING: don't know what to do with tag par, ignoring
[Tue Apr 23 22:45:44 2024]: starting at label 6
[Tue Apr 23 22:45:44 2024]: continuing...
S vs. kd_x[Tue Apr 23 22:45:44 2024]: LibAUTO: starting thread
[Tue Apr 23 22:45:44 2024]: LibAUTO: thread started
[Tue Apr 23 22:45:44 2024]: LibAUTO run time: 0.223 s
[Tue Apr 23 22:45:44 2024]: LibAUTO: starting thread
[Tue Apr 23 22:45:44 2024]: LibAUTO: thread started
[Tue Apr 23 22:45:44 2024]: LibAUTO run time: 0.274 s
[Tue Apr 23 22:45:45 2024]: returning 88000 data bytes to client
(0.661 seconds) 
[Tue Apr 23 22:45:45 2024]: run complete (0.661 s)
[Tue Apr 23 22:45:45 2024]: done running
[Tue Apr 23 22:45:45 2024]: returning (roughly) 1010 log bytes to client
[Tue Apr 23 22:45:49 2024]: link received run message, reading in 2675 bytes of o8r text
[Tue Apr 23 22:45:49 2024]: ignoring notes in o8r
[Tue Apr 23 22:45:49 2024]: ignoring plots in o8r
[Tue Apr 23 22:45:49 2024]: running...
[Tue Apr 23 22:45:49 2024]: running a two parameter bifurcation
[Tue Apr 23 22:45:49 2024]: ignoring xprops
[Tue Apr 23 22:45:49 2024]: WARNING: don't know what to do with tag par, ignoring
[Tue Apr 23 22:45:49 2024]: starting at label 6
[Tue Apr 23 22:45:49 2024]: continuing...
S vs. kd_x[Tue Apr 23 22:45:49 2024]: LibAUTO: starting thread
[Tue Apr 23 22:45:49 2024]: LibAUTO: thread started
[Tue Apr 23 22:45:50 2024]: LibAUTO run time: 0.248 s
[Tue Apr 23 22:45:50 2024]: LibAUTO: starting thread
[Tue Apr 23 22:45:50 2024]: LibAUTO: thread started
[Tue Apr 23 22:45:50 2024]: LibAUTO run time: 0.265 s
[Tue Apr 23 22:45:50 2024]: returning 88000 data bytes to client
(0.659 seconds) 
[Tue Apr 23 22:45:50 2024]: run complete (0.659 s)
[Tue Apr 23 22:45:50 2024]: done running
[Tue Apr 23 22:45:50 2024]: returning (roughly) 1010 log bytes to client
[Tue Apr 23 22:55:00 2024]: link received quit message, exiting.
[Tue Apr 23 22:55:00 2024]: link outfifo: waiting for thread to finish...
[Tue Apr 23 22:55:00 2024]: o8core link run time: 726.34 s
[Tue Apr 23 22:55:00 2024]: link outfifo run time: 726.34 s
[Tue Apr 23 22:55:00 2024]: link outfifo: 527280 bytes in, 527280 bytes out
[Tue Apr 23 22:55:00 2024]: all done!
