
o8core, 2.0.11
author: Emery Conrad
build date: Jan 14 2011, 13:23:16

[Mon Apr 22 23:46:55 2024]: creating logfile o8core_113_23_46_55.log
[Mon Apr 22 23:46:55 2024]: initializing link on port 28472
[Mon Apr 22 23:46:55 2024]: initializing winsock library
[Mon Apr 22 23:46:55 2024]: link port is 28472
[Mon Apr 22 23:46:55 2024]: port 28472 is bound
[Mon Apr 22 23:46:55 2024]: listening on port 28472
[Mon Apr 22 23:46:55 2024]: link outfifo: starting thread
[Mon Apr 22 23:46:55 2024]: link outfifo: thread started
[Mon Apr 22 23:46:55 2024]: o8core link: starting thread
[Mon Apr 22 23:46:55 2024]: o8core link: thread started
[Mon Apr 22 23:46:56 2024]: accepted socket connection on port 36038
[Mon Apr 22 23:46:56 2024]: link received initialization message, reading in 399 bytes of model text
[Mon Apr 22 23:46:56 2024]: ignoring o8mi tag in model init
[Mon Apr 22 23:47:12 2024]: link received run message, reading in 1750 bytes of o8r text
[Mon Apr 22 23:47:12 2024]: ignoring notes in o8r
[Mon Apr 22 23:47:12 2024]: ignoring plots in o8r
[Mon Apr 22 23:47:12 2024]: running...
[Mon Apr 22 23:47:12 2024]: running a time series
[Mon Apr 22 23:47:12 2024]: will run for 500 time units, 100000 points
[Mon Apr 22 23:47:12 2024]: returning 2400024 data bytes to client
[Mon Apr 22 23:47:12 2024]: run complete (0.096 s)
[Mon Apr 22 23:47:12 2024]: done running
[Mon Apr 22 23:47:12 2024]: returning (roughly) 1371 log bytes to client
[Mon Apr 22 23:47:26 2024]: link received run message, reading in 1827 bytes of o8r text
[Mon Apr 22 23:47:26 2024]: ignoring notes in o8r
[Mon Apr 22 23:47:26 2024]: ignoring plots in o8r
[Mon Apr 22 23:47:26 2024]: running...
[Mon Apr 22 23:47:26 2024]: running a one parameter bifurcation
[Mon Apr 22 23:47:26 2024]: ignoring xprops
[Mon Apr 22 23:47:26 2024]: solving for steady state
[Mon Apr 22 23:47:26 2024]: trying newton's method
[Mon Apr 22 23:47:26 2024]: try solving time series
[Mon Apr 22 23:47:26 2024]: WARNING: time course run didn't find a stable steady state
[Mon Apr 22 23:47:26 2024]: trying newton's method again to hone in
[Mon Apr 22 23:47:26 2024]: continuing p
[Mon Apr 22 23:47:26 2024]: LibAUTO: starting thread
[Mon Apr 22 23:47:26 2024]: LibAUTO: thread started
[Mon Apr 22 23:47:26 2024]: LibAUTO run time: 0.015 s
[Mon Apr 22 23:47:26 2024]: LibAUTO: starting thread
[Mon Apr 22 23:47:26 2024]: LibAUTO: thread started
[Mon Apr 22 23:47:26 2024]: LibAUTO run time: 0.023 s
[Mon Apr 22 23:47:26 2024]: returning 4716 data bytes to client
[Mon Apr 22 23:47:26 2024]: p took 0.225 seconds (0.224 for actual continuation)
[Mon Apr 22 23:47:26 2024]: run complete (0.262 s)
[Mon Apr 22 23:47:26 2024]: done running
[Mon Apr 22 23:47:26 2024]: returning (roughly) 1243 log bytes to client
[Mon Apr 22 23:47:58 2024]: link received run message, reading in 1894 bytes of o8r text
[Mon Apr 22 23:47:58 2024]: ignoring notes in o8r
[Mon Apr 22 23:47:58 2024]: ignoring plots in o8r
[Mon Apr 22 23:47:58 2024]: running...
[Mon Apr 22 23:47:58 2024]: running a two parameter bifurcation
[Mon Apr 22 23:47:58 2024]: ignoring xprops
[Mon Apr 22 23:47:58 2024]: WARNING: don't know what to do with tag par, ignoring
[Mon Apr 22 23:47:58 2024]: starting at label 4
[Mon Apr 22 23:47:58 2024]: continuing...
p vs. Ki[Mon Apr 22 23:47:58 2024]: LibAUTO: starting thread
[Mon Apr 22 23:47:58 2024]: LibAUTO: thread started
[Mon Apr 22 23:47:58 2024]: LibAUTO run time: 0.065 s
[Mon Apr 22 23:47:58 2024]: LibAUTO: starting thread
[Mon Apr 22 23:47:58 2024]: LibAUTO: thread started
[Mon Apr 22 23:47:58 2024]: LibAUTO run time: 0.239 s
[Mon Apr 22 23:47:58 2024]: returning 54912 data bytes to client
(0.452 seconds) 
[Mon Apr 22 23:47:58 2024]: run complete (0.453 s)
[Mon Apr 22 23:47:58 2024]: done running
[Mon Apr 22 23:47:58 2024]: returning (roughly) 1008 log bytes to client
[Mon Apr 22 23:48:17 2024]: link received run message, reading in 2670 bytes of o8r text
[Mon Apr 22 23:48:17 2024]: ignoring notes in o8r
[Mon Apr 22 23:48:17 2024]: ignoring plots in o8r
[Mon Apr 22 23:48:17 2024]: running...
[Mon Apr 22 23:48:17 2024]: running a two parameter bifurcation
[Mon Apr 22 23:48:17 2024]: ignoring xprops
[Mon Apr 22 23:48:17 2024]: WARNING: don't know what to do with tag par, ignoring
[Mon Apr 22 23:48:17 2024]: starting at label 4
[Mon Apr 22 23:48:17 2024]: continuing...
p vs. Ki[Mon Apr 22 23:48:17 2024]: LibAUTO: starting thread
[Mon Apr 22 23:48:17 2024]: LibAUTO: thread started
[Mon Apr 22 23:48:17 2024]: LibAUTO run time: 0.076 s
[Mon Apr 22 23:48:17 2024]: LibAUTO: starting thread
[Mon Apr 22 23:48:17 2024]: LibAUTO: thread started
[Mon Apr 22 23:48:18 2024]: LibAUTO run time: 0.241 s
[Mon Apr 22 23:48:18 2024]: returning 54912 data bytes to client
(0.455 seconds) 
[Mon Apr 22 23:48:18 2024]: run complete (0.455 s)
[Mon Apr 22 23:48:18 2024]: done running
[Mon Apr 22 23:48:18 2024]: returning (roughly) 1008 log bytes to client
[Mon Apr 22 23:48:22 2024]: link received run message, reading in 2670 bytes of o8r text
[Mon Apr 22 23:48:22 2024]: ignoring notes in o8r
[Mon Apr 22 23:48:22 2024]: ignoring plots in o8r
[Mon Apr 22 23:48:22 2024]: running...
[Mon Apr 22 23:48:22 2024]: running a two parameter bifurcation
[Mon Apr 22 23:48:22 2024]: ignoring xprops
[Mon Apr 22 23:48:22 2024]: WARNING: don't know what to do with tag par, ignoring
[Mon Apr 22 23:48:22 2024]: starting at label 4
[Mon Apr 22 23:48:22 2024]: continuing...
p vs. Ki[Mon Apr 22 23:48:22 2024]: LibAUTO: starting thread
[Mon Apr 22 23:48:22 2024]: LibAUTO: thread started
[Mon Apr 22 23:48:22 2024]: LibAUTO run time: 0.07 s
[Mon Apr 22 23:48:22 2024]: LibAUTO: starting thread
[Mon Apr 22 23:48:22 2024]: LibAUTO: thread started
[Mon Apr 22 23:48:22 2024]: LibAUTO run time: 0.231 s
[Mon Apr 22 23:48:22 2024]: returning 54912 data bytes to client
(0.446 seconds) 
[Mon Apr 22 23:48:22 2024]: run complete (0.447 s)
[Mon Apr 22 23:48:22 2024]: done running
[Mon Apr 22 23:48:22 2024]: returning (roughly) 1007 log bytes to client
[Mon Apr 22 23:49:15 2024]: link received quit message, exiting.
[Mon Apr 22 23:49:15 2024]: link outfifo: waiting for thread to finish...
[Mon Apr 22 23:49:15 2024]: o8core link run time: 139.552 s
[Mon Apr 22 23:49:15 2024]: link outfifo run time: 139.553 s
[Mon Apr 22 23:49:15 2024]: link outfifo: 2569476 bytes in, 2569476 bytes out
[Mon Apr 22 23:49:15 2024]: all done!
