
o8core, 2.0.11
author: Emery Conrad
build date: Jan 14 2011, 13:23:16

[Tue Apr 23 19:37:34 2024]: creating logfile o8core_114_19_37_34.log
[Tue Apr 23 19:37:34 2024]: initializing link on port 28472
[Tue Apr 23 19:37:34 2024]: initializing winsock library
[Tue Apr 23 19:37:34 2024]: link port is 28472
[Tue Apr 23 19:37:34 2024]: port 28472 is bound
[Tue Apr 23 19:37:34 2024]: listening on port 28472
[Tue Apr 23 19:37:34 2024]: link outfifo: starting thread
[Tue Apr 23 19:37:34 2024]: link outfifo: thread started
[Tue Apr 23 19:37:34 2024]: o8core link: starting thread
[Tue Apr 23 19:37:34 2024]: o8core link: thread started
[Tue Apr 23 19:37:35 2024]: accepted socket connection on port 8683
[Tue Apr 23 19:37:35 2024]: link received initialization message, reading in 397 bytes of model text
[Tue Apr 23 19:37:35 2024]: ignoring o8mi tag in model init
[Tue Apr 23 19:38:04 2024]: link received run message, reading in 1749 bytes of o8r text
[Tue Apr 23 19:38:04 2024]: ignoring notes in o8r
[Tue Apr 23 19:38:04 2024]: ignoring plots in o8r
[Tue Apr 23 19:38:04 2024]: running...
[Tue Apr 23 19:38:04 2024]: running a time series
[Tue Apr 23 19:38:04 2024]: will run for 500 time units, 50000 points
[Tue Apr 23 19:38:05 2024]: returning 1200024 data bytes to client
[Tue Apr 23 19:38:05 2024]: run complete (0.055 s)
[Tue Apr 23 19:38:05 2024]: done running
[Tue Apr 23 19:38:05 2024]: returning (roughly) 1369 log bytes to client
[Tue Apr 23 19:38:36 2024]: link received run message, reading in 1827 bytes of o8r text
[Tue Apr 23 19:38:36 2024]: ignoring notes in o8r
[Tue Apr 23 19:38:36 2024]: ignoring plots in o8r
[Tue Apr 23 19:38:36 2024]: running...
[Tue Apr 23 19:38:36 2024]: running a one parameter bifurcation
[Tue Apr 23 19:38:36 2024]: ignoring xprops
[Tue Apr 23 19:38:36 2024]: solving for steady state
[Tue Apr 23 19:38:36 2024]: trying newton's method
[Tue Apr 23 19:38:36 2024]: try solving time series
[Tue Apr 23 19:38:36 2024]: WARNING: time course run didn't find a stable steady state
[Tue Apr 23 19:38:36 2024]: trying newton's method again to hone in
[Tue Apr 23 19:38:36 2024]: continuing S
[Tue Apr 23 19:38:36 2024]: LibAUTO: starting thread
[Tue Apr 23 19:38:36 2024]: LibAUTO: thread started
[Tue Apr 23 19:38:36 2024]: LibAUTO run time: 0.038 s
[Tue Apr 23 19:38:36 2024]: LibAUTO: starting thread
[Tue Apr 23 19:38:36 2024]: LibAUTO: thread started
[Tue Apr 23 19:38:36 2024]: LibAUTO run time: 0.064 s
[Tue Apr 23 19:38:36 2024]: returning 16668 data bytes to client
[Tue Apr 23 19:38:36 2024]: S took 0.237 seconds (0.236 for actual continuation)
[Tue Apr 23 19:38:36 2024]: run complete (0.282 s)
[Tue Apr 23 19:38:36 2024]: done running
[Tue Apr 23 19:38:36 2024]: returning (roughly) 1244 log bytes to client
[Tue Apr 23 19:39:51 2024]: link received run message, reading in 1895 bytes of o8r text
[Tue Apr 23 19:39:51 2024]: ignoring notes in o8r
[Tue Apr 23 19:39:51 2024]: ignoring plots in o8r
[Tue Apr 23 19:39:51 2024]: running...
[Tue Apr 23 19:39:51 2024]: running a two parameter bifurcation
[Tue Apr 23 19:39:51 2024]: ignoring xprops
[Tue Apr 23 19:39:51 2024]: WARNING: don't know what to do with tag par, ignoring
[Tue Apr 23 19:39:51 2024]: starting at label 4
[Tue Apr 23 19:39:51 2024]: continuing...
S vs. kd_x[Tue Apr 23 19:39:51 2024]: LibAUTO: starting thread
[Tue Apr 23 19:39:51 2024]: LibAUTO: thread started
[Tue Apr 23 19:39:52 2024]: LibAUTO run time: 0.246 s
[Tue Apr 23 19:39:52 2024]: LibAUTO: starting thread
[Tue Apr 23 19:39:52 2024]: LibAUTO: thread started
[Tue Apr 23 19:39:52 2024]: LibAUTO run time: 0.249 s
[Tue Apr 23 19:39:52 2024]: returning 88000 data bytes to client
(0.699 seconds) 
[Tue Apr 23 19:39:52 2024]: run complete (0.7 s)
[Tue Apr 23 19:39:52 2024]: done running
[Tue Apr 23 19:39:52 2024]: returning (roughly) 1008 log bytes to client
[Tue Apr 23 19:42:49 2024]: link received run message, reading in 1827 bytes of o8r text
[Tue Apr 23 19:42:49 2024]: ignoring notes in o8r
[Tue Apr 23 19:42:49 2024]: ignoring plots in o8r
[Tue Apr 23 19:42:49 2024]: running...
[Tue Apr 23 19:42:49 2024]: running a one parameter bifurcation
[Tue Apr 23 19:42:49 2024]: ignoring xprops
[Tue Apr 23 19:42:49 2024]: solving for steady state
[Tue Apr 23 19:42:49 2024]: trying newton's method
[Tue Apr 23 19:42:49 2024]: try solving time series
[Tue Apr 23 19:42:49 2024]: WARNING: time course run didn't find a stable steady state
[Tue Apr 23 19:42:49 2024]: trying newton's method again to hone in
[Tue Apr 23 19:42:49 2024]: continuing S
[Tue Apr 23 19:42:49 2024]: LibAUTO: starting thread
[Tue Apr 23 19:42:49 2024]: LibAUTO: thread started
[Tue Apr 23 19:42:49 2024]: LibAUTO run time: 0.003 s
[Tue Apr 23 19:42:49 2024]: LibAUTO: starting thread
[Tue Apr 23 19:42:49 2024]: LibAUTO: thread started
[Tue Apr 23 19:42:49 2024]: LibAUTO run time: 0.009 s
[Tue Apr 23 19:42:49 2024]: returning 72 data bytes to client
[Tue Apr 23 19:42:49 2024]: S took 0.217 seconds (0.217 for actual continuation)
[Tue Apr 23 19:42:49 2024]: run complete (0.262 s)
[Tue Apr 23 19:42:49 2024]: done running
[Tue Apr 23 19:42:49 2024]: returning (roughly) 1241 log bytes to client
[Tue Apr 23 19:44:16 2024]: link received run message, reading in 2676 bytes of o8r text
[Tue Apr 23 19:44:16 2024]: ignoring notes in o8r
[Tue Apr 23 19:44:16 2024]: ignoring plots in o8r
[Tue Apr 23 19:44:16 2024]: running...
[Tue Apr 23 19:44:16 2024]: running a two parameter bifurcation
[Tue Apr 23 19:44:16 2024]: ignoring xprops
[Tue Apr 23 19:44:16 2024]: WARNING: don't know what to do with tag par, ignoring
[Tue Apr 23 19:44:16 2024]: starting at label 4
[Tue Apr 23 19:44:16 2024]: continuing...
S vs. kd_x[Tue Apr 23 19:44:16 2024]: LibAUTO: starting thread
[Tue Apr 23 19:44:16 2024]: LibAUTO: thread started
[Tue Apr 23 19:44:16 2024]: LibAUTO run time: 0.244 s
[Tue Apr 23 19:44:16 2024]: LibAUTO: starting thread
[Tue Apr 23 19:44:16 2024]: LibAUTO: thread started
[Tue Apr 23 19:44:17 2024]: LibAUTO run time: 0.248 s
[Tue Apr 23 19:44:17 2024]: returning 88000 data bytes to client
(0.695 seconds) 
[Tue Apr 23 19:44:17 2024]: run complete (0.696 s)
[Tue Apr 23 19:44:17 2024]: done running
[Tue Apr 23 19:44:17 2024]: returning (roughly) 1010 log bytes to client
[Tue Apr 23 19:44:22 2024]: link received run message, reading in 2676 bytes of o8r text
[Tue Apr 23 19:44:22 2024]: ignoring notes in o8r
[Tue Apr 23 19:44:22 2024]: ignoring plots in o8r
[Tue Apr 23 19:44:22 2024]: running...
[Tue Apr 23 19:44:22 2024]: running a two parameter bifurcation
[Tue Apr 23 19:44:22 2024]: ignoring xprops
[Tue Apr 23 19:44:22 2024]: WARNING: don't know what to do with tag par, ignoring
[Tue Apr 23 19:44:22 2024]: starting at label 4
[Tue Apr 23 19:44:22 2024]: continuing...
S vs. kd_x[Tue Apr 23 19:44:22 2024]: LibAUTO: starting thread
[Tue Apr 23 19:44:22 2024]: LibAUTO: thread started
[Tue Apr 23 19:44:22 2024]: LibAUTO run time: 0.231 s
[Tue Apr 23 19:44:22 2024]: LibAUTO: starting thread
[Tue Apr 23 19:44:22 2024]: LibAUTO: thread started
[Tue Apr 23 19:44:22 2024]: LibAUTO run time: 0.251 s
[Tue Apr 23 19:44:22 2024]: returning 88000 data bytes to client
(0.708 seconds) 
[Tue Apr 23 19:44:22 2024]: run complete (0.708 s)
[Tue Apr 23 19:44:22 2024]: done running
[Tue Apr 23 19:44:22 2024]: returning (roughly) 1010 log bytes to client
[Tue Apr 23 19:44:40 2024]: link received quit message, exiting.
[Tue Apr 23 19:44:40 2024]: link outfifo: waiting for thread to finish...
[Tue Apr 23 19:44:40 2024]: o8core link run time: 426.103 s
[Tue Apr 23 19:44:40 2024]: link outfifo run time: 426.103 s
[Tue Apr 23 19:44:40 2024]: link outfifo: 1480764 bytes in, 1480764 bytes out
[Tue Apr 23 19:44:40 2024]: all done!
