
o8core, 2.0.11
author: Emery Conrad
build date: Jan 14 2011, 13:23:16

[Mon Apr 22 23:49:36 2024]: creating logfile o8core_113_23_49_36.log
[Mon Apr 22 23:49:36 2024]: initializing link on port 28472
[Mon Apr 22 23:49:36 2024]: initializing winsock library
[Mon Apr 22 23:49:36 2024]: link port is 28472
[Mon Apr 22 23:49:36 2024]: port 28472 is bound
[Mon Apr 22 23:49:36 2024]: listening on port 28472
[Mon Apr 22 23:49:36 2024]: link outfifo: starting thread
[Mon Apr 22 23:49:36 2024]: link outfifo: thread started
[Mon Apr 22 23:49:36 2024]: o8core link: starting thread
[Mon Apr 22 23:49:36 2024]: o8core link: thread started
[Mon Apr 22 23:49:36 2024]: accepted socket connection on port 47558
[Mon Apr 22 23:49:36 2024]: link received initialization message, reading in 397 bytes of model text
[Mon Apr 22 23:49:36 2024]: ignoring o8mi tag in model init
[Mon Apr 22 23:49:49 2024]: link received run message, reading in 1750 bytes of o8r text
[Mon Apr 22 23:49:49 2024]: ignoring notes in o8r
[Mon Apr 22 23:49:49 2024]: ignoring plots in o8r
[Mon Apr 22 23:49:49 2024]: running...
[Mon Apr 22 23:49:49 2024]: running a time series
[Mon Apr 22 23:49:49 2024]: will run for 500 time units, 100000 points
[Mon Apr 22 23:49:49 2024]: returning 2400024 data bytes to client
[Mon Apr 22 23:49:49 2024]: run complete (0.097 s)
[Mon Apr 22 23:49:49 2024]: done running
[Mon Apr 22 23:49:49 2024]: returning (roughly) 1371 log bytes to client
[Mon Apr 22 23:50:09 2024]: link received run message, reading in 1827 bytes of o8r text
[Mon Apr 22 23:50:09 2024]: ignoring notes in o8r
[Mon Apr 22 23:50:09 2024]: ignoring plots in o8r
[Mon Apr 22 23:50:09 2024]: running...
[Mon Apr 22 23:50:09 2024]: running a one parameter bifurcation
[Mon Apr 22 23:50:09 2024]: ignoring xprops
[Mon Apr 22 23:50:09 2024]: solving for steady state
[Mon Apr 22 23:50:09 2024]: trying newton's method
[Mon Apr 22 23:50:09 2024]: try solving time series
[Mon Apr 22 23:50:09 2024]: WARNING: time course run didn't find a stable steady state
[Mon Apr 22 23:50:09 2024]: trying newton's method again to hone in
[Mon Apr 22 23:50:09 2024]: continuing p
[Mon Apr 22 23:50:09 2024]: LibAUTO: starting thread
[Mon Apr 22 23:50:09 2024]: LibAUTO: thread started
[Mon Apr 22 23:50:09 2024]: LibAUTO run time: 0.017 s
[Mon Apr 22 23:50:09 2024]: LibAUTO: starting thread
[Mon Apr 22 23:50:09 2024]: LibAUTO: thread started
[Mon Apr 22 23:50:09 2024]: LibAUTO run time: 0.031 s
[Mon Apr 22 23:50:09 2024]: returning 8496 data bytes to client
[Mon Apr 22 23:50:09 2024]: p took 0.23 seconds (0.229 for actual continuation)
[Mon Apr 22 23:50:09 2024]: run complete (0.265 s)
[Mon Apr 22 23:50:09 2024]: done running
[Mon Apr 22 23:50:09 2024]: returning (roughly) 1242 log bytes to client
[Mon Apr 22 23:50:31 2024]: link received run message, reading in 1893 bytes of o8r text
[Mon Apr 22 23:50:31 2024]: ignoring notes in o8r
[Mon Apr 22 23:50:31 2024]: ignoring plots in o8r
[Mon Apr 22 23:50:31 2024]: running...
[Mon Apr 22 23:50:31 2024]: running a two parameter bifurcation
[Mon Apr 22 23:50:31 2024]: ignoring xprops
[Mon Apr 22 23:50:31 2024]: WARNING: don't know what to do with tag par, ignoring
[Mon Apr 22 23:50:31 2024]: starting at label 5
[Mon Apr 22 23:50:31 2024]: continuing...
p vs. Ki[Mon Apr 22 23:50:31 2024]: LibAUTO: starting thread
[Mon Apr 22 23:50:31 2024]: LibAUTO: thread started
[Mon Apr 22 23:50:31 2024]: LibAUTO run time: 0.063 s
[Mon Apr 22 23:50:31 2024]: LibAUTO: starting thread
[Mon Apr 22 23:50:31 2024]: LibAUTO: thread started
[Mon Apr 22 23:50:31 2024]: LibAUTO run time: 0.232 s
[Mon Apr 22 23:50:31 2024]: returning 54384 data bytes to client
(0.452 seconds) 
[Mon Apr 22 23:50:31 2024]: run complete (0.453 s)
[Mon Apr 22 23:50:31 2024]: done running
[Mon Apr 22 23:50:31 2024]: returning (roughly) 1008 log bytes to client
[Mon Apr 22 23:55:30 2024]: link received run message, reading in 1790 bytes of o8r text
[Mon Apr 22 23:55:30 2024]: ignoring notes in o8r
[Mon Apr 22 23:55:30 2024]: ignoring plots in o8r
[Mon Apr 22 23:55:30 2024]: running...
[Mon Apr 22 23:55:30 2024]: running limit cycle continuation
[Mon Apr 22 23:55:30 2024]: running for par=p, label=5
[Mon Apr 22 23:55:30 2024]: LibAUTO: starting thread
[Mon Apr 22 23:55:30 2024]: LibAUTO: thread started
[Mon Apr 22 23:55:30 2024]: LibAUTO run time: 0.164 s
[Mon Apr 22 23:55:30 2024]: returning 4860 data bytes to client
(0.287 seconds) 
[Mon Apr 22 23:55:30 2024]: run complete (0.287 s)
[Mon Apr 22 23:55:30 2024]: done running
[Mon Apr 22 23:55:30 2024]: returning (roughly) 676 log bytes to client
[Mon Apr 22 23:55:35 2024]: link received run message, reading in 2747 bytes of o8r text
[Mon Apr 22 23:55:35 2024]: ignoring notes in o8r
[Mon Apr 22 23:55:35 2024]: ignoring plots in o8r
[Mon Apr 22 23:55:35 2024]: running...
[Mon Apr 22 23:55:35 2024]: running limit cycle continuation
[Mon Apr 22 23:55:35 2024]: running for par=p, label=5
[Mon Apr 22 23:55:35 2024]: LibAUTO: starting thread
[Mon Apr 22 23:55:35 2024]: LibAUTO: thread started
[Mon Apr 22 23:55:35 2024]: LibAUTO run time: 0.177 s
[Mon Apr 22 23:55:35 2024]: returning 8700 data bytes to client
(0.231 seconds) 
[Mon Apr 22 23:55:35 2024]: run complete (0.232 s)
[Mon Apr 22 23:55:35 2024]: done running
[Mon Apr 22 23:55:35 2024]: returning (roughly) 676 log bytes to client
[Mon Apr 22 23:55:38 2024]: link received run message, reading in 2726 bytes of o8r text
[Mon Apr 22 23:55:38 2024]: ignoring notes in o8r
[Mon Apr 22 23:55:38 2024]: ignoring plots in o8r
[Mon Apr 22 23:55:38 2024]: running...
[Mon Apr 22 23:55:38 2024]: running limit cycle continuation
[Mon Apr 22 23:55:38 2024]: running for par=p, label=5
[Mon Apr 22 23:55:38 2024]: LibAUTO: starting thread
[Mon Apr 22 23:55:38 2024]: LibAUTO: thread started
[Mon Apr 22 23:55:38 2024]: LibAUTO run time: 0.032 s
[Mon Apr 22 23:55:38 2024]: returning 780 data bytes to client
(0.123 seconds) 
[Mon Apr 22 23:55:38 2024]: run complete (0.123 s)
[Mon Apr 22 23:55:38 2024]: done running
[Mon Apr 22 23:55:38 2024]: returning (roughly) 675 log bytes to client
[Mon Apr 22 23:55:41 2024]: link received run message, reading in 2726 bytes of o8r text
[Mon Apr 22 23:55:41 2024]: ignoring notes in o8r
[Mon Apr 22 23:55:41 2024]: ignoring plots in o8r
[Mon Apr 22 23:55:41 2024]: running...
[Mon Apr 22 23:55:41 2024]: running limit cycle continuation
[Mon Apr 22 23:55:41 2024]: running for par=p, label=5
[Mon Apr 22 23:55:41 2024]: LibAUTO: starting thread
[Mon Apr 22 23:55:41 2024]: LibAUTO: thread started
[Mon Apr 22 23:55:42 2024]: LibAUTO run time: 0.111 s
[Mon Apr 22 23:55:42 2024]: returning 3300 data bytes to client
(0.237 seconds) 
[Mon Apr 22 23:55:42 2024]: run complete (0.237 s)
[Mon Apr 22 23:55:42 2024]: done running
[Mon Apr 22 23:55:42 2024]: returning (roughly) 676 log bytes to client
[Mon Apr 22 23:55:45 2024]: link received run message, reading in 2726 bytes of o8r text
[Mon Apr 22 23:55:45 2024]: ignoring notes in o8r
[Mon Apr 22 23:55:45 2024]: ignoring plots in o8r
[Mon Apr 22 23:55:45 2024]: running...
[Mon Apr 22 23:55:45 2024]: running limit cycle continuation
[Mon Apr 22 23:55:45 2024]: running for par=p, label=5
[Mon Apr 22 23:55:45 2024]: LibAUTO: starting thread
[Mon Apr 22 23:55:45 2024]: LibAUTO: thread started
[Mon Apr 22 23:55:45 2024]: LibAUTO run time: 0.036 s
[Mon Apr 22 23:55:45 2024]: returning 720 data bytes to client
(0.115 seconds) 
[Mon Apr 22 23:55:45 2024]: run complete (0.115 s)
[Mon Apr 22 23:55:45 2024]: done running
[Mon Apr 22 23:55:45 2024]: returning (roughly) 675 log bytes to client
[Mon Apr 22 23:55:50 2024]: link received run message, reading in 2726 bytes of o8r text
[Mon Apr 22 23:55:50 2024]: ignoring notes in o8r
[Mon Apr 22 23:55:50 2024]: ignoring plots in o8r
[Mon Apr 22 23:55:50 2024]: running...
[Mon Apr 22 23:55:50 2024]: running limit cycle continuation
[Mon Apr 22 23:55:50 2024]: running for par=p, label=5
[Mon Apr 22 23:55:50 2024]: LibAUTO: starting thread
[Mon Apr 22 23:55:50 2024]: LibAUTO: thread started
[Mon Apr 22 23:55:50 2024]: LibAUTO run time: 0.044 s
[Mon Apr 22 23:55:50 2024]: returning 660 data bytes to client
(0.107 seconds) 
[Mon Apr 22 23:55:50 2024]: run complete (0.107 s)
[Mon Apr 22 23:55:50 2024]: done running
[Mon Apr 22 23:55:50 2024]: returning (roughly) 675 log bytes to client
[Mon Apr 22 23:55:53 2024]: link received run message, reading in 2726 bytes of o8r text
[Mon Apr 22 23:55:53 2024]: ignoring notes in o8r
[Mon Apr 22 23:55:53 2024]: ignoring plots in o8r
[Mon Apr 22 23:55:53 2024]: running...
[Mon Apr 22 23:55:53 2024]: running limit cycle continuation
[Mon Apr 22 23:55:53 2024]: running for par=p, label=5
[Mon Apr 22 23:55:53 2024]: LibAUTO: starting thread
[Mon Apr 22 23:55:53 2024]: LibAUTO: thread started
[Mon Apr 22 23:55:53 2024]: LibAUTO run time: 0.011 s
[Mon Apr 22 23:55:53 2024]: returning 240 data bytes to client
(0.114 seconds) 
[Mon Apr 22 23:55:53 2024]: run complete (0.115 s)
[Mon Apr 22 23:55:53 2024]: done running
[Mon Apr 22 23:55:53 2024]: returning (roughly) 675 log bytes to client
[Mon Apr 22 23:56:17 2024]: link received run message, reading in 1826 bytes of o8r text
[Mon Apr 22 23:56:17 2024]: ignoring notes in o8r
[Mon Apr 22 23:56:17 2024]: ignoring plots in o8r
[Mon Apr 22 23:56:17 2024]: running...
[Mon Apr 22 23:56:17 2024]: running a one parameter bifurcation
[Mon Apr 22 23:56:17 2024]: ignoring xprops
[Mon Apr 22 23:56:17 2024]: solving for steady state
[Mon Apr 22 23:56:17 2024]: trying newton's method
[Mon Apr 22 23:56:17 2024]: try solving time series
[Mon Apr 22 23:56:17 2024]: WARNING: time course run didn't find a stable steady state
[Mon Apr 22 23:56:17 2024]: trying newton's method again to hone in
[Mon Apr 22 23:56:17 2024]: continuing S
[Mon Apr 22 23:56:17 2024]: LibAUTO: starting thread
[Mon Apr 22 23:56:17 2024]: LibAUTO: thread started
[Mon Apr 22 23:56:17 2024]: LibAUTO run time: 0.026 s
[Mon Apr 22 23:56:17 2024]: LibAUTO: starting thread
[Mon Apr 22 23:56:17 2024]: LibAUTO: thread started
[Mon Apr 22 23:56:17 2024]: LibAUTO run time: 0.053 s
[Mon Apr 22 23:56:17 2024]: returning 14328 data bytes to client
[Mon Apr 22 23:56:17 2024]: S took 0.225 seconds (0.225 for actual continuation)
[Mon Apr 22 23:56:17 2024]: run complete (0.265 s)
[Mon Apr 22 23:56:17 2024]: done running
[Mon Apr 22 23:56:17 2024]: returning (roughly) 1244 log bytes to client
[Mon Apr 22 23:56:26 2024]: link received run message, reading in 1789 bytes of o8r text
[Mon Apr 22 23:56:26 2024]: ignoring notes in o8r
[Mon Apr 22 23:56:26 2024]: ignoring plots in o8r
[Mon Apr 22 23:56:26 2024]: running...
[Mon Apr 22 23:56:26 2024]: running limit cycle continuation
[Mon Apr 22 23:56:26 2024]: running for par=S, label=4
[Mon Apr 22 23:56:26 2024]: LibAUTO: starting thread
[Mon Apr 22 23:56:26 2024]: LibAUTO: thread started
[Mon Apr 22 23:56:26 2024]: LibAUTO run time: 0.187 s
[Mon Apr 22 23:56:26 2024]: returning 6360 data bytes to client
(0.264 seconds) 
[Mon Apr 22 23:56:26 2024]: run complete (0.265 s)
[Mon Apr 22 23:56:26 2024]: done running
[Mon Apr 22 23:56:26 2024]: returning (roughly) 676 log bytes to client
[Mon Apr 22 23:56:30 2024]: link received run message, reading in 2746 bytes of o8r text
[Mon Apr 22 23:56:30 2024]: ignoring notes in o8r
[Mon Apr 22 23:56:30 2024]: ignoring plots in o8r
[Mon Apr 22 23:56:30 2024]: running...
[Mon Apr 22 23:56:30 2024]: running limit cycle continuation
[Mon Apr 22 23:56:30 2024]: running for par=S, label=4
[Mon Apr 22 23:56:30 2024]: LibAUTO: starting thread
[Mon Apr 22 23:56:30 2024]: LibAUTO: thread started
[Mon Apr 22 23:56:31 2024]: LibAUTO run time: 1.098 s
[Mon Apr 22 23:56:31 2024]: returning 60000 data bytes to client
(1.174 seconds) 
[Mon Apr 22 23:56:31 2024]: run complete (1.174 s)
[Mon Apr 22 23:56:31 2024]: done running
[Mon Apr 22 23:56:31 2024]: returning (roughly) 677 log bytes to client
[Mon Apr 22 23:56:44 2024]: link received run message, reading in 2717 bytes of o8r text
[Mon Apr 22 23:56:44 2024]: ignoring notes in o8r
[Mon Apr 22 23:56:44 2024]: ignoring plots in o8r
[Mon Apr 22 23:56:44 2024]: running...
[Mon Apr 22 23:56:44 2024]: running limit cycle continuation
[Mon Apr 22 23:56:44 2024]: running for par=S, label=4
[Mon Apr 22 23:56:44 2024]: LibAUTO: starting thread
[Mon Apr 22 23:56:44 2024]: LibAUTO: thread started
[Mon Apr 22 23:56:44 2024]: LibAUTO run time: 0.013 s
[Mon Apr 22 23:56:44 2024]: returning 240 data bytes to client
(0.121 seconds) 
[Mon Apr 22 23:56:44 2024]: run complete (0.122 s)
[Mon Apr 22 23:56:44 2024]: done running
[Mon Apr 22 23:56:44 2024]: returning (roughly) 675 log bytes to client
[Mon Apr 22 23:56:48 2024]: link received run message, reading in 2717 bytes of o8r text
[Mon Apr 22 23:56:48 2024]: ignoring notes in o8r
[Mon Apr 22 23:56:48 2024]: ignoring plots in o8r
[Mon Apr 22 23:56:48 2024]: running...
[Mon Apr 22 23:56:48 2024]: running limit cycle continuation
[Mon Apr 22 23:56:48 2024]: running for par=S, label=4
[Mon Apr 22 23:56:48 2024]: LibAUTO: starting thread
[Mon Apr 22 23:56:48 2024]: LibAUTO: thread started
[Mon Apr 22 23:56:48 2024]: LibAUTO run time: 0.012 s
[Mon Apr 22 23:56:48 2024]: returning 180 data bytes to client
(0.115 seconds) 
[Mon Apr 22 23:56:48 2024]: run complete (0.115 s)
[Mon Apr 22 23:56:48 2024]: done running
[Mon Apr 22 23:56:48 2024]: returning (roughly) 675 log bytes to client
[Mon Apr 22 23:56:51 2024]: link received run message, reading in 2717 bytes of o8r text
[Mon Apr 22 23:56:51 2024]: ignoring notes in o8r
[Mon Apr 22 23:56:51 2024]: ignoring plots in o8r
[Mon Apr 22 23:56:51 2024]: running...
[Mon Apr 22 23:56:51 2024]: running limit cycle continuation
[Mon Apr 22 23:56:51 2024]: running for par=S, label=4
[Mon Apr 22 23:56:51 2024]: LibAUTO: starting thread
[Mon Apr 22 23:56:51 2024]: LibAUTO: thread started
[Mon Apr 22 23:56:51 2024]: LibAUTO run time: 0.041 s
[Mon Apr 22 23:56:51 2024]: returning 240 data bytes to client
(0.113 seconds) 
[Mon Apr 22 23:56:51 2024]: run complete (0.115 s)
[Mon Apr 22 23:56:51 2024]: done running
[Mon Apr 22 23:56:51 2024]: returning (roughly) 675 log bytes to client
[Mon Apr 22 23:57:07 2024]: link received run message, reading in 2717 bytes of o8r text
[Mon Apr 22 23:57:07 2024]: ignoring notes in o8r
[Mon Apr 22 23:57:07 2024]: ignoring plots in o8r
[Mon Apr 22 23:57:07 2024]: running...
[Mon Apr 22 23:57:07 2024]: running limit cycle continuation
[Mon Apr 22 23:57:07 2024]: running for par=S, label=4
[Mon Apr 22 23:57:07 2024]: LibAUTO: starting thread
[Mon Apr 22 23:57:07 2024]: LibAUTO: thread started
[Mon Apr 22 23:57:07 2024]: LibAUTO run time: 0.015 s
[Mon Apr 22 23:57:07 2024]: returning 240 data bytes to client
(0.119 seconds) 
[Mon Apr 22 23:57:07 2024]: run complete (0.12 s)
[Mon Apr 22 23:57:07 2024]: done running
[Mon Apr 22 23:57:07 2024]: returning (roughly) 674 log bytes to client
[Mon Apr 22 23:57:57 2024]: link received run message, reading in 1789 bytes of o8r text
[Mon Apr 22 23:57:57 2024]: ignoring notes in o8r
[Mon Apr 22 23:57:57 2024]: ignoring plots in o8r
[Mon Apr 22 23:57:57 2024]: running...
[Mon Apr 22 23:57:57 2024]: running limit cycle continuation
[Mon Apr 22 23:57:57 2024]: running for par=S, label=4
[Mon Apr 22 23:57:57 2024]: LibAUTO: starting thread
[Mon Apr 22 23:57:57 2024]: LibAUTO: thread started
[Mon Apr 22 23:57:57 2024]: LibAUTO run time: 0.041 s
[Mon Apr 22 23:57:57 2024]: returning 300 data bytes to client
(0.118 seconds) 
[Mon Apr 22 23:57:57 2024]: run complete (0.119 s)
[Mon Apr 22 23:57:57 2024]: done running
[Mon Apr 22 23:57:57 2024]: returning (roughly) 675 log bytes to client
[Mon Apr 22 23:58:00 2024]: link received run message, reading in 2732 bytes of o8r text
[Mon Apr 22 23:58:00 2024]: ignoring notes in o8r
[Mon Apr 22 23:58:00 2024]: ignoring plots in o8r
[Mon Apr 22 23:58:00 2024]: running...
[Mon Apr 22 23:58:00 2024]: running limit cycle continuation
[Mon Apr 22 23:58:00 2024]: running for par=S, label=4
[Mon Apr 22 23:58:00 2024]: LibAUTO: starting thread
[Mon Apr 22 23:58:00 2024]: LibAUTO: thread started
[Mon Apr 22 23:58:01 2024]: LibAUTO run time: 1.078 s
[Mon Apr 22 23:58:01 2024]: returning 60000 data bytes to client
(1.143 seconds) 
[Mon Apr 22 23:58:01 2024]: run complete (1.144 s)
[Mon Apr 22 23:58:01 2024]: done running
[Mon Apr 22 23:58:01 2024]: returning (roughly) 677 log bytes to client
[Mon Apr 22 23:58:12 2024]: link received run message, reading in 2729 bytes of o8r text
[Mon Apr 22 23:58:12 2024]: ignoring notes in o8r
[Mon Apr 22 23:58:12 2024]: ignoring plots in o8r
[Mon Apr 22 23:58:12 2024]: running...
[Mon Apr 22 23:58:12 2024]: running limit cycle continuation
[Mon Apr 22 23:58:12 2024]: running for par=S, label=4
[Mon Apr 22 23:58:12 2024]: LibAUTO: starting thread
[Mon Apr 22 23:58:12 2024]: LibAUTO: thread started
[Mon Apr 22 23:58:12 2024]: LibAUTO run time: 0.025 s
[Mon Apr 22 23:58:12 2024]: returning 840 data bytes to client
(0.114 seconds) 
[Mon Apr 22 23:58:12 2024]: run complete (0.115 s)
[Mon Apr 22 23:58:12 2024]: done running
[Mon Apr 22 23:58:12 2024]: returning (roughly) 675 log bytes to client
[Mon Apr 22 23:58:20 2024]: link received run message, reading in 2741 bytes of o8r text
[Mon Apr 22 23:58:20 2024]: ignoring notes in o8r
[Mon Apr 22 23:58:20 2024]: ignoring plots in o8r
[Mon Apr 22 23:58:20 2024]: running...
[Mon Apr 22 23:58:20 2024]: running limit cycle continuation
[Mon Apr 22 23:58:20 2024]: running for par=S, label=4
[Mon Apr 22 23:58:20 2024]: LibAUTO: starting thread
[Mon Apr 22 23:58:20 2024]: LibAUTO: thread started
[Mon Apr 22 23:58:20 2024]: LibAUTO run time: 0.021 s
[Mon Apr 22 23:58:20 2024]: returning 540 data bytes to client
(0.124 seconds) 
[Mon Apr 22 23:58:20 2024]: run complete (0.125 s)
[Mon Apr 22 23:58:20 2024]: done running
[Mon Apr 22 23:58:20 2024]: returning (roughly) 675 log bytes to client
[Mon Apr 22 23:58:23 2024]: link received run message, reading in 2741 bytes of o8r text
[Mon Apr 22 23:58:23 2024]: ignoring notes in o8r
[Mon Apr 22 23:58:23 2024]: ignoring plots in o8r
[Mon Apr 22 23:58:23 2024]: running...
[Mon Apr 22 23:58:23 2024]: running limit cycle continuation
[Mon Apr 22 23:58:23 2024]: running for par=S, label=4
[Mon Apr 22 23:58:23 2024]: LibAUTO: starting thread
[Mon Apr 22 23:58:23 2024]: LibAUTO: thread started
[Mon Apr 22 23:58:23 2024]: LibAUTO run time: 0.012 s
[Mon Apr 22 23:58:23 2024]: returning 240 data bytes to client
(0.114 seconds) 
[Mon Apr 22 23:58:23 2024]: run complete (0.115 s)
[Mon Apr 22 23:58:23 2024]: done running
[Mon Apr 22 23:58:23 2024]: returning (roughly) 675 log bytes to client
[Mon Apr 22 23:58:26 2024]: link received run message, reading in 2741 bytes of o8r text
[Mon Apr 22 23:58:26 2024]: ignoring notes in o8r
[Mon Apr 22 23:58:26 2024]: ignoring plots in o8r
[Mon Apr 22 23:58:26 2024]: running...
[Mon Apr 22 23:58:26 2024]: running limit cycle continuation
[Mon Apr 22 23:58:26 2024]: running for par=S, label=4
[Mon Apr 22 23:58:26 2024]: LibAUTO: starting thread
[Mon Apr 22 23:58:26 2024]: LibAUTO: thread started
[Mon Apr 22 23:58:26 2024]: LibAUTO run time: 0.019 s
[Mon Apr 22 23:58:26 2024]: returning 480 data bytes to client
(0.123 seconds) 
[Mon Apr 22 23:58:26 2024]: run complete (0.123 s)
[Mon Apr 22 23:58:26 2024]: done running
[Mon Apr 22 23:58:26 2024]: returning (roughly) 675 log bytes to client
[Mon Apr 22 23:58:29 2024]: link received run message, reading in 2743 bytes of o8r text
[Mon Apr 22 23:58:29 2024]: ignoring notes in o8r
[Mon Apr 22 23:58:29 2024]: ignoring plots in o8r
[Mon Apr 22 23:58:29 2024]: running...
[Mon Apr 22 23:58:29 2024]: running limit cycle continuation
[Mon Apr 22 23:58:29 2024]: running for par=S, label=4
[Mon Apr 22 23:58:29 2024]: LibAUTO: starting thread
[Mon Apr 22 23:58:29 2024]: LibAUTO: thread started
[Mon Apr 22 23:58:29 2024]: LibAUTO run time: 0.016 s
[Mon Apr 22 23:58:29 2024]: returning 300 data bytes to client
(0.116 seconds) 
[Mon Apr 22 23:58:29 2024]: run complete (0.116 s)
[Mon Apr 22 23:58:29 2024]: done running
[Mon Apr 22 23:58:29 2024]: returning (roughly) 675 log bytes to client
[Mon Apr 22 23:58:32 2024]: link received run message, reading in 2744 bytes of o8r text
[Mon Apr 22 23:58:32 2024]: ignoring notes in o8r
[Mon Apr 22 23:58:32 2024]: ignoring plots in o8r
[Mon Apr 22 23:58:32 2024]: running...
[Mon Apr 22 23:58:32 2024]: running limit cycle continuation
[Mon Apr 22 23:58:32 2024]: running for par=S, label=4
[Mon Apr 22 23:58:32 2024]: LibAUTO: starting thread
[Mon Apr 22 23:58:32 2024]: LibAUTO: thread started
[Mon Apr 22 23:58:32 2024]: LibAUTO run time: 0.014 s
[Mon Apr 22 23:58:32 2024]: returning 240 data bytes to client
(0.11 seconds) 
[Mon Apr 22 23:58:32 2024]: run complete (0.111 s)
[Mon Apr 22 23:58:32 2024]: done running
[Mon Apr 22 23:58:32 2024]: returning (roughly) 674 log bytes to client
[Mon Apr 22 23:58:35 2024]: link received run message, reading in 2742 bytes of o8r text
[Mon Apr 22 23:58:35 2024]: ignoring notes in o8r
[Mon Apr 22 23:58:35 2024]: ignoring plots in o8r
[Mon Apr 22 23:58:35 2024]: running...
[Mon Apr 22 23:58:35 2024]: running limit cycle continuation
[Mon Apr 22 23:58:35 2024]: running for par=S, label=4
[Mon Apr 22 23:58:35 2024]: LibAUTO: starting thread
[Mon Apr 22 23:58:35 2024]: LibAUTO: thread started
[Mon Apr 22 23:58:36 2024]: LibAUTO run time: 1.037 s
[Mon Apr 22 23:58:36 2024]: returning 60000 data bytes to client
(1.149 seconds) 
[Mon Apr 22 23:58:36 2024]: run complete (1.15 s)
[Mon Apr 22 23:58:36 2024]: done running
[Mon Apr 22 23:58:36 2024]: returning (roughly) 676 log bytes to client
[Tue Apr 23 00:00:07 2024]: link received run message, reading in 2727 bytes of o8r text
[Tue Apr 23 00:00:07 2024]: ignoring notes in o8r
[Tue Apr 23 00:00:07 2024]: ignoring plots in o8r
[Tue Apr 23 00:00:07 2024]: running...
[Tue Apr 23 00:00:07 2024]: running limit cycle continuation
[Tue Apr 23 00:00:07 2024]: running for par=S, label=4
[Tue Apr 23 00:00:07 2024]: LibAUTO: starting thread
[Tue Apr 23 00:00:07 2024]: LibAUTO: thread started
[Tue Apr 23 00:00:07 2024]: LibAUTO run time: 0.015 s
[Tue Apr 23 00:00:07 2024]: returning 300 data bytes to client
(0.122 seconds) 
[Tue Apr 23 00:00:07 2024]: run complete (0.122 s)
[Tue Apr 23 00:00:07 2024]: done running
[Tue Apr 23 00:00:07 2024]: returning (roughly) 675 log bytes to client
[Tue Apr 23 00:00:29 2024]: link received run message, reading in 1825 bytes of o8r text
[Tue Apr 23 00:00:29 2024]: ignoring notes in o8r
[Tue Apr 23 00:00:29 2024]: ignoring plots in o8r
[Tue Apr 23 00:00:29 2024]: running...
[Tue Apr 23 00:00:29 2024]: running a one parameter bifurcation
[Tue Apr 23 00:00:29 2024]: ignoring xprops
[Tue Apr 23 00:00:29 2024]: solving for steady state
[Tue Apr 23 00:00:29 2024]: trying newton's method
[Tue Apr 23 00:00:29 2024]: try solving time series
[Tue Apr 23 00:00:29 2024]: WARNING: time course run didn't find a stable steady state
[Tue Apr 23 00:00:29 2024]: trying newton's method again to hone in
[Tue Apr 23 00:00:29 2024]: continuing S
[Tue Apr 23 00:00:29 2024]: LibAUTO: starting thread
[Tue Apr 23 00:00:29 2024]: LibAUTO: thread started
[Tue Apr 23 00:00:29 2024]: LibAUTO run time: 0.027 s
[Tue Apr 23 00:00:29 2024]: LibAUTO: starting thread
[Tue Apr 23 00:00:29 2024]: LibAUTO: thread started
[Tue Apr 23 00:00:29 2024]: LibAUTO run time: 0.049 s
[Tue Apr 23 00:00:29 2024]: returning 14328 data bytes to client
[Tue Apr 23 00:00:29 2024]: S took 0.224 seconds (0.224 for actual continuation)
[Tue Apr 23 00:00:29 2024]: run complete (0.263 s)
[Tue Apr 23 00:00:29 2024]: done running
[Tue Apr 23 00:00:29 2024]: returning (roughly) 1244 log bytes to client
[Tue Apr 23 00:00:51 2024]: link received run message, reading in 1788 bytes of o8r text
[Tue Apr 23 00:00:51 2024]: ignoring notes in o8r
[Tue Apr 23 00:00:51 2024]: ignoring plots in o8r
[Tue Apr 23 00:00:51 2024]: running...
[Tue Apr 23 00:00:51 2024]: running limit cycle continuation
[Tue Apr 23 00:00:51 2024]: running for par=S, label=4
[Tue Apr 23 00:00:51 2024]: LibAUTO: starting thread
[Tue Apr 23 00:00:51 2024]: LibAUTO: thread started
[Tue Apr 23 00:00:51 2024]: LibAUTO run time: 0.04 s
[Tue Apr 23 00:00:52 2024]: returning 240 data bytes to client
(0.116 seconds) 
[Tue Apr 23 00:00:52 2024]: run complete (0.117 s)
[Tue Apr 23 00:00:52 2024]: done running
[Tue Apr 23 00:00:52 2024]: returning (roughly) 674 log bytes to client
[Tue Apr 23 00:00:57 2024]: link received run message, reading in 2740 bytes of o8r text
[Tue Apr 23 00:00:57 2024]: ignoring notes in o8r
[Tue Apr 23 00:00:57 2024]: ignoring plots in o8r
[Tue Apr 23 00:00:57 2024]: running...
[Tue Apr 23 00:00:57 2024]: running limit cycle continuation
[Tue Apr 23 00:00:57 2024]: running for par=S, label=4
[Tue Apr 23 00:00:57 2024]: LibAUTO: starting thread
[Tue Apr 23 00:00:57 2024]: LibAUTO: thread started
[Tue Apr 23 00:00:57 2024]: LibAUTO run time: 0.016 s
[Tue Apr 23 00:00:57 2024]: returning 300 data bytes to client
(0.125 seconds) 
[Tue Apr 23 00:00:57 2024]: run complete (0.126 s)
[Tue Apr 23 00:00:57 2024]: done running
[Tue Apr 23 00:00:57 2024]: returning (roughly) 675 log bytes to client
[Tue Apr 23 00:01:00 2024]: link received run message, reading in 2740 bytes of o8r text
[Tue Apr 23 00:01:00 2024]: ignoring notes in o8r
[Tue Apr 23 00:01:00 2024]: ignoring plots in o8r
[Tue Apr 23 00:01:00 2024]: running...
[Tue Apr 23 00:01:00 2024]: running limit cycle continuation
[Tue Apr 23 00:01:00 2024]: running for par=S, label=4
[Tue Apr 23 00:01:00 2024]: LibAUTO: starting thread
[Tue Apr 23 00:01:00 2024]: LibAUTO: thread started
[Tue Apr 23 00:01:00 2024]: LibAUTO run time: 0.022 s
[Tue Apr 23 00:01:00 2024]: returning 660 data bytes to client
(0.123 seconds) 
[Tue Apr 23 00:01:00 2024]: run complete (0.124 s)
[Tue Apr 23 00:01:00 2024]: done running
[Tue Apr 23 00:01:00 2024]: returning (roughly) 675 log bytes to client
[Tue Apr 23 00:01:02 2024]: link received run message, reading in 2740 bytes of o8r text
[Tue Apr 23 00:01:02 2024]: ignoring notes in o8r
[Tue Apr 23 00:01:02 2024]: ignoring plots in o8r
[Tue Apr 23 00:01:02 2024]: running...
[Tue Apr 23 00:01:02 2024]: running limit cycle continuation
[Tue Apr 23 00:01:02 2024]: running for par=S, label=4
[Tue Apr 23 00:01:02 2024]: LibAUTO: starting thread
[Tue Apr 23 00:01:02 2024]: LibAUTO: thread started
[Tue Apr 23 00:01:02 2024]: LibAUTO run time: 0.024 s
[Tue Apr 23 00:01:03 2024]: returning 660 data bytes to client
(0.126 seconds) 
[Tue Apr 23 00:01:03 2024]: run complete (0.127 s)
[Tue Apr 23 00:01:03 2024]: done running
[Tue Apr 23 00:01:03 2024]: returning (roughly) 675 log bytes to client
[Tue Apr 23 00:01:05 2024]: link received run message, reading in 2740 bytes of o8r text
[Tue Apr 23 00:01:05 2024]: ignoring notes in o8r
[Tue Apr 23 00:01:05 2024]: ignoring plots in o8r
[Tue Apr 23 00:01:05 2024]: running...
[Tue Apr 23 00:01:05 2024]: running limit cycle continuation
[Tue Apr 23 00:01:05 2024]: running for par=S, label=4
[Tue Apr 23 00:01:05 2024]: LibAUTO: starting thread
[Tue Apr 23 00:01:05 2024]: LibAUTO: thread started
[Tue Apr 23 00:01:05 2024]: LibAUTO run time: 0.014 s
[Tue Apr 23 00:01:05 2024]: returning 240 data bytes to client
(0.109 seconds) 
[Tue Apr 23 00:01:05 2024]: run complete (0.11 s)
[Tue Apr 23 00:01:05 2024]: done running
[Tue Apr 23 00:01:05 2024]: returning (roughly) 674 log bytes to client
[Tue Apr 23 00:01:19 2024]: link received run message, reading in 1749 bytes of o8r text
[Tue Apr 23 00:01:19 2024]: ignoring notes in o8r
[Tue Apr 23 00:01:19 2024]: ignoring plots in o8r
[Tue Apr 23 00:01:19 2024]: running...
[Tue Apr 23 00:01:19 2024]: running a time series
[Tue Apr 23 00:01:19 2024]: will run for 500 time units, 50000 points
[Tue Apr 23 00:01:19 2024]: returning 1200024 data bytes to client
[Tue Apr 23 00:01:19 2024]: run complete (0.051 s)
[Tue Apr 23 00:01:19 2024]: done running
[Tue Apr 23 00:01:19 2024]: returning (roughly) 507 log bytes to client
[Tue Apr 23 00:01:37 2024]: link received run message, reading in 1828 bytes of o8r text
[Tue Apr 23 00:01:37 2024]: ignoring notes in o8r
[Tue Apr 23 00:01:37 2024]: ignoring plots in o8r
[Tue Apr 23 00:01:37 2024]: running...
[Tue Apr 23 00:01:37 2024]: running a one parameter bifurcation
[Tue Apr 23 00:01:37 2024]: ignoring xprops
[Tue Apr 23 00:01:37 2024]: solving for steady state
[Tue Apr 23 00:01:37 2024]: trying newton's method
[Tue Apr 23 00:01:37 2024]: try solving time series
[Tue Apr 23 00:01:37 2024]: WARNING: time course run didn't find a stable steady state
[Tue Apr 23 00:01:37 2024]: trying newton's method again to hone in
[Tue Apr 23 00:01:37 2024]: continuing S
[Tue Apr 23 00:01:37 2024]: LibAUTO: starting thread
[Tue Apr 23 00:01:37 2024]: LibAUTO: thread started
[Tue Apr 23 00:01:37 2024]: LibAUTO run time: 0.026 s
[Tue Apr 23 00:01:37 2024]: LibAUTO: starting thread
[Tue Apr 23 00:01:37 2024]: LibAUTO: thread started
[Tue Apr 23 00:01:37 2024]: LibAUTO run time: 0.054 s
[Tue Apr 23 00:01:37 2024]: returning 14328 data bytes to client
[Tue Apr 23 00:01:37 2024]: S took 0.227 seconds (0.227 for actual continuation)
[Tue Apr 23 00:01:37 2024]: run complete (0.266 s)
[Tue Apr 23 00:01:37 2024]: done running
[Tue Apr 23 00:01:37 2024]: returning (roughly) 1244 log bytes to client
[Tue Apr 23 00:01:48 2024]: link received run message, reading in 1792 bytes of o8r text
[Tue Apr 23 00:01:48 2024]: ignoring notes in o8r
[Tue Apr 23 00:01:48 2024]: ignoring plots in o8r
[Tue Apr 23 00:01:48 2024]: running...
[Tue Apr 23 00:01:48 2024]: running limit cycle continuation
[Tue Apr 23 00:01:48 2024]: running for par=S, label=4
[Tue Apr 23 00:01:48 2024]: LibAUTO: starting thread
[Tue Apr 23 00:01:48 2024]: LibAUTO: thread started
[Tue Apr 23 00:01:48 2024]: LibAUTO run time: 0.045 s
[Tue Apr 23 00:01:48 2024]: returning 300 data bytes to client
(0.107 seconds) 
[Tue Apr 23 00:01:48 2024]: run complete (0.108 s)
[Tue Apr 23 00:01:48 2024]: done running
[Tue Apr 23 00:01:48 2024]: returning (roughly) 675 log bytes to client
[Tue Apr 23 00:01:53 2024]: link received run message, reading in 2735 bytes of o8r text
[Tue Apr 23 00:01:53 2024]: ignoring notes in o8r
[Tue Apr 23 00:01:53 2024]: ignoring plots in o8r
[Tue Apr 23 00:01:53 2024]: running...
[Tue Apr 23 00:01:53 2024]: running limit cycle continuation
[Tue Apr 23 00:01:53 2024]: running for par=S, label=4
[Tue Apr 23 00:01:53 2024]: LibAUTO: starting thread
[Tue Apr 23 00:01:53 2024]: LibAUTO: thread started
[Tue Apr 23 00:01:53 2024]: LibAUTO run time: 0.015 s
[Tue Apr 23 00:01:53 2024]: returning 240 data bytes to client
(0.115 seconds) 
[Tue Apr 23 00:01:53 2024]: run complete (0.116 s)
[Tue Apr 23 00:01:53 2024]: done running
[Tue Apr 23 00:01:53 2024]: returning (roughly) 675 log bytes to client
[Tue Apr 23 00:01:55 2024]: link received run message, reading in 2732 bytes of o8r text
[Tue Apr 23 00:01:55 2024]: ignoring notes in o8r
[Tue Apr 23 00:01:55 2024]: ignoring plots in o8r
[Tue Apr 23 00:01:55 2024]: running...
[Tue Apr 23 00:01:55 2024]: running limit cycle continuation
[Tue Apr 23 00:01:55 2024]: running for par=S, label=4
[Tue Apr 23 00:01:55 2024]: LibAUTO: starting thread
[Tue Apr 23 00:01:55 2024]: LibAUTO: thread started
[Tue Apr 23 00:01:55 2024]: LibAUTO run time: 0.014 s
[Tue Apr 23 00:01:56 2024]: returning 180 data bytes to client
(0.118 seconds) 
[Tue Apr 23 00:01:56 2024]: run complete (0.118 s)
[Tue Apr 23 00:01:56 2024]: done running
[Tue Apr 23 00:01:56 2024]: returning (roughly) 675 log bytes to client
[Tue Apr 23 00:02:14 2024]: link received quit message, exiting.
[Tue Apr 23 00:02:14 2024]: link outfifo: waiting for thread to finish...
[Tue Apr 23 00:02:14 2024]: o8core link run time: 758.275 s
[Tue Apr 23 00:02:14 2024]: link outfifo run time: 758.275 s
[Tue Apr 23 00:02:14 2024]: link outfifo: 3918492 bytes in, 3918492 bytes out
[Tue Apr 23 00:02:14 2024]: all done!
