
o8core, 2.0.11
author: Emery Conrad
build date: Jan 14 2011, 13:23:16

[Mon Apr 22 14:52:12 2024]: creating logfile o8core_113_14_52_12.log
[Mon Apr 22 14:52:12 2024]: initializing link on port 28472
[Mon Apr 22 14:52:12 2024]: initializing winsock library
[Mon Apr 22 14:52:12 2024]: link port is 28472
[Mon Apr 22 14:52:12 2024]: port 28472 is bound
[Mon Apr 22 14:52:12 2024]: listening on port 28472
[Mon Apr 22 14:52:12 2024]: link outfifo: starting thread
[Mon Apr 22 14:52:12 2024]: link outfifo: thread started
[Mon Apr 22 14:52:12 2024]: o8core link: starting thread
[Mon Apr 22 14:52:12 2024]: o8core link: thread started
[Mon Apr 22 14:52:12 2024]: accepted socket connection on port 44228
[Mon Apr 22 14:52:13 2024]: link received initialization message, reading in 373 bytes of model text
[Mon Apr 22 14:52:13 2024]: ignoring o8mi tag in model init
[Mon Apr 22 14:52:50 2024]: link received run message, reading in 1742 bytes of o8r text
[Mon Apr 22 14:52:50 2024]: ignoring notes in o8r
[Mon Apr 22 14:52:50 2024]: ignoring plots in o8r
[Mon Apr 22 14:52:50 2024]: running...
[Mon Apr 22 14:52:50 2024]: running a time series
[Mon Apr 22 14:52:50 2024]: will run for 200 time units, 2000 points
[Mon Apr 22 14:52:50 2024]: returning 48024 data bytes to client
[Mon Apr 22 14:52:50 2024]: run complete (0.004 s)
[Mon Apr 22 14:52:50 2024]: done running
[Mon Apr 22 14:52:50 2024]: returning (roughly) 1367 log bytes to client
[Mon Apr 22 14:59:48 2024]: link received run message, reading in 1742 bytes of o8r text
[Mon Apr 22 14:59:48 2024]: ignoring notes in o8r
[Mon Apr 22 14:59:48 2024]: ignoring plots in o8r
[Mon Apr 22 14:59:48 2024]: running...
[Mon Apr 22 14:59:48 2024]: running a time series
[Mon Apr 22 14:59:48 2024]: will run for 500 time units, 5000 points
[Mon Apr 22 14:59:48 2024]: returning 120024 data bytes to client
[Mon Apr 22 14:59:48 2024]: run complete (0.005 s)
[Mon Apr 22 14:59:48 2024]: done running
[Mon Apr 22 14:59:48 2024]: returning (roughly) 505 log bytes to client
[Mon Apr 22 15:00:05 2024]: link received run message, reading in 1743 bytes of o8r text
[Mon Apr 22 15:00:05 2024]: ignoring notes in o8r
[Mon Apr 22 15:00:05 2024]: ignoring plots in o8r
[Mon Apr 22 15:00:05 2024]: running...
[Mon Apr 22 15:00:05 2024]: running a time series
[Mon Apr 22 15:00:05 2024]: will run for 500 time units, 10000 points
[Mon Apr 22 15:00:05 2024]: returning 240024 data bytes to client
[Mon Apr 22 15:00:05 2024]: run complete (0.01 s)
[Mon Apr 22 15:00:05 2024]: done running
[Mon Apr 22 15:00:05 2024]: returning (roughly) 505 log bytes to client
[Mon Apr 22 15:02:55 2024]: link received quit message, exiting.
[Mon Apr 22 15:02:55 2024]: link outfifo: waiting for thread to finish...
[Mon Apr 22 15:02:55 2024]: link outfifo run time: 642.678 s
[Mon Apr 22 15:02:55 2024]: o8core link run time: 642.677 s
[Mon Apr 22 15:02:55 2024]: link outfifo: 408072 bytes in, 408072 bytes out
[Mon Apr 22 15:02:55 2024]: all done!
