
o8core, 2.0.11
author: Emery Conrad
build date: Jan 14 2011, 13:23:16

[Mon Apr 22 15:03:19 2024]: creating logfile o8core_113_15_3_19.log
[Mon Apr 22 15:03:19 2024]: initializing link on port 28472
[Mon Apr 22 15:03:19 2024]: initializing winsock library
[Mon Apr 22 15:03:19 2024]: link port is 28472
[Mon Apr 22 15:03:19 2024]: port 28472 is bound
[Mon Apr 22 15:03:19 2024]: listening on port 28472
[Mon Apr 22 15:03:19 2024]: link outfifo: starting thread
[Mon Apr 22 15:03:19 2024]: link outfifo: thread started
[Mon Apr 22 15:03:19 2024]: o8core link: starting thread
[Mon Apr 22 15:03:19 2024]: o8core link: thread started
[Mon Apr 22 15:03:19 2024]: accepted socket connection on port 1008
[Mon Apr 22 15:03:19 2024]: link received initialization message, reading in 397 bytes of model text
[Mon Apr 22 15:03:19 2024]: ignoring o8mi tag in model init
[Mon Apr 22 15:08:40 2024]: link received run message, reading in 1752 bytes of o8r text
[Mon Apr 22 15:08:40 2024]: ignoring notes in o8r
[Mon Apr 22 15:08:40 2024]: ignoring plots in o8r
[Mon Apr 22 15:08:40 2024]: running...
[Mon Apr 22 15:08:40 2024]: running a time series
[Mon Apr 22 15:08:40 2024]: will run for 500 time units, 1000 points
[Mon Apr 22 15:08:40 2024]: returning 24024 data bytes to client
[Mon Apr 22 15:08:40 2024]: run complete (0.003 s)
[Mon Apr 22 15:08:40 2024]: done running
[Mon Apr 22 15:08:40 2024]: returning (roughly) 1365 log bytes to client
[Mon Apr 22 15:09:08 2024]: link received quit message, exiting.
[Mon Apr 22 15:09:08 2024]: link outfifo: waiting for thread to finish...
[Mon Apr 22 15:09:09 2024]: o8core link run time: 349.807 s
[Mon Apr 22 15:09:09 2024]: link outfifo run time: 349.808 s
[Mon Apr 22 15:09:09 2024]: link outfifo: 24024 bytes in, 24024 bytes out
[Mon Apr 22 15:09:09 2024]: all done!
