
o8core, 2.0.11
author: Emery Conrad
build date: Jan 14 2011, 13:23:16

[Mon Apr 22 23:41:55 2024]: creating logfile o8core_113_23_41_55.log
[Mon Apr 22 23:41:55 2024]: initializing link on port 28472
[Mon Apr 22 23:41:55 2024]: initializing winsock library
[Mon Apr 22 23:41:55 2024]: link port is 28472
[Mon Apr 22 23:41:55 2024]: port 28472 is bound
[Mon Apr 22 23:41:55 2024]: listening on port 28472
[Mon Apr 22 23:41:55 2024]: link outfifo: starting thread
[Mon Apr 22 23:41:55 2024]: link outfifo: thread started
[Mon Apr 22 23:41:55 2024]: o8core link: starting thread
[Mon Apr 22 23:41:55 2024]: o8core link: thread started
[Mon Apr 22 23:41:56 2024]: accepted socket connection on port 41669
[Mon Apr 22 23:41:56 2024]: link received initialization message, reading in 399 bytes of model text
[Mon Apr 22 23:41:56 2024]: ignoring o8mi tag in model init
[Mon Apr 22 23:42:04 2024]: link received run message, reading in 1749 bytes of o8r text
[Mon Apr 22 23:42:04 2024]: ignoring notes in o8r
[Mon Apr 22 23:42:04 2024]: ignoring plots in o8r
[Mon Apr 22 23:42:04 2024]: running...
[Mon Apr 22 23:42:04 2024]: running a time series
[Mon Apr 22 23:42:04 2024]: will run for 500 time units, 50000 points
[Mon Apr 22 23:42:04 2024]: returning 1200024 data bytes to client
[Mon Apr 22 23:42:04 2024]: run complete (0.057 s)
[Mon Apr 22 23:42:04 2024]: done running
[Mon Apr 22 23:42:04 2024]: returning (roughly) 1370 log bytes to client
[Mon Apr 22 23:42:54 2024]: link received run message, reading in 1827 bytes of o8r text
[Mon Apr 22 23:42:54 2024]: ignoring notes in o8r
[Mon Apr 22 23:42:54 2024]: ignoring plots in o8r
[Mon Apr 22 23:42:54 2024]: running...
[Mon Apr 22 23:42:54 2024]: running a one parameter bifurcation
[Mon Apr 22 23:42:54 2024]: ignoring xprops
[Mon Apr 22 23:42:54 2024]: solving for steady state
[Mon Apr 22 23:42:54 2024]: trying newton's method
[Mon Apr 22 23:42:54 2024]: try solving time series
[Mon Apr 22 23:42:54 2024]: WARNING: time course run didn't find a stable steady state
[Mon Apr 22 23:42:54 2024]: trying newton's method again to hone in
[Mon Apr 22 23:42:54 2024]: continuing p
[Mon Apr 22 23:42:54 2024]: LibAUTO: starting thread
[Mon Apr 22 23:42:54 2024]: LibAUTO: thread started
[Mon Apr 22 23:42:54 2024]: LibAUTO run time: 0.017 s
[Mon Apr 22 23:42:54 2024]: LibAUTO: starting thread
[Mon Apr 22 23:42:54 2024]: LibAUTO: thread started
[Mon Apr 22 23:42:55 2024]: LibAUTO run time: 0.02 s
[Mon Apr 22 23:42:55 2024]: returning 4716 data bytes to client
[Mon Apr 22 23:42:55 2024]: p took 0.228 seconds (0.228 for actual continuation)
[Mon Apr 22 23:42:55 2024]: run complete (0.259 s)
[Mon Apr 22 23:42:55 2024]: done running
[Mon Apr 22 23:42:55 2024]: returning (roughly) 1242 log bytes to client
[Mon Apr 22 23:43:35 2024]: link received run message, reading in 1895 bytes of o8r text
[Mon Apr 22 23:43:35 2024]: ignoring notes in o8r
[Mon Apr 22 23:43:35 2024]: ignoring plots in o8r
[Mon Apr 22 23:43:35 2024]: running...
[Mon Apr 22 23:43:35 2024]: running a two parameter bifurcation
[Mon Apr 22 23:43:35 2024]: ignoring xprops
[Mon Apr 22 23:43:35 2024]: WARNING: don't know what to do with tag par, ignoring
[Mon Apr 22 23:43:35 2024]: starting at label 4
[Mon Apr 22 23:43:35 2024]: continuing...
p vs. Ki[Mon Apr 22 23:43:35 2024]: LibAUTO: starting thread
[Mon Apr 22 23:43:35 2024]: LibAUTO: thread started
[Mon Apr 22 23:43:35 2024]: LibAUTO run time: 0.093 s
[Mon Apr 22 23:43:35 2024]: LibAUTO: starting thread
[Mon Apr 22 23:43:35 2024]: LibAUTO: thread started
[Mon Apr 22 23:43:35 2024]: LibAUTO run time: 0.257 s
[Mon Apr 22 23:43:35 2024]: returning 54912 data bytes to client
(0.451 seconds) 
[Mon Apr 22 23:43:35 2024]: run complete (0.451 s)
[Mon Apr 22 23:43:35 2024]: done running
[Mon Apr 22 23:43:35 2024]: returning (roughly) 1008 log bytes to client
[Mon Apr 22 23:44:29 2024]: link received run message, reading in 2671 bytes of o8r text
[Mon Apr 22 23:44:29 2024]: ignoring notes in o8r
[Mon Apr 22 23:44:29 2024]: ignoring plots in o8r
[Mon Apr 22 23:44:29 2024]: running...
[Mon Apr 22 23:44:29 2024]: running a two parameter bifurcation
[Mon Apr 22 23:44:29 2024]: ignoring xprops
[Mon Apr 22 23:44:29 2024]: WARNING: don't know what to do with tag par, ignoring
[Mon Apr 22 23:44:29 2024]: starting at label 4
[Mon Apr 22 23:44:29 2024]: continuing...
p vs. Ki[Mon Apr 22 23:44:29 2024]: LibAUTO: starting thread
[Mon Apr 22 23:44:29 2024]: LibAUTO: thread started
[Mon Apr 22 23:44:29 2024]: LibAUTO run time: 0.068 s
[Mon Apr 22 23:44:29 2024]: LibAUTO: starting thread
[Mon Apr 22 23:44:29 2024]: LibAUTO: thread started
[Mon Apr 22 23:44:30 2024]: LibAUTO run time: 0.238 s
[Mon Apr 22 23:44:30 2024]: returning 54912 data bytes to client
(0.46 seconds) 
[Mon Apr 22 23:44:30 2024]: run complete (0.461 s)
[Mon Apr 22 23:44:30 2024]: done running
[Mon Apr 22 23:44:30 2024]: returning (roughly) 1007 log bytes to client
[Mon Apr 22 23:44:34 2024]: link received run message, reading in 2668 bytes of o8r text
[Mon Apr 22 23:44:34 2024]: ignoring notes in o8r
[Mon Apr 22 23:44:34 2024]: ignoring plots in o8r
[Mon Apr 22 23:44:34 2024]: running...
[Mon Apr 22 23:44:34 2024]: running a two parameter bifurcation
[Mon Apr 22 23:44:34 2024]: ignoring xprops
[Mon Apr 22 23:44:34 2024]: WARNING: don't know what to do with tag par, ignoring
[Mon Apr 22 23:44:34 2024]: starting at label 4
[Mon Apr 22 23:44:34 2024]: continuing...
p vs. Ki[Mon Apr 22 23:44:34 2024]: LibAUTO: starting thread
[Mon Apr 22 23:44:34 2024]: LibAUTO: thread started
[Mon Apr 22 23:44:34 2024]: LibAUTO run time: 0.071 s
[Mon Apr 22 23:44:34 2024]: LibAUTO: starting thread
[Mon Apr 22 23:44:34 2024]: LibAUTO: thread started
[Mon Apr 22 23:44:34 2024]: LibAUTO run time: 0.231 s
[Mon Apr 22 23:44:34 2024]: returning 54912 data bytes to client
(0.45 seconds) 
[Mon Apr 22 23:44:34 2024]: run complete (0.451 s)
[Mon Apr 22 23:44:34 2024]: done running
[Mon Apr 22 23:44:34 2024]: returning (roughly) 1007 log bytes to client
