
o8core, 2.0.11
author: Emery Conrad
build date: Jan 14 2011, 13:23:16

[Mon Apr 22 15:09:41 2024]: creating logfile o8core_113_15_9_41.log
[Mon Apr 22 15:09:41 2024]: initializing link on port 28472
[Mon Apr 22 15:09:41 2024]: initializing winsock library
[Mon Apr 22 15:09:41 2024]: link port is 28472
[Mon Apr 22 15:09:41 2024]: port 28472 is bound
[Mon Apr 22 15:09:41 2024]: listening on port 28472
[Mon Apr 22 15:09:41 2024]: link outfifo: starting thread
[Mon Apr 22 15:09:41 2024]: link outfifo: thread started
[Mon Apr 22 15:09:41 2024]: o8core link: starting thread
[Mon Apr 22 15:09:41 2024]: o8core link: thread started
[Mon Apr 22 15:09:42 2024]: accepted socket connection on port 56012
[Mon Apr 22 15:09:42 2024]: link received initialization message, reading in 399 bytes of model text
[Mon Apr 22 15:09:42 2024]: ignoring o8mi tag in model init
[Mon Apr 22 15:09:52 2024]: link received run message, reading in 1753 bytes of o8r text
[Mon Apr 22 15:09:52 2024]: ignoring notes in o8r
[Mon Apr 22 15:09:52 2024]: ignoring plots in o8r
[Mon Apr 22 15:09:52 2024]: running...
[Mon Apr 22 15:09:52 2024]: running a time series
[Mon Apr 22 15:09:52 2024]: will run for 500 time units, 10000 points
[Mon Apr 22 15:09:52 2024]: returning 240024 data bytes to client
[Mon Apr 22 15:09:52 2024]: run complete (0.011 s)
[Mon Apr 22 15:09:52 2024]: done running
[Mon Apr 22 15:09:52 2024]: returning (roughly) 1368 log bytes to client
[Mon Apr 22 15:11:56 2024]: link received quit message, exiting.
[Mon Apr 22 15:11:56 2024]: link outfifo: waiting for thread to finish...
[Mon Apr 22 15:11:56 2024]: o8core link run time: 134.857 s
[Mon Apr 22 15:11:56 2024]: link outfifo run time: 134.857 s
[Mon Apr 22 15:11:56 2024]: link outfifo: 240024 bytes in, 240024 bytes out
[Mon Apr 22 15:11:56 2024]: all done!
