
o8core, 2.0.11
author: Emery Conrad
build date: Jan 14 2011, 13:23:16

[Mon Apr 22 19:50:00 2024]: creating logfile o8core_113_19_50_0.log
[Mon Apr 22 19:50:00 2024]: initializing link on port 28472
[Mon Apr 22 19:50:00 2024]: initializing winsock library
[Mon Apr 22 19:50:00 2024]: link port is 28472
[Mon Apr 22 19:50:00 2024]: port 28472 is bound
[Mon Apr 22 19:50:00 2024]: listening on port 28472
[Mon Apr 22 19:50:00 2024]: link outfifo: starting thread
[Mon Apr 22 19:50:00 2024]: link outfifo: thread started
[Mon Apr 22 19:50:00 2024]: o8core link: starting thread
[Mon Apr 22 19:50:00 2024]: o8core link: thread started
[Mon Apr 22 19:50:00 2024]: accepted socket connection on port 1223
[Mon Apr 22 19:50:01 2024]: link received initialization message, reading in 397 bytes of model text
[Mon Apr 22 19:50:01 2024]: ignoring o8mi tag in model init
[Mon Apr 22 19:50:08 2024]: link received run message, reading in 1749 bytes of o8r text
[Mon Apr 22 19:50:08 2024]: ignoring notes in o8r
[Mon Apr 22 19:50:08 2024]: ignoring plots in o8r
[Mon Apr 22 19:50:08 2024]: running...
[Mon Apr 22 19:50:08 2024]: running a time series
[Mon Apr 22 19:50:08 2024]: will run for 500 time units, 50000 points
[Mon Apr 22 19:50:08 2024]: returning 1200024 data bytes to client
[Mon Apr 22 19:50:08 2024]: run complete (0.053 s)
[Mon Apr 22 19:50:08 2024]: done running
[Mon Apr 22 19:50:09 2024]: returning (roughly) 1368 log bytes to client
[Mon Apr 22 19:50:23 2024]: link received run message, reading in 1826 bytes of o8r text
[Mon Apr 22 19:50:23 2024]: ignoring notes in o8r
[Mon Apr 22 19:50:23 2024]: ignoring plots in o8r
[Mon Apr 22 19:50:23 2024]: running...
[Mon Apr 22 19:50:23 2024]: running a one parameter bifurcation
[Mon Apr 22 19:50:23 2024]: ignoring xprops
[Mon Apr 22 19:50:23 2024]: solving for steady state
[Mon Apr 22 19:50:23 2024]: trying newton's method
[Mon Apr 22 19:50:23 2024]: try solving time series
[Mon Apr 22 19:50:23 2024]: WARNING: time course run didn't find a stable steady state
[Mon Apr 22 19:50:23 2024]: trying newton's method again to hone in
[Mon Apr 22 19:50:23 2024]: continuing S
[Mon Apr 22 19:50:23 2024]: LibAUTO: starting thread
[Mon Apr 22 19:50:23 2024]: LibAUTO: thread started
[Mon Apr 22 19:50:23 2024]: LibAUTO run time: 0.035 s
[Mon Apr 22 19:50:23 2024]: LibAUTO: starting thread
[Mon Apr 22 19:50:23 2024]: LibAUTO: thread started
[Mon Apr 22 19:50:23 2024]: LibAUTO run time: 0.052 s
[Mon Apr 22 19:50:23 2024]: returning 14328 data bytes to client
[Mon Apr 22 19:50:23 2024]: S took 0.226 seconds (0.226 for actual continuation)
[Mon Apr 22 19:50:23 2024]: run complete (0.295 s)
[Mon Apr 22 19:50:23 2024]: done running
[Mon Apr 22 19:50:23 2024]: returning (roughly) 1244 log bytes to client
[Mon Apr 22 19:51:19 2024]: link received run message, reading in 1894 bytes of o8r text
[Mon Apr 22 19:51:19 2024]: ignoring notes in o8r
[Mon Apr 22 19:51:19 2024]: ignoring plots in o8r
[Mon Apr 22 19:51:19 2024]: running...
[Mon Apr 22 19:51:19 2024]: running a two parameter bifurcation
[Mon Apr 22 19:51:19 2024]: ignoring xprops
[Mon Apr 22 19:51:19 2024]: WARNING: don't know what to do with tag par, ignoring
[Mon Apr 22 19:51:19 2024]: starting at label 4
[Mon Apr 22 19:51:19 2024]: continuing...
S vs. kd_x[Mon Apr 22 19:51:19 2024]: LibAUTO: starting thread
[Mon Apr 22 19:51:19 2024]: LibAUTO: thread started
[Mon Apr 22 19:51:19 2024]: LibAUTO run time: 0.259 s
[Mon Apr 22 19:51:19 2024]: LibAUTO: starting thread
[Mon Apr 22 19:51:19 2024]: LibAUTO: thread started
[Mon Apr 22 19:51:19 2024]: LibAUTO run time: 0.269 s
[Mon Apr 22 19:51:19 2024]: returning 88000 data bytes to client
(0.678 seconds) 
[Mon Apr 22 19:51:19 2024]: run complete (0.679 s)
[Mon Apr 22 19:51:19 2024]: done running
[Mon Apr 22 19:51:19 2024]: returning (roughly) 1010 log bytes to client
[Mon Apr 22 19:52:26 2024]: link received run message, reading in 2675 bytes of o8r text
[Mon Apr 22 19:52:26 2024]: ignoring notes in o8r
[Mon Apr 22 19:52:26 2024]: ignoring plots in o8r
[Mon Apr 22 19:52:26 2024]: running...
[Mon Apr 22 19:52:26 2024]: running a two parameter bifurcation
[Mon Apr 22 19:52:26 2024]: ignoring xprops
[Mon Apr 22 19:52:26 2024]: WARNING: don't know what to do with tag par, ignoring
[Mon Apr 22 19:52:26 2024]: starting at label 4
[Mon Apr 22 19:52:26 2024]: continuing...
S vs. kd_x[Mon Apr 22 19:52:26 2024]: LibAUTO: starting thread
[Mon Apr 22 19:52:26 2024]: LibAUTO: thread started
[Mon Apr 22 19:52:27 2024]: LibAUTO run time: 0.234 s
[Mon Apr 22 19:52:27 2024]: LibAUTO: starting thread
[Mon Apr 22 19:52:27 2024]: LibAUTO: thread started
[Mon Apr 22 19:52:27 2024]: LibAUTO run time: 0.232 s
[Mon Apr 22 19:52:27 2024]: returning 88000 data bytes to client
(0.673 seconds) 
[Mon Apr 22 19:52:27 2024]: run complete (0.673 s)
[Mon Apr 22 19:52:27 2024]: done running
[Mon Apr 22 19:52:27 2024]: returning (roughly) 1010 log bytes to client
[Mon Apr 22 19:52:30 2024]: link received run message, reading in 2676 bytes of o8r text
[Mon Apr 22 19:52:30 2024]: ignoring notes in o8r
[Mon Apr 22 19:52:30 2024]: ignoring plots in o8r
[Mon Apr 22 19:52:30 2024]: running...
[Mon Apr 22 19:52:30 2024]: running a two parameter bifurcation
[Mon Apr 22 19:52:30 2024]: ignoring xprops
[Mon Apr 22 19:52:30 2024]: WARNING: don't know what to do with tag par, ignoring
[Mon Apr 22 19:52:30 2024]: starting at label 4
[Mon Apr 22 19:52:30 2024]: continuing...
S vs. kd_x[Mon Apr 22 19:52:30 2024]: LibAUTO: starting thread
[Mon Apr 22 19:52:30 2024]: LibAUTO: thread started
[Mon Apr 22 19:52:31 2024]: LibAUTO run time: 0.242 s
[Mon Apr 22 19:52:31 2024]: LibAUTO: starting thread
[Mon Apr 22 19:52:31 2024]: LibAUTO: thread started
[Mon Apr 22 19:52:31 2024]: LibAUTO run time: 0.232 s
[Mon Apr 22 19:52:31 2024]: returning 88000 data bytes to client
(0.675 seconds) 
[Mon Apr 22 19:52:31 2024]: run complete (0.675 s)
[Mon Apr 22 19:52:31 2024]: done running
[Mon Apr 22 19:52:31 2024]: returning (roughly) 1010 log bytes to client
[Mon Apr 22 19:52:55 2024]: link received run message, reading in 1894 bytes of o8r text
[Mon Apr 22 19:52:55 2024]: ignoring notes in o8r
[Mon Apr 22 19:52:55 2024]: ignoring plots in o8r
[Mon Apr 22 19:52:55 2024]: running...
[Mon Apr 22 19:52:55 2024]: running a two parameter bifurcation
[Mon Apr 22 19:52:55 2024]: ignoring xprops
[Mon Apr 22 19:52:55 2024]: WARNING: don't know what to do with tag par, ignoring
[Mon Apr 22 19:52:55 2024]: starting at label 4
[Mon Apr 22 19:52:55 2024]: continuing...
S vs. kd_x[Mon Apr 22 19:52:55 2024]: LibAUTO: starting thread
[Mon Apr 22 19:52:55 2024]: LibAUTO: thread started
[Mon Apr 22 19:52:55 2024]: LibAUTO run time: 0.236 s
[Mon Apr 22 19:52:55 2024]: LibAUTO: starting thread
[Mon Apr 22 19:52:55 2024]: LibAUTO: thread started
[Mon Apr 22 19:52:55 2024]: LibAUTO run time: 0.285 s
[Mon Apr 22 19:52:55 2024]: returning 88000 data bytes to client
(0.679 seconds) 
[Mon Apr 22 19:52:55 2024]: run complete (0.68 s)
[Mon Apr 22 19:52:55 2024]: done running
[Mon Apr 22 19:52:55 2024]: returning (roughly) 1009 log bytes to client
[Mon Apr 22 19:53:30 2024]: link received run message, reading in 1894 bytes of o8r text
[Mon Apr 22 19:53:30 2024]: ignoring notes in o8r
[Mon Apr 22 19:53:30 2024]: ignoring plots in o8r
[Mon Apr 22 19:53:30 2024]: running...
[Mon Apr 22 19:53:30 2024]: running a two parameter bifurcation
[Mon Apr 22 19:53:30 2024]: ignoring xprops
[Mon Apr 22 19:53:30 2024]: WARNING: don't know what to do with tag par, ignoring
[Mon Apr 22 19:53:30 2024]: starting at label 8
[Mon Apr 22 19:53:30 2024]: continuing...
S vs. kd_x[Mon Apr 22 19:53:30 2024]: LibAUTO: starting thread
[Mon Apr 22 19:53:30 2024]: LibAUTO: thread started
[Mon Apr 22 19:53:30 2024]: LibAUTO run time: 0.011 s
[Mon Apr 22 19:53:30 2024]: LibAUTO: starting thread
[Mon Apr 22 19:53:30 2024]: LibAUTO: thread started
[Mon Apr 22 19:53:30 2024]: LibAUTO run time: 0.008 s
[Mon Apr 22 19:53:30 2024]: returning 2376 data bytes to client
(0.217 seconds) 
[Mon Apr 22 19:53:30 2024]: run complete (0.218 s)
[Mon Apr 22 19:53:30 2024]: done running
[Mon Apr 22 19:53:30 2024]: returning (roughly) 1009 log bytes to client
[Mon Apr 22 19:54:08 2024]: link received run message, reading in 1826 bytes of o8r text
[Mon Apr 22 19:54:08 2024]: ignoring notes in o8r
[Mon Apr 22 19:54:08 2024]: ignoring plots in o8r
[Mon Apr 22 19:54:08 2024]: running...
[Mon Apr 22 19:54:08 2024]: running a one parameter bifurcation
[Mon Apr 22 19:54:08 2024]: ignoring xprops
[Mon Apr 22 19:54:08 2024]: solving for steady state
[Mon Apr 22 19:54:08 2024]: trying newton's method
[Mon Apr 22 19:54:08 2024]: try solving time series
[Mon Apr 22 19:54:08 2024]: WARNING: time course run didn't find a stable steady state
[Mon Apr 22 19:54:08 2024]: trying newton's method again to hone in
[Mon Apr 22 19:54:08 2024]: continuing S
[Mon Apr 22 19:54:08 2024]: LibAUTO: starting thread
[Mon Apr 22 19:54:08 2024]: LibAUTO: thread started
[Mon Apr 22 19:54:08 2024]: LibAUTO run time: 0.026 s
[Mon Apr 22 19:54:08 2024]: LibAUTO: starting thread
[Mon Apr 22 19:54:08 2024]: LibAUTO: thread started
[Mon Apr 22 19:54:08 2024]: LibAUTO run time: 0.052 s
[Mon Apr 22 19:54:08 2024]: returning 14328 data bytes to client
[Mon Apr 22 19:54:08 2024]: S took 0.222 seconds (0.222 for actual continuation)
[Mon Apr 22 19:54:08 2024]: run complete (0.262 s)
[Mon Apr 22 19:54:08 2024]: done running
[Mon Apr 22 19:54:08 2024]: returning (roughly) 1244 log bytes to client
[Mon Apr 22 19:55:07 2024]: link received run message, reading in 1894 bytes of o8r text
[Mon Apr 22 19:55:07 2024]: ignoring notes in o8r
[Mon Apr 22 19:55:07 2024]: ignoring plots in o8r
[Mon Apr 22 19:55:07 2024]: running...
[Mon Apr 22 19:55:07 2024]: running a two parameter bifurcation
[Mon Apr 22 19:55:07 2024]: ignoring xprops
[Mon Apr 22 19:55:07 2024]: WARNING: don't know what to do with tag par, ignoring
[Mon Apr 22 19:55:07 2024]: starting at label 4
[Mon Apr 22 19:55:07 2024]: continuing...
S vs. kd_x[Mon Apr 22 19:55:07 2024]: LibAUTO: starting thread
[Mon Apr 22 19:55:07 2024]: LibAUTO: thread started
[Mon Apr 22 19:55:08 2024]: LibAUTO run time: 0.262 s
[Mon Apr 22 19:55:08 2024]: LibAUTO: starting thread
[Mon Apr 22 19:55:08 2024]: LibAUTO: thread started
[Mon Apr 22 19:55:08 2024]: LibAUTO run time: 0.229 s
[Mon Apr 22 19:55:08 2024]: returning 88000 data bytes to client
(0.717 seconds) 
[Mon Apr 22 19:55:08 2024]: run complete (0.718 s)
[Mon Apr 22 19:55:08 2024]: done running
[Mon Apr 22 19:55:08 2024]: returning (roughly) 1010 log bytes to client
[Mon Apr 22 20:07:31 2024]: link received run message, reading in 1827 bytes of o8r text
[Mon Apr 22 20:07:31 2024]: ignoring notes in o8r
[Mon Apr 22 20:07:31 2024]: ignoring plots in o8r
[Mon Apr 22 20:07:31 2024]: running...
[Mon Apr 22 20:07:31 2024]: running a one parameter bifurcation
[Mon Apr 22 20:07:31 2024]: ignoring xprops
[Mon Apr 22 20:07:31 2024]: solving for steady state
[Mon Apr 22 20:07:31 2024]: trying newton's method
[Mon Apr 22 20:07:31 2024]: try solving time series
[Mon Apr 22 20:07:32 2024]: WARNING: time course run didn't find a stable steady state
[Mon Apr 22 20:07:32 2024]: trying newton's method again to hone in
[Mon Apr 22 20:07:32 2024]: continuing p
[Mon Apr 22 20:07:32 2024]: LibAUTO: starting thread
[Mon Apr 22 20:07:32 2024]: LibAUTO: thread started
[Mon Apr 22 20:07:32 2024]: LibAUTO run time: 0.016 s
[Mon Apr 22 20:07:32 2024]: LibAUTO: starting thread
[Mon Apr 22 20:07:32 2024]: LibAUTO: thread started
[Mon Apr 22 20:07:32 2024]: LibAUTO run time: 0.038 s
[Mon Apr 22 20:07:32 2024]: returning 8496 data bytes to client
[Mon Apr 22 20:07:32 2024]: p took 0.223 seconds (0.223 for actual continuation)
[Mon Apr 22 20:07:32 2024]: run complete (0.261 s)
[Mon Apr 22 20:07:32 2024]: done running
[Mon Apr 22 20:07:32 2024]: returning (roughly) 1243 log bytes to client
[Mon Apr 22 20:08:42 2024]: link received run message, reading in 1895 bytes of o8r text
[Mon Apr 22 20:08:42 2024]: ignoring notes in o8r
[Mon Apr 22 20:08:42 2024]: ignoring plots in o8r
[Mon Apr 22 20:08:42 2024]: running...
[Mon Apr 22 20:08:42 2024]: running a two parameter bifurcation
[Mon Apr 22 20:08:42 2024]: ignoring xprops
[Mon Apr 22 20:08:42 2024]: WARNING: don't know what to do with tag par, ignoring
[Mon Apr 22 20:08:42 2024]: starting at label 5
[Mon Apr 22 20:08:42 2024]: continuing...
p vs. Ki[Mon Apr 22 20:08:42 2024]: LibAUTO: starting thread
[Mon Apr 22 20:08:42 2024]: LibAUTO: thread started
[Mon Apr 22 20:08:42 2024]: LibAUTO run time: 0.088 s
[Mon Apr 22 20:08:42 2024]: LibAUTO: starting thread
[Mon Apr 22 20:08:42 2024]: LibAUTO: thread started
[Mon Apr 22 20:08:42 2024]: LibAUTO run time: 0.224 s
[Mon Apr 22 20:08:43 2024]: returning 54384 data bytes to client
(0.495 seconds) 
[Mon Apr 22 20:08:43 2024]: run complete (0.495 s)
[Mon Apr 22 20:08:43 2024]: done running
[Mon Apr 22 20:08:43 2024]: returning (roughly) 1008 log bytes to client
[Mon Apr 22 20:19:14 2024]: link received run message, reading in 1829 bytes of o8r text
[Mon Apr 22 20:19:14 2024]: ignoring notes in o8r
[Mon Apr 22 20:19:14 2024]: ignoring plots in o8r
[Mon Apr 22 20:19:14 2024]: running...
[Mon Apr 22 20:19:14 2024]: running a one parameter bifurcation
[Mon Apr 22 20:19:14 2024]: ignoring xprops
[Mon Apr 22 20:19:14 2024]: solving for steady state
[Mon Apr 22 20:19:14 2024]: trying newton's method
[Mon Apr 22 20:19:14 2024]: try solving time series
[Mon Apr 22 20:19:14 2024]: WARNING: time course run didn't find a stable steady state
[Mon Apr 22 20:19:14 2024]: trying newton's method again to hone in
[Mon Apr 22 20:19:14 2024]: continuing Ki
[Mon Apr 22 20:19:14 2024]: LibAUTO: starting thread
[Mon Apr 22 20:19:14 2024]: LibAUTO: thread started
[Mon Apr 22 20:19:14 2024]: LibAUTO run time: 0.019 s
[Mon Apr 22 20:19:14 2024]: LibAUTO: starting thread
[Mon Apr 22 20:19:14 2024]: LibAUTO: thread started
[Mon Apr 22 20:19:14 2024]: LibAUTO run time: 0.03 s
[Mon Apr 22 20:19:14 2024]: returning 6372 data bytes to client
[Mon Apr 22 20:19:14 2024]: Ki took 0.232 seconds (0.232 for actual continuation)
[Mon Apr 22 20:19:14 2024]: run complete (0.274 s)
[Mon Apr 22 20:19:14 2024]: done running
[Mon Apr 22 20:19:14 2024]: returning (roughly) 1244 log bytes to client
[Mon Apr 22 20:19:50 2024]: link received run message, reading in 1829 bytes of o8r text
[Mon Apr 22 20:19:50 2024]: ignoring notes in o8r
[Mon Apr 22 20:19:50 2024]: ignoring plots in o8r
[Mon Apr 22 20:19:50 2024]: running...
[Mon Apr 22 20:19:50 2024]: running a one parameter bifurcation
[Mon Apr 22 20:19:50 2024]: ignoring xprops
[Mon Apr 22 20:19:50 2024]: solving for steady state
[Mon Apr 22 20:19:50 2024]: trying newton's method
[Mon Apr 22 20:19:50 2024]: try solving time series
[Mon Apr 22 20:19:50 2024]: WARNING: time course run didn't find a stable steady state
[Mon Apr 22 20:19:50 2024]: trying newton's method again to hone in
[Mon Apr 22 20:19:50 2024]: continuing p
[Mon Apr 22 20:19:50 2024]: LibAUTO: starting thread
[Mon Apr 22 20:19:50 2024]: LibAUTO: thread started
[Mon Apr 22 20:19:50 2024]: LibAUTO run time: 0.016 s
[Mon Apr 22 20:19:51 2024]: LibAUTO: starting thread
[Mon Apr 22 20:19:51 2024]: LibAUTO: thread started
[Mon Apr 22 20:19:51 2024]: LibAUTO run time: 0.034 s
[Mon Apr 22 20:19:51 2024]: returning 8496 data bytes to client
[Mon Apr 22 20:19:51 2024]: p took 0.22 seconds (0.219 for actual continuation)
[Mon Apr 22 20:19:51 2024]: run complete (0.259 s)
[Mon Apr 22 20:19:51 2024]: done running
[Mon Apr 22 20:19:51 2024]: returning (roughly) 1242 log bytes to client
[Mon Apr 22 20:20:38 2024]: link received run message, reading in 1897 bytes of o8r text
[Mon Apr 22 20:20:38 2024]: ignoring notes in o8r
[Mon Apr 22 20:20:38 2024]: ignoring plots in o8r
[Mon Apr 22 20:20:38 2024]: running...
[Mon Apr 22 20:20:38 2024]: running a two parameter bifurcation
[Mon Apr 22 20:20:38 2024]: ignoring xprops
[Mon Apr 22 20:20:38 2024]: WARNING: don't know what to do with tag par, ignoring
[Mon Apr 22 20:20:38 2024]: starting at label 5
[Mon Apr 22 20:20:38 2024]: continuing...
p vs. Ki[Mon Apr 22 20:20:38 2024]: LibAUTO: starting thread
[Mon Apr 22 20:20:38 2024]: LibAUTO: thread started
[Mon Apr 22 20:20:38 2024]: LibAUTO run time: 0.088 s
[Mon Apr 22 20:20:38 2024]: LibAUTO: starting thread
[Mon Apr 22 20:20:38 2024]: LibAUTO: thread started
[Mon Apr 22 20:20:39 2024]: LibAUTO run time: 0.235 s
[Mon Apr 22 20:20:39 2024]: returning 54384 data bytes to client
(0.456 seconds) 
[Mon Apr 22 20:20:39 2024]: run complete (0.456 s)
[Mon Apr 22 20:20:39 2024]: done running
[Mon Apr 22 20:20:39 2024]: returning (roughly) 1008 log bytes to client
[Mon Apr 22 23:38:15 2024]: link received run message, reading in 2787 bytes of o8r text
[Mon Apr 22 23:38:15 2024]: ignoring notes in o8r
[Mon Apr 22 23:38:15 2024]: ignoring plots in o8r
[Mon Apr 22 23:38:15 2024]: running...
[Mon Apr 22 23:38:15 2024]: running a two parameter bifurcation
[Mon Apr 22 23:38:15 2024]: ignoring xprops
[Mon Apr 22 23:38:15 2024]: WARNING: don't know what to do with tag par, ignoring
[Mon Apr 22 23:38:15 2024]: starting at label 5
[Mon Apr 22 23:38:15 2024]: continuing...
p vs. Ki[Mon Apr 22 23:38:15 2024]: LibAUTO: starting thread
[Mon Apr 22 23:38:15 2024]: LibAUTO: thread started
[Mon Apr 22 23:38:15 2024]: LibAUTO run time: 0.06 s
[Mon Apr 22 23:38:15 2024]: LibAUTO: starting thread
[Mon Apr 22 23:38:15 2024]: LibAUTO: thread started
[Mon Apr 22 23:38:15 2024]: LibAUTO run time: 0.234 s
[Mon Apr 22 23:38:15 2024]: returning 54384 data bytes to client
(0.466 seconds) 
[Mon Apr 22 23:38:15 2024]: run complete (0.466 s)
[Mon Apr 22 23:38:15 2024]: done running
[Mon Apr 22 23:38:15 2024]: returning (roughly) 1007 log bytes to client
[Mon Apr 22 23:38:19 2024]: link received run message, reading in 2787 bytes of o8r text
[Mon Apr 22 23:38:19 2024]: ignoring notes in o8r
[Mon Apr 22 23:38:19 2024]: ignoring plots in o8r
[Mon Apr 22 23:38:19 2024]: running...
[Mon Apr 22 23:38:19 2024]: running a two parameter bifurcation
[Mon Apr 22 23:38:19 2024]: ignoring xprops
[Mon Apr 22 23:38:19 2024]: WARNING: don't know what to do with tag par, ignoring
[Mon Apr 22 23:38:19 2024]: starting at label 5
[Mon Apr 22 23:38:19 2024]: continuing...
p vs. Ki[Mon Apr 22 23:38:19 2024]: LibAUTO: starting thread
[Mon Apr 22 23:38:19 2024]: LibAUTO: thread started
[Mon Apr 22 23:38:19 2024]: LibAUTO run time: 0.066 s
[Mon Apr 22 23:38:19 2024]: LibAUTO: starting thread
[Mon Apr 22 23:38:19 2024]: LibAUTO: thread started
[Mon Apr 22 23:38:19 2024]: LibAUTO run time: 0.237 s
[Mon Apr 22 23:38:19 2024]: returning 54384 data bytes to client
(0.457 seconds) 
[Mon Apr 22 23:38:19 2024]: run complete (0.457 s)
[Mon Apr 22 23:38:19 2024]: done running
[Mon Apr 22 23:38:19 2024]: returning (roughly) 1008 log bytes to client
[Mon Apr 22 23:38:23 2024]: link received run message, reading in 2787 bytes of o8r text
[Mon Apr 22 23:38:23 2024]: ignoring notes in o8r
[Mon Apr 22 23:38:23 2024]: ignoring plots in o8r
[Mon Apr 22 23:38:23 2024]: running...
[Mon Apr 22 23:38:23 2024]: running a two parameter bifurcation
[Mon Apr 22 23:38:23 2024]: ignoring xprops
[Mon Apr 22 23:38:23 2024]: WARNING: don't know what to do with tag par, ignoring
[Mon Apr 22 23:38:23 2024]: starting at label 5
[Mon Apr 22 23:38:23 2024]: continuing...
p vs. Ki[Mon Apr 22 23:38:23 2024]: LibAUTO: starting thread
[Mon Apr 22 23:38:23 2024]: LibAUTO: thread started
[Mon Apr 22 23:38:23 2024]: LibAUTO run time: 0.066 s
[Mon Apr 22 23:38:24 2024]: LibAUTO: starting thread
[Mon Apr 22 23:38:24 2024]: LibAUTO: thread started
[Mon Apr 22 23:38:24 2024]: LibAUTO run time: 0.233 s
[Mon Apr 22 23:38:24 2024]: returning 54384 data bytes to client
(0.46 seconds) 
[Mon Apr 22 23:38:24 2024]: run complete (0.461 s)
[Mon Apr 22 23:38:24 2024]: done running
[Mon Apr 22 23:38:24 2024]: returning (roughly) 1007 log bytes to client
[Mon Apr 22 23:39:36 2024]: link received run message, reading in 1897 bytes of o8r text
[Mon Apr 22 23:39:36 2024]: ignoring notes in o8r
[Mon Apr 22 23:39:36 2024]: ignoring plots in o8r
[Mon Apr 22 23:39:36 2024]: running...
[Mon Apr 22 23:39:36 2024]: running a two parameter bifurcation
[Mon Apr 22 23:39:36 2024]: ignoring xprops
[Mon Apr 22 23:39:36 2024]: WARNING: don't know what to do with tag par, ignoring
[Mon Apr 22 23:39:36 2024]: starting at label 5
[Mon Apr 22 23:39:36 2024]: continuing...
p vs. Ki[Mon Apr 22 23:39:36 2024]: LibAUTO: starting thread
[Mon Apr 22 23:39:36 2024]: LibAUTO: thread started
[Mon Apr 22 23:39:36 2024]: LibAUTO run time: 0.089 s
[Mon Apr 22 23:39:36 2024]: LibAUTO: starting thread
[Mon Apr 22 23:39:36 2024]: LibAUTO: thread started
[Mon Apr 22 23:39:36 2024]: LibAUTO run time: 0.232 s
[Mon Apr 22 23:39:36 2024]: returning 54384 data bytes to client
(0.466 seconds) 
[Mon Apr 22 23:39:36 2024]: run complete (0.466 s)
[Mon Apr 22 23:39:36 2024]: done running
[Mon Apr 22 23:39:36 2024]: returning (roughly) 1008 log bytes to client
[Mon Apr 22 23:40:46 2024]: link received quit message, exiting.
[Mon Apr 22 23:40:46 2024]: link outfifo: waiting for thread to finish...
[Mon Apr 22 23:40:46 2024]: o8core link run time: 13845.8 s
[Mon Apr 22 23:40:46 2024]: link outfifo run time: 13845.8 s
[Mon Apr 22 23:40:46 2024]: link outfifo: 2020724 bytes in, 2020724 bytes out
[Mon Apr 22 23:40:46 2024]: all done!
