
o8core, 2.0.11
author: Emery Conrad
build date: Jan 14 2011, 13:23:16

[Tue Apr 23 17:01:56 2024]: creating logfile o8core_114_17_1_56.log
[Tue Apr 23 17:01:56 2024]: initializing link on port 28472
[Tue Apr 23 17:01:56 2024]: initializing winsock library
[Tue Apr 23 17:01:56 2024]: link port is 28472
[Tue Apr 23 17:01:56 2024]: port 28472 is bound
[Tue Apr 23 17:01:56 2024]: listening on port 28472
[Tue Apr 23 17:01:56 2024]: link outfifo: starting thread
[Tue Apr 23 17:01:56 2024]: link outfifo: thread started
[Tue Apr 23 17:01:56 2024]: o8core link: starting thread
[Tue Apr 23 17:01:56 2024]: o8core link: thread started
[Tue Apr 23 17:01:57 2024]: accepted socket connection on port 32496
[Tue Apr 23 17:01:57 2024]: link received initialization message, reading in 397 bytes of model text
[Tue Apr 23 17:01:57 2024]: ignoring o8mi tag in model init
[Tue Apr 23 17:02:16 2024]: link received run message, reading in 1749 bytes of o8r text
[Tue Apr 23 17:02:16 2024]: ignoring notes in o8r
[Tue Apr 23 17:02:16 2024]: ignoring plots in o8r
[Tue Apr 23 17:02:16 2024]: running...
[Tue Apr 23 17:02:16 2024]: running a time series
[Tue Apr 23 17:02:16 2024]: will run for 500 time units, 50000 points
[Tue Apr 23 17:02:16 2024]: returning 1200024 data bytes to client
[Tue Apr 23 17:02:16 2024]: run complete (0.044 s)
[Tue Apr 23 17:02:16 2024]: done running
[Tue Apr 23 17:02:16 2024]: returning (roughly) 1369 log bytes to client
[Tue Apr 23 17:02:50 2024]: link received run message, reading in 1829 bytes of o8r text
[Tue Apr 23 17:02:50 2024]: ignoring notes in o8r
[Tue Apr 23 17:02:50 2024]: ignoring plots in o8r
[Tue Apr 23 17:02:50 2024]: running...
[Tue Apr 23 17:02:50 2024]: running a one parameter bifurcation
[Tue Apr 23 17:02:50 2024]: ignoring xprops
[Tue Apr 23 17:02:50 2024]: solving for steady state
[Tue Apr 23 17:02:50 2024]: trying newton's method
[Tue Apr 23 17:02:50 2024]: try solving time series
[Tue Apr 23 17:02:50 2024]: reached stable steady state
[Tue Apr 23 17:02:50 2024]: continuing kd_x
[Tue Apr 23 17:02:50 2024]: LibAUTO: starting thread
[Tue Apr 23 17:02:50 2024]: LibAUTO: thread started
[Tue Apr 23 17:02:50 2024]: LibAUTO run time: 0.034 s
[Tue Apr 23 17:02:50 2024]: LibAUTO: starting thread
[Tue Apr 23 17:02:50 2024]: LibAUTO: thread started
[Tue Apr 23 17:02:50 2024]: LibAUTO run time: 0.157 s
[Tue Apr 23 17:02:50 2024]: returning 37656 data bytes to client
[Tue Apr 23 17:02:50 2024]: kd_x took 0.374 seconds (0.374 for actual continuation)
[Tue Apr 23 17:02:50 2024]: run complete (0.374 s)
[Tue Apr 23 17:02:50 2024]: done running
[Tue Apr 23 17:02:50 2024]: returning (roughly) 1151 log bytes to client
[Tue Apr 23 17:03:15 2024]: link received run message, reading in 1902 bytes of o8r text
[Tue Apr 23 17:03:15 2024]: ignoring notes in o8r
[Tue Apr 23 17:03:15 2024]: ignoring plots in o8r
[Tue Apr 23 17:03:15 2024]: running...
[Tue Apr 23 17:03:15 2024]: running a two parameter bifurcation
[Tue Apr 23 17:03:15 2024]: ignoring xprops
[Tue Apr 23 17:03:15 2024]: WARNING: don't know what to do with tag par, ignoring
[Tue Apr 23 17:03:15 2024]: starting at label 11
[Tue Apr 23 17:03:15 2024]: continuing...
kd_x vs. S[Tue Apr 23 17:03:15 2024]: LibAUTO: starting thread
[Tue Apr 23 17:03:15 2024]: LibAUTO: thread started
[Tue Apr 23 17:03:15 2024]: LibAUTO run time: 0.073 s
[Tue Apr 23 17:03:15 2024]: LibAUTO: starting thread
[Tue Apr 23 17:03:15 2024]: LibAUTO: thread started
[Tue Apr 23 17:03:15 2024]: LibAUTO run time: 0.204 s
[Tue Apr 23 17:03:15 2024]: returning 54340 data bytes to client
(0.324 seconds) 
[Tue Apr 23 17:03:15 2024]: run complete (0.325 s)
[Tue Apr 23 17:03:15 2024]: done running
[Tue Apr 23 17:03:15 2024]: returning (roughly) 1011 log bytes to client
[Tue Apr 23 17:04:41 2024]: link received run message, reading in 1827 bytes of o8r text
[Tue Apr 23 17:04:41 2024]: ignoring notes in o8r
[Tue Apr 23 17:04:41 2024]: ignoring plots in o8r
[Tue Apr 23 17:04:41 2024]: running...
[Tue Apr 23 17:04:41 2024]: running a one parameter bifurcation
[Tue Apr 23 17:04:41 2024]: ignoring xprops
[Tue Apr 23 17:04:41 2024]: solving for steady state
[Tue Apr 23 17:04:41 2024]: trying newton's method
[Tue Apr 23 17:04:41 2024]: try solving time series
[Tue Apr 23 17:04:41 2024]: reached stable steady state
[Tue Apr 23 17:04:41 2024]: continuing S
[Tue Apr 23 17:04:41 2024]: LibAUTO: starting thread
[Tue Apr 23 17:04:41 2024]: LibAUTO: thread started
[Tue Apr 23 17:04:41 2024]: LibAUTO run time: 0.045 s
[Tue Apr 23 17:04:41 2024]: LibAUTO: starting thread
[Tue Apr 23 17:04:41 2024]: LibAUTO: thread started
[Tue Apr 23 17:04:41 2024]: LibAUTO run time: 0.015 s
[Tue Apr 23 17:04:41 2024]: returning 10584 data bytes to client
[Tue Apr 23 17:04:41 2024]: S took 0.215 seconds (0.215 for actual continuation)
[Tue Apr 23 17:04:41 2024]: run complete (0.215 s)
[Tue Apr 23 17:04:41 2024]: done running
[Tue Apr 23 17:04:41 2024]: returning (roughly) 1145 log bytes to client
[Tue Apr 23 17:05:04 2024]: link received run message, reading in 1895 bytes of o8r text
[Tue Apr 23 17:05:04 2024]: ignoring notes in o8r
[Tue Apr 23 17:05:04 2024]: ignoring plots in o8r
[Tue Apr 23 17:05:04 2024]: running...
[Tue Apr 23 17:05:04 2024]: running a two parameter bifurcation
[Tue Apr 23 17:05:04 2024]: ignoring xprops
[Tue Apr 23 17:05:04 2024]: WARNING: don't know what to do with tag par, ignoring
[Tue Apr 23 17:05:04 2024]: starting at label 6
[Tue Apr 23 17:05:04 2024]: continuing...
S vs. kd_x[Tue Apr 23 17:05:04 2024]: LibAUTO: starting thread
[Tue Apr 23 17:05:04 2024]: LibAUTO: thread started
[Tue Apr 23 17:05:04 2024]: LibAUTO run time: 0.268 s
[Tue Apr 23 17:05:04 2024]: LibAUTO: starting thread
[Tue Apr 23 17:05:04 2024]: LibAUTO: thread started
[Tue Apr 23 17:05:05 2024]: LibAUTO run time: 0.235 s
[Tue Apr 23 17:05:05 2024]: returning 88000 data bytes to client
(0.674 seconds) 
[Tue Apr 23 17:05:05 2024]: run complete (0.675 s)
[Tue Apr 23 17:05:05 2024]: done running
[Tue Apr 23 17:05:05 2024]: returning (roughly) 1010 log bytes to client
[Tue Apr 23 17:09:58 2024]: link received quit message, exiting.
[Tue Apr 23 17:09:59 2024]: link outfifo: waiting for thread to finish...
[Tue Apr 23 17:09:59 2024]: o8core link run time: 482.328 s
[Tue Apr 23 17:09:59 2024]: link outfifo run time: 482.328 s
[Tue Apr 23 17:09:59 2024]: link outfifo: 1390604 bytes in, 1390604 bytes out
[Tue Apr 23 17:09:59 2024]: all done!
