
o8core, 2.0.11
author: Emery Conrad
build date: Jan 14 2011, 13:23:16

[Tue Apr 23 00:02:28 2024]: creating logfile o8core_114_0_2_28.log
[Tue Apr 23 00:02:28 2024]: initializing link on port 28472
[Tue Apr 23 00:02:28 2024]: initializing winsock library
[Tue Apr 23 00:02:28 2024]: link port is 28472
[Tue Apr 23 00:02:28 2024]: port 28472 is bound
[Tue Apr 23 00:02:28 2024]: listening on port 28472
[Tue Apr 23 00:02:28 2024]: link outfifo: starting thread
[Tue Apr 23 00:02:28 2024]: link outfifo: thread started
[Tue Apr 23 00:02:28 2024]: o8core link: starting thread
[Tue Apr 23 00:02:28 2024]: o8core link: thread started
[Tue Apr 23 00:02:29 2024]: accepted socket connection on port 38599
[Tue Apr 23 00:02:29 2024]: link received initialization message, reading in 397 bytes of model text
[Tue Apr 23 00:02:29 2024]: ignoring o8mi tag in model init
[Tue Apr 23 00:02:43 2024]: link received run message, reading in 1747 bytes of o8r text
[Tue Apr 23 00:02:43 2024]: ignoring notes in o8r
[Tue Apr 23 00:02:43 2024]: ignoring plots in o8r
[Tue Apr 23 00:02:43 2024]: running...
[Tue Apr 23 00:02:43 2024]: running a time series
[Tue Apr 23 00:02:43 2024]: will run for 500 time units, 5000 points
[Tue Apr 23 00:02:43 2024]: returning 120024 data bytes to client
[Tue Apr 23 00:02:43 2024]: run complete (0.006 s)
[Tue Apr 23 00:02:43 2024]: done running
[Tue Apr 23 00:02:43 2024]: returning (roughly) 1366 log bytes to client
[Tue Apr 23 00:02:57 2024]: link received run message, reading in 1825 bytes of o8r text
[Tue Apr 23 00:02:57 2024]: ignoring notes in o8r
[Tue Apr 23 00:02:57 2024]: ignoring plots in o8r
[Tue Apr 23 00:02:57 2024]: running...
[Tue Apr 23 00:02:57 2024]: running a one parameter bifurcation
[Tue Apr 23 00:02:57 2024]: ignoring xprops
[Tue Apr 23 00:02:57 2024]: solving for steady state
[Tue Apr 23 00:02:57 2024]: trying newton's method
[Tue Apr 23 00:02:57 2024]: try solving time series
[Tue Apr 23 00:02:57 2024]: WARNING: time course run didn't find a stable steady state
[Tue Apr 23 00:02:57 2024]: trying newton's method again to hone in
[Tue Apr 23 00:02:57 2024]: continuing S
[Tue Apr 23 00:02:57 2024]: LibAUTO: starting thread
[Tue Apr 23 00:02:57 2024]: LibAUTO: thread started
[Tue Apr 23 00:02:57 2024]: LibAUTO run time: 0.029 s
[Tue Apr 23 00:02:58 2024]: LibAUTO: starting thread
[Tue Apr 23 00:02:58 2024]: LibAUTO: thread started
[Tue Apr 23 00:02:58 2024]: LibAUTO run time: 0.049 s
[Tue Apr 23 00:02:58 2024]: returning 14328 data bytes to client
[Tue Apr 23 00:02:58 2024]: S took 0.231 seconds (0.23 for actual continuation)
[Tue Apr 23 00:02:58 2024]: run complete (0.268 s)
[Tue Apr 23 00:02:58 2024]: done running
[Tue Apr 23 00:02:58 2024]: returning (roughly) 1243 log bytes to client
[Tue Apr 23 00:03:10 2024]: link received run message, reading in 1788 bytes of o8r text
[Tue Apr 23 00:03:10 2024]: ignoring notes in o8r
[Tue Apr 23 00:03:10 2024]: ignoring plots in o8r
[Tue Apr 23 00:03:10 2024]: running...
[Tue Apr 23 00:03:10 2024]: running limit cycle continuation
[Tue Apr 23 00:03:10 2024]: running for par=S, label=4
[Tue Apr 23 00:03:10 2024]: LibAUTO: starting thread
[Tue Apr 23 00:03:10 2024]: LibAUTO: thread started
[Tue Apr 23 00:03:10 2024]: LibAUTO run time: 0.062 s
[Tue Apr 23 00:03:11 2024]: returning 900 data bytes to client
(0.115 seconds) 
[Tue Apr 23 00:03:11 2024]: run complete (0.115 s)
[Tue Apr 23 00:03:11 2024]: done running
[Tue Apr 23 00:03:11 2024]: returning (roughly) 675 log bytes to client
[Tue Apr 23 00:03:21 2024]: link received run message, reading in 2738 bytes of o8r text
[Tue Apr 23 00:03:21 2024]: ignoring notes in o8r
[Tue Apr 23 00:03:21 2024]: ignoring plots in o8r
[Tue Apr 23 00:03:21 2024]: running...
[Tue Apr 23 00:03:21 2024]: running limit cycle continuation
[Tue Apr 23 00:03:21 2024]: running for par=S, label=4
[Tue Apr 23 00:03:21 2024]: LibAUTO: starting thread
[Tue Apr 23 00:03:21 2024]: LibAUTO: thread started
[Tue Apr 23 00:03:21 2024]: LibAUTO run time: 0.106 s
[Tue Apr 23 00:03:22 2024]: returning 4020 data bytes to client
(0.228 seconds) 
[Tue Apr 23 00:03:22 2024]: run complete (0.228 s)
[Tue Apr 23 00:03:22 2024]: done running
[Tue Apr 23 00:03:22 2024]: returning (roughly) 676 log bytes to client
[Tue Apr 23 00:03:25 2024]: link received run message, reading in 2732 bytes of o8r text
[Tue Apr 23 00:03:25 2024]: ignoring notes in o8r
[Tue Apr 23 00:03:25 2024]: ignoring plots in o8r
[Tue Apr 23 00:03:25 2024]: running...
[Tue Apr 23 00:03:25 2024]: running limit cycle continuation
[Tue Apr 23 00:03:25 2024]: running for par=S, label=4
[Tue Apr 23 00:03:25 2024]: LibAUTO: starting thread
[Tue Apr 23 00:03:25 2024]: LibAUTO: thread started
[Tue Apr 23 00:03:25 2024]: LibAUTO run time: 0.528 s
[Tue Apr 23 00:03:25 2024]: returning 27360 data bytes to client
(0.567 seconds) 
[Tue Apr 23 00:03:25 2024]: run complete (0.568 s)
[Tue Apr 23 00:03:25 2024]: done running
[Tue Apr 23 00:03:25 2024]: returning (roughly) 677 log bytes to client
[Tue Apr 23 00:09:46 2024]: link received run message, reading in 1893 bytes of o8r text
[Tue Apr 23 00:09:46 2024]: ignoring notes in o8r
[Tue Apr 23 00:09:46 2024]: ignoring plots in o8r
[Tue Apr 23 00:09:46 2024]: running...
[Tue Apr 23 00:09:46 2024]: running a two parameter bifurcation
[Tue Apr 23 00:09:46 2024]: ignoring xprops
[Tue Apr 23 00:09:46 2024]: WARNING: don't know what to do with tag par, ignoring
[Tue Apr 23 00:09:46 2024]: starting at label 4
[Tue Apr 23 00:09:46 2024]: continuing...
S vs. kd_x[Tue Apr 23 00:09:46 2024]: LibAUTO: starting thread
[Tue Apr 23 00:09:46 2024]: LibAUTO: thread started
[Tue Apr 23 00:09:46 2024]: ERROR: library O8AUTO failure, code 0, at autlib1.cpp:8198
[Tue Apr 23 00:09:46 2024]: ERROR: external library error
[Tue Apr 23 00:09:46 2024]: ERROR: O8AUTO exception: we'll continue as if nothing happened.
[Tue Apr 23 00:09:46 2024]: ERROR: 
[Tue Apr 23 00:09:46 2024]: ERROR: (module LibAUTO exception) could not open solutions file "4.0/2p_S_kd_x_pos.8" for read, ignoring!
failed at auto_api.cpp:698
[Tue Apr 23 00:09:46 2024]: LibAUTO run time: 0.025 s
[Tue Apr 23 00:09:46 2024]: ERROR: exception was caught while running module LibAUTO
[Tue Apr 23 00:09:46 2024]: LibAUTO: starting thread
[Tue Apr 23 00:09:46 2024]: LibAUTO: thread started
[Tue Apr 23 00:09:46 2024]: ERROR: 
[Tue Apr 23 00:09:46 2024]: ERROR: (module LibAUTO exception) could not open solutions file "4.0/2p_S_kd_x_neg.8" for read, ignoring!
failed at auto_api.cpp:698
[Tue Apr 23 00:09:46 2024]: LibAUTO run time: 0.003 s
[Tue Apr 23 00:09:46 2024]: ERROR: exception was caught while running module LibAUTO
[Tue Apr 23 00:09:46 2024]: returning 0 data bytes to client
(0.22 seconds) 
[Tue Apr 23 00:09:46 2024]: run complete (0.221 s)
[Tue Apr 23 00:09:46 2024]: done running
[Tue Apr 23 00:09:46 2024]: returning (roughly) 1806 log bytes to client
[Tue Apr 23 00:10:14 2024]: link received run message, reading in 1893 bytes of o8r text
[Tue Apr 23 00:10:14 2024]: ignoring notes in o8r
[Tue Apr 23 00:10:14 2024]: ignoring plots in o8r
[Tue Apr 23 00:10:14 2024]: running...
[Tue Apr 23 00:10:14 2024]: running a two parameter bifurcation
[Tue Apr 23 00:10:14 2024]: ignoring xprops
[Tue Apr 23 00:10:14 2024]: WARNING: don't know what to do with tag par, ignoring
[Tue Apr 23 00:10:14 2024]: starting at label 4
[Tue Apr 23 00:10:14 2024]: continuing...
S vs. kd_x[Tue Apr 23 00:10:14 2024]: LibAUTO: starting thread
[Tue Apr 23 00:10:14 2024]: LibAUTO: thread started
[Tue Apr 23 00:10:14 2024]: ERROR: library O8AUTO failure, code 0, at autlib1.cpp:8198
[Tue Apr 23 00:10:14 2024]: ERROR: external library error
[Tue Apr 23 00:10:14 2024]: ERROR: O8AUTO exception: we'll continue as if nothing happened.
[Tue Apr 23 00:10:14 2024]: ERROR: 
[Tue Apr 23 00:10:14 2024]: ERROR: (module LibAUTO exception) could not open solutions file "5.0/2p_S_kd_x_pos.8" for read, ignoring!
failed at auto_api.cpp:698
[Tue Apr 23 00:10:14 2024]: LibAUTO run time: 0.028 s
[Tue Apr 23 00:10:14 2024]: ERROR: exception was caught while running module LibAUTO
[Tue Apr 23 00:10:14 2024]: LibAUTO: starting thread
[Tue Apr 23 00:10:14 2024]: LibAUTO: thread started
[Tue Apr 23 00:10:14 2024]: ERROR: 
[Tue Apr 23 00:10:14 2024]: ERROR: (module LibAUTO exception) could not open solutions file "5.0/2p_S_kd_x_neg.8" for read, ignoring!
failed at auto_api.cpp:698
[Tue Apr 23 00:10:14 2024]: LibAUTO run time: 0.005 s
[Tue Apr 23 00:10:14 2024]: ERROR: exception was caught while running module LibAUTO
[Tue Apr 23 00:10:14 2024]: returning 0 data bytes to client
(0.226 seconds) 
[Tue Apr 23 00:10:14 2024]: run complete (0.227 s)
[Tue Apr 23 00:10:14 2024]: done running
[Tue Apr 23 00:10:14 2024]: returning (roughly) 1807 log bytes to client
[Tue Apr 23 00:10:59 2024]: link received run message, reading in 1893 bytes of o8r text
[Tue Apr 23 00:10:59 2024]: ignoring notes in o8r
[Tue Apr 23 00:10:59 2024]: ignoring plots in o8r
[Tue Apr 23 00:10:59 2024]: running...
[Tue Apr 23 00:10:59 2024]: running a two parameter bifurcation
[Tue Apr 23 00:10:59 2024]: ignoring xprops
[Tue Apr 23 00:10:59 2024]: WARNING: don't know what to do with tag par, ignoring
[Tue Apr 23 00:10:59 2024]: starting at label 8
[Tue Apr 23 00:10:59 2024]: continuing...
S vs. kd_x[Tue Apr 23 00:10:59 2024]: LibAUTO: starting thread
[Tue Apr 23 00:10:59 2024]: LibAUTO: thread started
[Tue Apr 23 00:10:59 2024]: ERROR: library O8AUTO failure, code 0, at autlib1.cpp:8198
[Tue Apr 23 00:10:59 2024]: ERROR: external library error
[Tue Apr 23 00:10:59 2024]: ERROR: O8AUTO exception: we'll continue as if nothing happened.
[Tue Apr 23 00:10:59 2024]: ERROR: 
[Tue Apr 23 00:10:59 2024]: ERROR: (module LibAUTO exception) could not open solutions file "6.0/2p_S_kd_x_pos.8" for read, ignoring!
failed at auto_api.cpp:698
[Tue Apr 23 00:10:59 2024]: LibAUTO run time: 0.002 s
[Tue Apr 23 00:10:59 2024]: ERROR: exception was caught while running module LibAUTO
[Tue Apr 23 00:10:59 2024]: LibAUTO: starting thread
[Tue Apr 23 00:10:59 2024]: LibAUTO: thread started
[Tue Apr 23 00:10:59 2024]: ERROR: 
[Tue Apr 23 00:10:59 2024]: ERROR: (module LibAUTO exception) could not open solutions file "6.0/2p_S_kd_x_neg.8" for read, ignoring!
failed at auto_api.cpp:698
[Tue Apr 23 00:10:59 2024]: LibAUTO run time: 0.004 s
[Tue Apr 23 00:10:59 2024]: ERROR: exception was caught while running module LibAUTO
[Tue Apr 23 00:10:59 2024]: returning 0 data bytes to client
(0.214 seconds) 
[Tue Apr 23 00:10:59 2024]: run complete (0.215 s)
[Tue Apr 23 00:10:59 2024]: done running
[Tue Apr 23 00:10:59 2024]: returning (roughly) 1807 log bytes to client
[Tue Apr 23 00:11:04 2024]: link received quit message, exiting.
[Tue Apr 23 00:11:04 2024]: link outfifo: waiting for thread to finish...
[Tue Apr 23 00:11:04 2024]: o8core link run time: 515.526 s
[Tue Apr 23 00:11:04 2024]: link outfifo run time: 515.527 s
[Tue Apr 23 00:11:04 2024]: link outfifo: 166632 bytes in, 166632 bytes out
[Tue Apr 23 00:11:04 2024]: all done!
