
o8core, 2.0.11
author: Emery Conrad
build date: Jan 14 2011, 13:23:16

[Wed Apr 10 22:25:48 2024]: creating logfile o8core_101_22_25_48.log
[Wed Apr 10 22:25:48 2024]: initializing link on port 28472
[Wed Apr 10 22:25:48 2024]: initializing winsock library
[Wed Apr 10 22:25:48 2024]: link port is 28472
[Wed Apr 10 22:25:48 2024]: port 28472 is bound
[Wed Apr 10 22:25:48 2024]: listening on port 28472
[Wed Apr 10 22:25:48 2024]: link outfifo: starting thread
[Wed Apr 10 22:25:48 2024]: link outfifo: thread started
[Wed Apr 10 22:25:48 2024]: o8core link: starting thread
[Wed Apr 10 22:25:48 2024]: o8core link: thread started
[Wed Apr 10 22:25:49 2024]: accepted socket connection on port 51178
[Wed Apr 10 22:25:49 2024]: link received initialization message, reading in 773 bytes of model text
[Wed Apr 10 22:25:49 2024]: ignoring o8mi tag in model init
[Wed Apr 10 22:25:58 2024]: link received run message, reading in 2532 bytes of o8r text
[Wed Apr 10 22:25:58 2024]: ignoring notes in o8r
[Wed Apr 10 22:25:58 2024]: ignoring plots in o8r
[Wed Apr 10 22:25:58 2024]: running...
[Wed Apr 10 22:25:58 2024]: running a time series
[Wed Apr 10 22:25:58 2024]: will run for 200 time units, 4000 points
[Wed Apr 10 22:25:58 2024]: returning 352088 data bytes to client
[Wed Apr 10 22:25:58 2024]: run complete (0 s)
[Wed Apr 10 22:25:58 2024]: done running
[Wed Apr 10 22:25:58 2024]: returning (roughly) 1364 log bytes to client
[Wed Apr 10 22:28:38 2024]: link received run message, reading in 2622 bytes of o8r text
[Wed Apr 10 22:28:38 2024]: ignoring notes in o8r
[Wed Apr 10 22:28:38 2024]: ignoring plots in o8r
[Wed Apr 10 22:28:38 2024]: running...
[Wed Apr 10 22:28:38 2024]: running a one parameter bifurcation
[Wed Apr 10 22:28:38 2024]: ignoring xprops
[Wed Apr 10 22:28:38 2024]: solving for steady state
[Wed Apr 10 22:28:38 2024]: trying newton's method
[Wed Apr 10 22:28:38 2024]: try solving time series
[Wed Apr 10 22:28:38 2024]: WARNING: time course run didn't find a stable steady state
[Wed Apr 10 22:28:38 2024]: trying newton's method again to hone in
[Wed Apr 10 22:28:38 2024]: ERROR: could not find initial steady state to begin continuation
please set a valid steady state and run again
[Wed Apr 10 22:28:38 2024]: run complete (0.009 s)
[Wed Apr 10 22:28:38 2024]: done running
[Wed Apr 10 22:28:38 2024]: returning (roughly) 878 log bytes to client
