
o8core, 2.0.11
author: Emery Conrad
build date: Jan 14 2011, 13:23:16

[Wed Apr 10 22:15:12 2024]: creating logfile o8core_101_22_15_12.log
[Wed Apr 10 22:15:12 2024]: initializing link on port 28472
[Wed Apr 10 22:15:12 2024]: initializing winsock library
[Wed Apr 10 22:15:12 2024]: link port is 28472
[Wed Apr 10 22:15:12 2024]: port 28472 is bound
[Wed Apr 10 22:15:12 2024]: listening on port 28472
[Wed Apr 10 22:15:12 2024]: link outfifo: starting thread
[Wed Apr 10 22:15:12 2024]: link outfifo: thread started
[Wed Apr 10 22:15:12 2024]: o8core link: starting thread
[Wed Apr 10 22:15:12 2024]: o8core link: thread started
[Wed Apr 10 22:15:13 2024]: accepted socket connection on port 31720
[Wed Apr 10 22:15:13 2024]: link received initialization message, reading in 789 bytes of model text
[Wed Apr 10 22:15:13 2024]: ignoring o8mi tag in model init
[Wed Apr 10 22:15:19 2024]: link received run message, reading in 2510 bytes of o8r text
[Wed Apr 10 22:15:19 2024]: ignoring notes in o8r
[Wed Apr 10 22:15:19 2024]: ignoring plots in o8r
[Wed Apr 10 22:15:19 2024]: running...
[Wed Apr 10 22:15:19 2024]: running a time series
[Wed Apr 10 22:15:19 2024]: will run for 250 time units, 500 points
[Wed Apr 10 22:15:19 2024]: returning 40080 data bytes to client
[Wed Apr 10 22:15:19 2024]: run complete (0 s)
[Wed Apr 10 22:15:19 2024]: done running
[Wed Apr 10 22:15:19 2024]: returning (roughly) 1362 log bytes to client
[Wed Apr 10 22:15:57 2024]: link received run message, reading in 2511 bytes of o8r text
[Wed Apr 10 22:15:57 2024]: ignoring notes in o8r
[Wed Apr 10 22:15:57 2024]: ignoring plots in o8r
[Wed Apr 10 22:15:57 2024]: running...
[Wed Apr 10 22:15:57 2024]: running a time series
[Wed Apr 10 22:15:57 2024]: will run for 100 time units, 1000 points
[Wed Apr 10 22:15:57 2024]: returning 80080 data bytes to client
[Wed Apr 10 22:15:57 2024]: run complete (0 s)
[Wed Apr 10 22:15:57 2024]: done running
[Wed Apr 10 22:15:57 2024]: returning (roughly) 500 log bytes to client
[Wed Apr 10 22:22:10 2024]: link received reconcile model data message, reading in 1967 bytes of model data text
[Wed Apr 10 22:22:10 2024]: reconciling...
[Wed Apr 10 22:22:10 2024]: done
[Wed Apr 10 22:22:10 2024]: link received run message, reading in 2601 bytes of o8r text
[Wed Apr 10 22:22:10 2024]: ignoring notes in o8r
[Wed Apr 10 22:22:10 2024]: ignoring plots in o8r
[Wed Apr 10 22:22:10 2024]: running...
[Wed Apr 10 22:22:10 2024]: running a one parameter bifurcation
[Wed Apr 10 22:22:10 2024]: ignoring xprops
[Wed Apr 10 22:22:10 2024]: solving for steady state
[Wed Apr 10 22:22:10 2024]: trying newton's method
[Wed Apr 10 22:22:10 2024]: try solving time series
[Wed Apr 10 22:22:10 2024]: WARNING: time course run didn't find a stable steady state
[Wed Apr 10 22:22:10 2024]: trying newton's method again to hone in
[Wed Apr 10 22:22:10 2024]: continuing kinase_tot
[Wed Apr 10 22:22:10 2024]: LibAUTO: starting thread
[Wed Apr 10 22:22:10 2024]: LibAUTO: thread started
[Wed Apr 10 22:22:10 2024]: LibAUTO run time: 0.079 s
[Wed Apr 10 22:22:10 2024]: LibAUTO: starting thread
[Wed Apr 10 22:22:10 2024]: LibAUTO: thread started
[Wed Apr 10 22:22:10 2024]: LibAUTO run time: 0.079 s
[Wed Apr 10 22:22:10 2024]: returning 13804 data bytes to client
[Wed Apr 10 22:22:10 2024]: kinase_tot took 0.237 seconds (0.237 for actual continuation)
[Wed Apr 10 22:22:10 2024]: run complete (0.237 s)
[Wed Apr 10 22:22:10 2024]: done running
[Wed Apr 10 22:22:10 2024]: returning (roughly) 1451 log bytes to client
[Wed Apr 10 22:22:10 2024]: link received reconcile model data message, reading in 1968 bytes of model data text
[Wed Apr 10 22:22:10 2024]: reconciling...
[Wed Apr 10 22:22:10 2024]: done
[Wed Apr 10 22:22:10 2024]: link received run message, reading in 2603 bytes of o8r text
[Wed Apr 10 22:22:10 2024]: ignoring notes in o8r
[Wed Apr 10 22:22:10 2024]: ignoring plots in o8r
[Wed Apr 10 22:22:10 2024]: running...
[Wed Apr 10 22:22:10 2024]: running a one parameter bifurcation
[Wed Apr 10 22:22:10 2024]: ignoring xprops
[Wed Apr 10 22:22:10 2024]: solving for steady state
[Wed Apr 10 22:22:10 2024]: trying newton's method
[Wed Apr 10 22:22:10 2024]: try solving time series
[Wed Apr 10 22:22:10 2024]: WARNING: time course run didn't find a stable steady state
[Wed Apr 10 22:22:10 2024]: trying newton's method again to hone in
[Wed Apr 10 22:22:10 2024]: continuing kinase_tot
[Wed Apr 10 22:22:10 2024]: LibAUTO: starting thread
[Wed Apr 10 22:22:10 2024]: LibAUTO: thread started
[Wed Apr 10 22:22:10 2024]: LibAUTO run time: 0.031 s
[Wed Apr 10 22:22:11 2024]: LibAUTO: starting thread
[Wed Apr 10 22:22:11 2024]: LibAUTO: thread started
[Wed Apr 10 22:22:11 2024]: LibAUTO run time: 0.109 s
[Wed Apr 10 22:22:11 2024]: returning 11220 data bytes to client
[Wed Apr 10 22:22:11 2024]: kinase_tot took 0.349 seconds (0.349 for actual continuation)
[Wed Apr 10 22:22:11 2024]: run complete (0.365 s)
[Wed Apr 10 22:22:11 2024]: done running
[Wed Apr 10 22:22:11 2024]: returning (roughly) 1451 log bytes to client
[Wed Apr 10 22:22:11 2024]: link received reconcile model data message, reading in 1965 bytes of model data text
[Wed Apr 10 22:22:11 2024]: reconciling...
[Wed Apr 10 22:22:11 2024]: done
[Wed Apr 10 22:22:11 2024]: link received run message, reading in 2599 bytes of o8r text
[Wed Apr 10 22:22:11 2024]: ignoring notes in o8r
[Wed Apr 10 22:22:11 2024]: ignoring plots in o8r
[Wed Apr 10 22:22:11 2024]: running...
[Wed Apr 10 22:22:11 2024]: running a one parameter bifurcation
[Wed Apr 10 22:22:11 2024]: ignoring xprops
[Wed Apr 10 22:22:11 2024]: solving for steady state
[Wed Apr 10 22:22:11 2024]: trying newton's method
[Wed Apr 10 22:22:11 2024]: try solving time series
[Wed Apr 10 22:22:11 2024]: WARNING: time course run didn't find a stable steady state
[Wed Apr 10 22:22:11 2024]: trying newton's method again to hone in
[Wed Apr 10 22:22:11 2024]: continuing kinase_tot
[Wed Apr 10 22:22:11 2024]: LibAUTO: starting thread
[Wed Apr 10 22:22:11 2024]: LibAUTO: thread started
[Wed Apr 10 22:22:11 2024]: LibAUTO run time: 0.031 s
[Wed Apr 10 22:22:11 2024]: LibAUTO: starting thread
[Wed Apr 10 22:22:11 2024]: LibAUTO: thread started
[Wed Apr 10 22:22:11 2024]: LibAUTO run time: 0.062 s
[Wed Apr 10 22:22:11 2024]: returning 10472 data bytes to client
[Wed Apr 10 22:22:11 2024]: kinase_tot took 0.219 seconds (0.219 for actual continuation)
[Wed Apr 10 22:22:11 2024]: run complete (0.234 s)
[Wed Apr 10 22:22:11 2024]: done running
[Wed Apr 10 22:22:11 2024]: returning (roughly) 1451 log bytes to client
[Wed Apr 10 22:22:11 2024]: link received reconcile model data message, reading in 1967 bytes of model data text
[Wed Apr 10 22:22:11 2024]: reconciling...
[Wed Apr 10 22:22:11 2024]: done
[Wed Apr 10 22:22:11 2024]: link received run message, reading in 2601 bytes of o8r text
[Wed Apr 10 22:22:11 2024]: ignoring notes in o8r
[Wed Apr 10 22:22:11 2024]: ignoring plots in o8r
[Wed Apr 10 22:22:11 2024]: running...
[Wed Apr 10 22:22:11 2024]: running a one parameter bifurcation
[Wed Apr 10 22:22:11 2024]: ignoring xprops
[Wed Apr 10 22:22:11 2024]: solving for steady state
[Wed Apr 10 22:22:11 2024]: trying newton's method
[Wed Apr 10 22:22:11 2024]: try solving time series
[Wed Apr 10 22:22:11 2024]: WARNING: time course run didn't find a stable steady state
[Wed Apr 10 22:22:11 2024]: trying newton's method again to hone in
[Wed Apr 10 22:22:11 2024]: continuing kinase_tot
[Wed Apr 10 22:22:11 2024]: LibAUTO: starting thread
[Wed Apr 10 22:22:11 2024]: LibAUTO: thread started
[Wed Apr 10 22:22:11 2024]: LibAUTO run time: 0.031 s
[Wed Apr 10 22:22:11 2024]: LibAUTO: starting thread
[Wed Apr 10 22:22:11 2024]: LibAUTO: thread started
[Wed Apr 10 22:22:11 2024]: LibAUTO run time: 0.094 s
[Wed Apr 10 22:22:11 2024]: returning 14892 data bytes to client
[Wed Apr 10 22:22:11 2024]: kinase_tot took 0.361 seconds (0.361 for actual continuation)
[Wed Apr 10 22:22:11 2024]: run complete (0.376 s)
[Wed Apr 10 22:22:11 2024]: done running
[Wed Apr 10 22:22:11 2024]: returning (roughly) 1451 log bytes to client
[Wed Apr 10 22:22:11 2024]: link received reconcile model data message, reading in 1968 bytes of model data text
[Wed Apr 10 22:22:11 2024]: reconciling...
[Wed Apr 10 22:22:11 2024]: done
[Wed Apr 10 22:22:12 2024]: link received run message, reading in 2601 bytes of o8r text
[Wed Apr 10 22:22:12 2024]: ignoring notes in o8r
[Wed Apr 10 22:22:12 2024]: ignoring plots in o8r
[Wed Apr 10 22:22:12 2024]: running...
[Wed Apr 10 22:22:12 2024]: running a one parameter bifurcation
[Wed Apr 10 22:22:12 2024]: ignoring xprops
[Wed Apr 10 22:22:12 2024]: solving for steady state
[Wed Apr 10 22:22:12 2024]: trying newton's method
[Wed Apr 10 22:22:12 2024]: try solving time series
[Wed Apr 10 22:22:12 2024]: WARNING: time course run didn't find a stable steady state
[Wed Apr 10 22:22:12 2024]: trying newton's method again to hone in
[Wed Apr 10 22:22:12 2024]: continuing kinase_tot
[Wed Apr 10 22:22:12 2024]: LibAUTO: starting thread
[Wed Apr 10 22:22:12 2024]: LibAUTO: thread started
[Wed Apr 10 22:22:12 2024]: LibAUTO run time: 0.036 s
[Wed Apr 10 22:22:12 2024]: LibAUTO: starting thread
[Wed Apr 10 22:22:12 2024]: LibAUTO: thread started
[Wed Apr 10 22:22:12 2024]: LibAUTO run time: 0.047 s
[Wed Apr 10 22:22:12 2024]: returning 12444 data bytes to client
[Wed Apr 10 22:22:12 2024]: kinase_tot took 0.236 seconds (0.236 for actual continuation)
[Wed Apr 10 22:22:12 2024]: run complete (0.236 s)
[Wed Apr 10 22:22:12 2024]: done running
[Wed Apr 10 22:22:12 2024]: returning (roughly) 1451 log bytes to client
[Wed Apr 10 22:22:12 2024]: link received reconcile model data message, reading in 1968 bytes of model data text
[Wed Apr 10 22:22:12 2024]: reconciling...
[Wed Apr 10 22:22:12 2024]: done
[Wed Apr 10 22:22:12 2024]: link received run message, reading in 2601 bytes of o8r text
[Wed Apr 10 22:22:12 2024]: ignoring notes in o8r
[Wed Apr 10 22:22:12 2024]: ignoring plots in o8r
[Wed Apr 10 22:22:12 2024]: running...
[Wed Apr 10 22:22:12 2024]: running a one parameter bifurcation
[Wed Apr 10 22:22:12 2024]: ignoring xprops
[Wed Apr 10 22:22:12 2024]: solving for steady state
[Wed Apr 10 22:22:12 2024]: trying newton's method
[Wed Apr 10 22:22:12 2024]: try solving time series
[Wed Apr 10 22:22:12 2024]: WARNING: time course run didn't find a stable steady state
[Wed Apr 10 22:22:12 2024]: trying newton's method again to hone in
[Wed Apr 10 22:22:12 2024]: ERROR: could not find initial steady state to begin continuation
please set a valid steady state and run again
[Wed Apr 10 22:22:12 2024]: run complete (0 s)
[Wed Apr 10 22:22:12 2024]: done running
[Wed Apr 10 22:22:12 2024]: returning (roughly) 1063 log bytes to client
[Wed Apr 10 22:22:12 2024]: link received reconcile model data message, reading in 1965 bytes of model data text
[Wed Apr 10 22:22:12 2024]: reconciling...
[Wed Apr 10 22:22:12 2024]: done
[Wed Apr 10 22:22:12 2024]: link received run message, reading in 2540 bytes of o8r text
[Wed Apr 10 22:22:12 2024]: ignoring notes in o8r
[Wed Apr 10 22:22:12 2024]: ignoring plots in o8r
[Wed Apr 10 22:22:12 2024]: running...
[Wed Apr 10 22:22:12 2024]: running a one parameter bifurcation
[Wed Apr 10 22:22:12 2024]: ignoring xprops
[Wed Apr 10 22:22:12 2024]: solving for steady state
[Wed Apr 10 22:22:12 2024]: trying newton's method
[Wed Apr 10 22:22:12 2024]: try solving time series
[Wed Apr 10 22:22:12 2024]: WARNING: time course run didn't find a stable steady state
[Wed Apr 10 22:22:12 2024]: trying newton's method again to hone in
[Wed Apr 10 22:22:12 2024]: ERROR: could not find initial steady state to begin continuation
please set a valid steady state and run again
[Wed Apr 10 22:22:12 2024]: run complete (0.006 s)
[Wed Apr 10 22:22:12 2024]: done running
[Wed Apr 10 22:22:12 2024]: returning (roughly) 1067 log bytes to client
[Wed Apr 10 22:24:46 2024]: link received quit message, exiting.
[Wed Apr 10 22:24:46 2024]: link outfifo: waiting for thread to finish...
[Wed Apr 10 22:24:46 2024]: o8core link run time: 573.878 s
[Wed Apr 10 22:24:46 2024]: link outfifo run time: 573.878 s
[Wed Apr 10 22:24:46 2024]: link outfifo: 182992 bytes in, 182992 bytes out
[Wed Apr 10 22:24:46 2024]: all done!
