
o8core, 2.0.11
author: Emery Conrad
build date: Jan 14 2011, 13:23:16

[Wed Apr 10 18:58:36 2024]: creating logfile o8core_101_18_58_36.log
[Wed Apr 10 18:58:36 2024]: initializing link on port 28472
[Wed Apr 10 18:58:36 2024]: initializing winsock library
[Wed Apr 10 18:58:36 2024]: link port is 28472
[Wed Apr 10 18:58:36 2024]: port 28472 is bound
[Wed Apr 10 18:58:36 2024]: listening on port 28472
[Wed Apr 10 18:58:36 2024]: link outfifo: starting thread
[Wed Apr 10 18:58:36 2024]: link outfifo: thread started
[Wed Apr 10 18:58:36 2024]: o8core link: starting thread
[Wed Apr 10 18:58:36 2024]: o8core link: thread started
[Wed Apr 10 18:58:36 2024]: accepted socket connection on port 13254
[Wed Apr 10 18:58:36 2024]: link received initialization message, reading in 782 bytes of model text
[Wed Apr 10 18:58:36 2024]: ignoring o8mi tag in model init
[Wed Apr 10 19:01:28 2024]: link received reconcile model data message, reading in 1897 bytes of model data text
[Wed Apr 10 19:01:28 2024]: reconciling...
[Wed Apr 10 19:01:28 2024]: done
[Wed Apr 10 19:01:28 2024]: link received run message, reading in 2529 bytes of o8r text
[Wed Apr 10 19:01:28 2024]: ignoring notes in o8r
[Wed Apr 10 19:01:28 2024]: ignoring plots in o8r
[Wed Apr 10 19:01:28 2024]: running...
[Wed Apr 10 19:01:28 2024]: running a one parameter bifurcation
[Wed Apr 10 19:01:28 2024]: ignoring xprops
[Wed Apr 10 19:01:28 2024]: solving for steady state
[Wed Apr 10 19:01:28 2024]: trying newton's method
[Wed Apr 10 19:01:28 2024]: try solving time series
[Wed Apr 10 19:01:28 2024]: WARNING: time course run didn't find a stable steady state
[Wed Apr 10 19:01:28 2024]: trying newton's method again to hone in
[Wed Apr 10 19:01:28 2024]: ERROR: could not find initial steady state to begin continuation
please set a valid steady state and run again
[Wed Apr 10 19:01:28 2024]: run complete (0.01 s)
[Wed Apr 10 19:01:28 2024]: done running
[Wed Apr 10 19:01:28 2024]: returning (roughly) 1929 log bytes to client
[Wed Apr 10 19:01:28 2024]: link received reconcile model data message, reading in 1900 bytes of model data text
[Wed Apr 10 19:01:28 2024]: reconciling...
[Wed Apr 10 19:01:28 2024]: done
[Wed Apr 10 19:01:28 2024]: link received run message, reading in 2478 bytes of o8r text
[Wed Apr 10 19:01:28 2024]: ignoring notes in o8r
[Wed Apr 10 19:01:28 2024]: ignoring plots in o8r
[Wed Apr 10 19:01:28 2024]: running...
[Wed Apr 10 19:01:28 2024]: running a one parameter bifurcation
[Wed Apr 10 19:01:28 2024]: ignoring xprops
[Wed Apr 10 19:01:28 2024]: solving for steady state
[Wed Apr 10 19:01:28 2024]: trying newton's method
[Wed Apr 10 19:01:28 2024]: try solving time series
[Wed Apr 10 19:01:28 2024]: WARNING: time course run didn't find a stable steady state
[Wed Apr 10 19:01:28 2024]: trying newton's method again to hone in
[Wed Apr 10 19:01:28 2024]: ERROR: could not find initial steady state to begin continuation
please set a valid steady state and run again
[Wed Apr 10 19:01:28 2024]: run complete (0.012 s)
[Wed Apr 10 19:01:28 2024]: done running
[Wed Apr 10 19:01:28 2024]: returning (roughly) 1067 log bytes to client
[Wed Apr 10 20:21:13 2024]: link received run message, reading in 2530 bytes of o8r text
[Wed Apr 10 20:21:13 2024]: ignoring notes in o8r
[Wed Apr 10 20:21:13 2024]: ignoring plots in o8r
[Wed Apr 10 20:21:13 2024]: running...
[Wed Apr 10 20:21:13 2024]: running a one parameter bifurcation
[Wed Apr 10 20:21:13 2024]: ignoring xprops
[Wed Apr 10 20:21:13 2024]: solving for steady state
[Wed Apr 10 20:21:13 2024]: trying newton's method
[Wed Apr 10 20:21:13 2024]: try solving time series
[Wed Apr 10 20:21:13 2024]: WARNING: time course run didn't find a stable steady state
[Wed Apr 10 20:21:13 2024]: trying newton's method again to hone in
[Wed Apr 10 20:21:13 2024]: continuing kinase_tot
[Wed Apr 10 20:21:13 2024]: LibAUTO: starting thread
[Wed Apr 10 20:21:13 2024]: LibAUTO: thread started
[Wed Apr 10 20:21:13 2024]: LibAUTO run time: 0.065 s
[Wed Apr 10 20:21:13 2024]: LibAUTO: starting thread
[Wed Apr 10 20:21:13 2024]: LibAUTO: thread started
[Wed Apr 10 20:21:13 2024]: LibAUTO run time: 0.047 s
[Wed Apr 10 20:21:13 2024]: returning 10472 data bytes to client
[Wed Apr 10 20:21:13 2024]: kinase_tot took 0.229 seconds (0.229 for actual continuation)
[Wed Apr 10 20:21:13 2024]: run complete (0.237 s)
[Wed Apr 10 20:21:13 2024]: done running
[Wed Apr 10 20:21:13 2024]: returning (roughly) 1262 log bytes to client
[Wed Apr 10 22:14:50 2024]: link received quit message, exiting.
[Wed Apr 10 22:14:50 2024]: link outfifo: waiting for thread to finish...
[Wed Apr 10 22:14:50 2024]: o8core link run time: 11774.4 s
[Wed Apr 10 22:14:50 2024]: link outfifo run time: 11774.4 s
[Wed Apr 10 22:14:50 2024]: link outfifo: 10472 bytes in, 10472 bytes out
[Wed Apr 10 22:14:50 2024]: all done!
