
o8core, 2.0.11
author: Emery Conrad
build date: Jan 14 2011, 13:23:16

[Wed Apr 10 22:29:53 2024]: creating logfile o8core_101_22_29_53.log
[Wed Apr 10 22:29:53 2024]: initializing link on port 28472
[Wed Apr 10 22:29:53 2024]: initializing winsock library
[Wed Apr 10 22:29:53 2024]: link port is 28472
[Wed Apr 10 22:29:53 2024]: port 28472 is bound
[Wed Apr 10 22:29:53 2024]: listening on port 28472
[Wed Apr 10 22:29:53 2024]: link outfifo: starting thread
[Wed Apr 10 22:29:53 2024]: link outfifo: thread started
[Wed Apr 10 22:29:53 2024]: o8core link: starting thread
[Wed Apr 10 22:29:53 2024]: o8core link: thread started
[Wed Apr 10 22:29:53 2024]: accepted socket connection on port 44523
[Wed Apr 10 22:29:53 2024]: link received initialization message, reading in 773 bytes of model text
[Wed Apr 10 22:29:53 2024]: ignoring o8mi tag in model init
[Wed Apr 10 22:31:28 2024]: link received run message, reading in 2532 bytes of o8r text
[Wed Apr 10 22:31:28 2024]: ignoring notes in o8r
[Wed Apr 10 22:31:28 2024]: ignoring plots in o8r
[Wed Apr 10 22:31:28 2024]: running...
[Wed Apr 10 22:31:28 2024]: running a time series
[Wed Apr 10 22:31:28 2024]: will run for 150 time units, 6000 points
[Wed Apr 10 22:31:28 2024]: returning 528088 data bytes to client
[Wed Apr 10 22:31:28 2024]: run complete (0.015 s)
[Wed Apr 10 22:31:28 2024]: done running
[Wed Apr 10 22:31:28 2024]: returning (roughly) 1368 log bytes to client
[Wed Apr 10 22:32:59 2024]: link received run message, reading in 2622 bytes of o8r text
[Wed Apr 10 22:32:59 2024]: ignoring notes in o8r
[Wed Apr 10 22:32:59 2024]: ignoring plots in o8r
[Wed Apr 10 22:32:59 2024]: running...
[Wed Apr 10 22:32:59 2024]: running a one parameter bifurcation
[Wed Apr 10 22:32:59 2024]: ignoring xprops
[Wed Apr 10 22:32:59 2024]: solving for steady state
[Wed Apr 10 22:32:59 2024]: trying newton's method
[Wed Apr 10 22:32:59 2024]: try solving time series
[Wed Apr 10 22:32:59 2024]: WARNING: time course run didn't find a stable steady state
[Wed Apr 10 22:32:59 2024]: trying newton's method again to hone in
[Wed Apr 10 22:32:59 2024]: continuing kinase_tot
[Wed Apr 10 22:32:59 2024]: LibAUTO: starting thread
[Wed Apr 10 22:32:59 2024]: LibAUTO: thread started
[Wed Apr 10 22:33:00 2024]: LibAUTO run time: 0.141 s
[Wed Apr 10 22:33:00 2024]: LibAUTO: starting thread
[Wed Apr 10 22:33:00 2024]: LibAUTO: thread started
[Wed Apr 10 22:33:00 2024]: LibAUTO run time: 0.095 s
[Wed Apr 10 22:33:00 2024]: returning 46104 data bytes to client
[Wed Apr 10 22:33:00 2024]: kinase_tot took 0.346 seconds (0.346 for actual continuation)
[Wed Apr 10 22:33:00 2024]: run complete (0.346 s)
[Wed Apr 10 22:33:00 2024]: done running
[Wed Apr 10 22:33:00 2024]: returning (roughly) 1262 log bytes to client
[Wed Apr 10 22:33:37 2024]: link received run message, reading in 2619 bytes of o8r text
[Wed Apr 10 22:33:37 2024]: ignoring notes in o8r
[Wed Apr 10 22:33:37 2024]: ignoring plots in o8r
[Wed Apr 10 22:33:37 2024]: running...
[Wed Apr 10 22:33:37 2024]: running a one parameter bifurcation
[Wed Apr 10 22:33:37 2024]: ignoring xprops
[Wed Apr 10 22:33:37 2024]: solving for steady state
[Wed Apr 10 22:33:37 2024]: trying newton's method
[Wed Apr 10 22:33:37 2024]: try solving time series
[Wed Apr 10 22:33:37 2024]: WARNING: time course run didn't find a stable steady state
[Wed Apr 10 22:33:37 2024]: trying newton's method again to hone in
[Wed Apr 10 22:33:37 2024]: continuing kinase_tot
[Wed Apr 10 22:33:37 2024]: LibAUTO: starting thread
[Wed Apr 10 22:33:37 2024]: LibAUTO: thread started
[Wed Apr 10 22:33:37 2024]: LibAUTO run time: 0.088 s
[Wed Apr 10 22:33:37 2024]: LibAUTO: starting thread
[Wed Apr 10 22:33:37 2024]: LibAUTO: thread started
[Wed Apr 10 22:33:37 2024]: LibAUTO run time: 0.048 s
[Wed Apr 10 22:33:37 2024]: returning 30124 data bytes to client
[Wed Apr 10 22:33:37 2024]: kinase_tot took 0.229 seconds (0.229 for actual continuation)
[Wed Apr 10 22:33:37 2024]: run complete (0.239 s)
[Wed Apr 10 22:33:37 2024]: done running
[Wed Apr 10 22:33:37 2024]: returning (roughly) 1262 log bytes to client
[Wed Apr 10 22:49:02 2024]: link received run message, reading in 2622 bytes of o8r text
[Wed Apr 10 22:49:02 2024]: ignoring notes in o8r
[Wed Apr 10 22:49:02 2024]: ignoring plots in o8r
[Wed Apr 10 22:49:02 2024]: running...
[Wed Apr 10 22:49:02 2024]: running a one parameter bifurcation
[Wed Apr 10 22:49:02 2024]: ignoring xprops
[Wed Apr 10 22:49:02 2024]: solving for steady state
[Wed Apr 10 22:49:02 2024]: trying newton's method
[Wed Apr 10 22:49:02 2024]: try solving time series
[Wed Apr 10 22:49:02 2024]: WARNING: time course run didn't find a stable steady state
[Wed Apr 10 22:49:02 2024]: trying newton's method again to hone in
[Wed Apr 10 22:49:02 2024]: continuing kinase_tot
[Wed Apr 10 22:49:02 2024]: LibAUTO: starting thread
[Wed Apr 10 22:49:02 2024]: LibAUTO: thread started
[Wed Apr 10 22:49:02 2024]: LibAUTO run time: 0.112 s
[Wed Apr 10 22:49:02 2024]: LibAUTO: starting thread
[Wed Apr 10 22:49:02 2024]: LibAUTO: thread started
[Wed Apr 10 22:49:02 2024]: LibAUTO run time: 0.109 s
[Wed Apr 10 22:49:02 2024]: returning 31212 data bytes to client
[Wed Apr 10 22:49:02 2024]: kinase_tot took 0.491 seconds (0.491 for actual continuation)
[Wed Apr 10 22:49:02 2024]: run complete (0.501 s)
[Wed Apr 10 22:49:02 2024]: done running
[Wed Apr 10 22:49:02 2024]: returning (roughly) 1262 log bytes to client
[Wed Apr 10 22:49:18 2024]: link received quit message, exiting.
[Wed Apr 10 22:49:18 2024]: link outfifo: waiting for thread to finish...
[Wed Apr 10 22:49:18 2024]: o8core link run time: 1165.01 s
[Wed Apr 10 22:49:18 2024]: link outfifo run time: 1165.01 s
[Wed Apr 10 22:49:18 2024]: link outfifo: 635528 bytes in, 635528 bytes out
[Wed Apr 10 22:49:18 2024]: all done!
