
o8core, 2.0.11
author: Emery Conrad
build date: Jan 14 2011, 13:23:16

[Fri Jul 12 22:29:29 2024]: creating logfile o8core_194_22_29_29.log
[Fri Jul 12 22:29:29 2024]: initializing link on port 28472
[Fri Jul 12 22:29:29 2024]: initializing winsock library
[Fri Jul 12 22:29:29 2024]: link port is 28472
[Fri Jul 12 22:29:29 2024]: port 28472 is bound
[Fri Jul 12 22:29:29 2024]: listening on port 28472
[Fri Jul 12 22:29:29 2024]: link outfifo: starting thread
[Fri Jul 12 22:29:29 2024]: link outfifo: thread started
[Fri Jul 12 22:29:29 2024]: o8core link: starting thread
[Fri Jul 12 22:29:29 2024]: o8core link: thread started
[Fri Jul 12 22:29:29 2024]: accepted socket connection on port 40930
[Fri Jul 12 22:29:29 2024]: link received initialization message, reading in 495 bytes of model text
[Fri Jul 12 22:29:29 2024]: ignoring o8mi tag in model init
[Fri Jul 12 22:29:32 2024]: link received run message, reading in 2311 bytes of o8r text
[Fri Jul 12 22:29:32 2024]: ignoring notes in o8r
[Fri Jul 12 22:29:32 2024]: ignoring plots in o8r
[Fri Jul 12 22:29:32 2024]: running...
[Fri Jul 12 22:29:32 2024]: running a time series
[Fri Jul 12 22:29:32 2024]: will run for 250 time units, 500 points
[Fri Jul 12 22:29:32 2024]: returning 16032 data bytes to client
[Fri Jul 12 22:29:32 2024]: run complete (0.001 s)
[Fri Jul 12 22:29:32 2024]: done running
[Fri Jul 12 22:29:32 2024]: returning (roughly) 1366 log bytes to client
[Fri Jul 12 22:30:01 2024]: link received run message, reading in 2394 bytes of o8r text
[Fri Jul 12 22:30:01 2024]: ignoring notes in o8r
[Fri Jul 12 22:30:01 2024]: ignoring plots in o8r
[Fri Jul 12 22:30:01 2024]: running...
[Fri Jul 12 22:30:01 2024]: running a one parameter bifurcation
[Fri Jul 12 22:30:01 2024]: ignoring xprops
[Fri Jul 12 22:30:01 2024]: solving for steady state
[Fri Jul 12 22:30:01 2024]: trying newton's method
[Fri Jul 12 22:30:01 2024]: try solving time series
[Fri Jul 12 22:30:01 2024]: reached stable steady state
[Fri Jul 12 22:30:01 2024]: continuing K_fbb
[Fri Jul 12 22:30:01 2024]: LibAUTO: starting thread
[Fri Jul 12 22:30:01 2024]: LibAUTO: thread started
[Fri Jul 12 22:30:01 2024]: LibAUTO run time: 0.03 s
[Fri Jul 12 22:30:01 2024]: LibAUTO: starting thread
[Fri Jul 12 22:30:01 2024]: LibAUTO: thread started
[Fri Jul 12 22:30:01 2024]: LibAUTO run time: 0.028 s
[Fri Jul 12 22:30:01 2024]: returning 1848 data bytes to client
[Fri Jul 12 22:30:01 2024]: K_fbb took 0.216 seconds (0.216 for actual continuation)
[Fri Jul 12 22:30:01 2024]: run complete (0.242 s)
[Fri Jul 12 22:30:01 2024]: done running
[Fri Jul 12 22:30:01 2024]: returning (roughly) 1151 log bytes to client
[Fri Jul 12 22:30:04 2024]: link received quit message, exiting.
[Fri Jul 12 22:30:04 2024]: link outfifo: waiting for thread to finish...
[Fri Jul 12 22:30:04 2024]: o8core link run time: 35.716 s
[Fri Jul 12 22:30:04 2024]: link outfifo run time: 35.716 s
[Fri Jul 12 22:30:04 2024]: link outfifo: 17880 bytes in, 17880 bytes out
[Fri Jul 12 22:30:04 2024]: all done!
