
o8core, 2.0.11
author: Emery Conrad
build date: Jan 14 2011, 13:23:16

[Wed May 15 15:29:46 2024]: creating logfile o8core_136_15_29_46.log
[Wed May 15 15:29:46 2024]: initializing link on port 28472
[Wed May 15 15:29:46 2024]: initializing winsock library
[Wed May 15 15:29:46 2024]: link port is 28472
[Wed May 15 15:29:46 2024]: port 28472 is bound
[Wed May 15 15:29:46 2024]: listening on port 28472
[Wed May 15 15:29:46 2024]: link outfifo: starting thread
[Wed May 15 15:29:46 2024]: link outfifo: thread started
[Wed May 15 15:29:46 2024]: o8core link: starting thread
[Wed May 15 15:29:46 2024]: o8core link: thread started
[Wed May 15 15:29:46 2024]: accepted socket connection on port 12751
[Wed May 15 15:29:46 2024]: link received initialization message, reading in 575 bytes of model text
[Wed May 15 15:29:46 2024]: ignoring o8mi tag in model init
[Wed May 15 15:30:11 2024]: link received run message, reading in 2174 bytes of o8r text
[Wed May 15 15:30:11 2024]: ignoring notes in o8r
[Wed May 15 15:30:11 2024]: ignoring plots in o8r
[Wed May 15 15:30:11 2024]: running...
[Wed May 15 15:30:11 2024]: running a time series
[Wed May 15 15:30:11 2024]: will run for 1500 time units, 15000 points
[Wed May 15 15:30:11 2024]: returning 480032 data bytes to client
[Wed May 15 15:30:11 2024]: run complete (0.022 s)
[Wed May 15 15:30:11 2024]: done running
[Wed May 15 15:30:11 2024]: returning (roughly) 1370 log bytes to client
[Wed May 15 15:31:09 2024]: link received run message, reading in 2250 bytes of o8r text
[Wed May 15 15:31:09 2024]: ignoring notes in o8r
[Wed May 15 15:31:09 2024]: ignoring plots in o8r
[Wed May 15 15:31:09 2024]: running...
[Wed May 15 15:31:09 2024]: running a one parameter bifurcation
[Wed May 15 15:31:09 2024]: ignoring xprops
[Wed May 15 15:31:09 2024]: solving for steady state
[Wed May 15 15:31:09 2024]: trying newton's method
[Wed May 15 15:31:09 2024]: try solving time series
[Wed May 15 15:31:09 2024]: WARNING: time course run didn't find a stable steady state
[Wed May 15 15:31:09 2024]: trying newton's method again to hone in
[Wed May 15 15:31:09 2024]: continuing S
[Wed May 15 15:31:09 2024]: LibAUTO: starting thread
[Wed May 15 15:31:09 2024]: LibAUTO: thread started
[Wed May 15 15:31:10 2024]: LibAUTO run time: 0.032 s
[Wed May 15 15:31:10 2024]: LibAUTO: starting thread
[Wed May 15 15:31:10 2024]: LibAUTO: thread started
[Wed May 15 15:31:10 2024]: LibAUTO run time: 0.062 s
[Wed May 15 15:31:10 2024]: returning 16324 data bytes to client
[Wed May 15 15:31:10 2024]: S took 0.226 seconds (0.226 for actual continuation)
[Wed May 15 15:31:10 2024]: run complete (0.236 s)
[Wed May 15 15:31:10 2024]: done running
[Wed May 15 15:31:10 2024]: returning (roughly) 1244 log bytes to client
[Wed May 15 15:31:16 2024]: link received run message, reading in 2213 bytes of o8r text
[Wed May 15 15:31:16 2024]: ignoring notes in o8r
[Wed May 15 15:31:16 2024]: ignoring plots in o8r
[Wed May 15 15:31:16 2024]: running...
[Wed May 15 15:31:16 2024]: running limit cycle continuation
[Wed May 15 15:31:16 2024]: running for par=S, label=2
[Wed May 15 15:31:16 2024]: LibAUTO: starting thread
[Wed May 15 15:31:16 2024]: LibAUTO: thread started
[Wed May 15 15:31:16 2024]: LibAUTO run time: 0.041 s
[Wed May 15 15:31:16 2024]: returning 228 data bytes to client
(0.112 seconds) 
[Wed May 15 15:31:16 2024]: run complete (0.114 s)
[Wed May 15 15:31:16 2024]: done running
[Wed May 15 15:31:16 2024]: returning (roughly) 675 log bytes to client
[Wed May 15 15:31:19 2024]: link received run message, reading in 3312 bytes of o8r text
[Wed May 15 15:31:19 2024]: ignoring notes in o8r
[Wed May 15 15:31:19 2024]: ignoring plots in o8r
[Wed May 15 15:31:19 2024]: running...
[Wed May 15 15:31:19 2024]: running limit cycle continuation
[Wed May 15 15:31:19 2024]: running for par=S, label=2
[Wed May 15 15:31:19 2024]: LibAUTO: starting thread
[Wed May 15 15:31:19 2024]: LibAUTO: thread started
[Wed May 15 15:31:20 2024]: LibAUTO run time: 0.334 s
[Wed May 15 15:31:20 2024]: returning 8436 data bytes to client
(0.358 seconds) 
[Wed May 15 15:31:20 2024]: run complete (0.359 s)
[Wed May 15 15:31:20 2024]: done running
[Wed May 15 15:31:20 2024]: returning (roughly) 676 log bytes to client
[Wed May 15 15:31:46 2024]: link received run message, reading in 3310 bytes of o8r text
[Wed May 15 15:31:46 2024]: ignoring notes in o8r
[Wed May 15 15:31:46 2024]: ignoring plots in o8r
[Wed May 15 15:31:46 2024]: running...
[Wed May 15 15:31:46 2024]: running limit cycle continuation
[Wed May 15 15:31:46 2024]: running for par=S, label=2
[Wed May 15 15:31:46 2024]: LibAUTO: starting thread
[Wed May 15 15:31:46 2024]: LibAUTO: thread started
[Wed May 15 15:31:46 2024]: LibAUTO run time: 0.042 s
[Wed May 15 15:31:46 2024]: returning 228 data bytes to client
(0.123 seconds) 
[Wed May 15 15:31:46 2024]: run complete (0.124 s)
[Wed May 15 15:31:46 2024]: done running
[Wed May 15 15:31:46 2024]: returning (roughly) 675 log bytes to client
[Wed May 15 15:31:52 2024]: link received run message, reading in 3310 bytes of o8r text
[Wed May 15 15:31:52 2024]: ignoring notes in o8r
[Wed May 15 15:31:52 2024]: ignoring plots in o8r
[Wed May 15 15:31:52 2024]: running...
[Wed May 15 15:31:52 2024]: running limit cycle continuation
[Wed May 15 15:31:52 2024]: running for par=S, label=2
[Wed May 15 15:31:52 2024]: LibAUTO: starting thread
[Wed May 15 15:31:52 2024]: LibAUTO: thread started
[Wed May 15 15:31:52 2024]: LibAUTO run time: 0.045 s
[Wed May 15 15:31:52 2024]: returning 304 data bytes to client
(0.116 seconds) 
[Wed May 15 15:31:52 2024]: run complete (0.117 s)
[Wed May 15 15:31:52 2024]: done running
[Wed May 15 15:31:52 2024]: returning (roughly) 675 log bytes to client
[Wed May 15 15:31:54 2024]: link received run message, reading in 3310 bytes of o8r text
[Wed May 15 15:31:54 2024]: ignoring notes in o8r
[Wed May 15 15:31:54 2024]: ignoring plots in o8r
[Wed May 15 15:31:54 2024]: running...
[Wed May 15 15:31:54 2024]: running limit cycle continuation
[Wed May 15 15:31:54 2024]: running for par=S, label=2
[Wed May 15 15:31:54 2024]: LibAUTO: starting thread
[Wed May 15 15:31:54 2024]: LibAUTO: thread started
[Wed May 15 15:31:54 2024]: LibAUTO run time: 0.044 s
[Wed May 15 15:31:54 2024]: returning 228 data bytes to client
(0.11 seconds) 
[Wed May 15 15:31:54 2024]: run complete (0.111 s)
[Wed May 15 15:31:54 2024]: done running
[Wed May 15 15:31:54 2024]: returning (roughly) 674 log bytes to client
[Wed May 15 15:32:00 2024]: link received run message, reading in 2213 bytes of o8r text
[Wed May 15 15:32:00 2024]: ignoring notes in o8r
[Wed May 15 15:32:00 2024]: ignoring plots in o8r
[Wed May 15 15:32:00 2024]: running...
[Wed May 15 15:32:00 2024]: running limit cycle continuation
[Wed May 15 15:32:00 2024]: running for par=S, label=4
[Wed May 15 15:32:00 2024]: LibAUTO: starting thread
[Wed May 15 15:32:00 2024]: LibAUTO: thread started
[Wed May 15 15:32:00 2024]: LibAUTO run time: 0.134 s
[Wed May 15 15:32:00 2024]: returning 1672 data bytes to client
(0.269 seconds) 
[Wed May 15 15:32:00 2024]: run complete (0.27 s)
[Wed May 15 15:32:00 2024]: done running
[Wed May 15 15:32:00 2024]: returning (roughly) 675 log bytes to client
[Wed May 15 15:32:03 2024]: link received run message, reading in 3320 bytes of o8r text
[Wed May 15 15:32:03 2024]: ignoring notes in o8r
[Wed May 15 15:32:03 2024]: ignoring plots in o8r
[Wed May 15 15:32:03 2024]: running...
[Wed May 15 15:32:03 2024]: running limit cycle continuation
[Wed May 15 15:32:03 2024]: running for par=S, label=4
[Wed May 15 15:32:03 2024]: LibAUTO: starting thread
[Wed May 15 15:32:03 2024]: LibAUTO: thread started
[Wed May 15 15:32:03 2024]: LibAUTO run time: 0.044 s
[Wed May 15 15:32:03 2024]: returning 228 data bytes to client
(0.116 seconds) 
[Wed May 15 15:32:03 2024]: run complete (0.117 s)
[Wed May 15 15:32:03 2024]: done running
[Wed May 15 15:32:03 2024]: returning (roughly) 675 log bytes to client
[Wed May 15 15:32:08 2024]: link received run message, reading in 3320 bytes of o8r text
[Wed May 15 15:32:08 2024]: ignoring notes in o8r
[Wed May 15 15:32:08 2024]: ignoring plots in o8r
[Wed May 15 15:32:08 2024]: running...
[Wed May 15 15:32:08 2024]: running limit cycle continuation
[Wed May 15 15:32:08 2024]: running for par=S, label=4
[Wed May 15 15:32:08 2024]: LibAUTO: starting thread
[Wed May 15 15:32:08 2024]: LibAUTO: thread started
[Wed May 15 15:32:08 2024]: LibAUTO run time: 0.091 s
[Wed May 15 15:32:08 2024]: returning 1672 data bytes to client
(0.109 seconds) 
[Wed May 15 15:32:08 2024]: run complete (0.109 s)
[Wed May 15 15:32:08 2024]: done running
[Wed May 15 15:32:08 2024]: returning (roughly) 676 log bytes to client
[Wed May 15 15:32:41 2024]: link received run message, reading in 3319 bytes of o8r text
[Wed May 15 15:32:41 2024]: ignoring notes in o8r
[Wed May 15 15:32:41 2024]: ignoring plots in o8r
[Wed May 15 15:32:41 2024]: running...
[Wed May 15 15:32:41 2024]: running limit cycle continuation
[Wed May 15 15:32:41 2024]: running for par=S, label=4
[Wed May 15 15:32:41 2024]: LibAUTO: starting thread
[Wed May 15 15:32:41 2024]: LibAUTO: thread started
[Wed May 15 15:32:41 2024]: LibAUTO run time: 0.088 s
[Wed May 15 15:32:41 2024]: returning 1596 data bytes to client
(0.121 seconds) 
[Wed May 15 15:32:41 2024]: run complete (0.121 s)
[Wed May 15 15:32:41 2024]: done running
[Wed May 15 15:32:41 2024]: returning (roughly) 676 log bytes to client
[Wed May 15 15:32:45 2024]: link received run message, reading in 3318 bytes of o8r text
[Wed May 15 15:32:45 2024]: ignoring notes in o8r
[Wed May 15 15:32:45 2024]: ignoring plots in o8r
[Wed May 15 15:32:45 2024]: running...
[Wed May 15 15:32:45 2024]: running limit cycle continuation
[Wed May 15 15:32:45 2024]: running for par=S, label=4
[Wed May 15 15:32:45 2024]: LibAUTO: starting thread
[Wed May 15 15:32:45 2024]: LibAUTO: thread started
[Wed May 15 15:35:50 2024]: LibAUTO run time: 184.684 s
[Wed May 15 15:35:50 2024]: returning 152 data bytes to client
(184.788 seconds) 
[Wed May 15 15:35:50 2024]: run complete (184.788 s)
[Wed May 15 15:35:50 2024]: done running
[Wed May 15 15:35:50 2024]: returning (roughly) 681 log bytes to client
[Wed May 15 15:37:11 2024]: link received run message, reading in 3303 bytes of o8r text
[Wed May 15 15:37:11 2024]: ignoring notes in o8r
[Wed May 15 15:37:11 2024]: ignoring plots in o8r
[Wed May 15 15:37:11 2024]: running...
[Wed May 15 15:37:11 2024]: running limit cycle continuation
[Wed May 15 15:37:11 2024]: running for par=S, label=4
[Wed May 15 15:37:11 2024]: LibAUTO: starting thread
[Wed May 15 15:37:11 2024]: LibAUTO: thread started
[Wed May 15 15:40:17 2024]: LibAUTO run time: 185.197 s
[Wed May 15 15:40:17 2024]: returning 304 data bytes to client
(185.208 seconds) 
[Wed May 15 15:40:17 2024]: run complete (185.209 s)
[Wed May 15 15:40:17 2024]: done running
[Wed May 15 15:40:17 2024]: returning (roughly) 681 log bytes to client
[Wed May 15 15:41:08 2024]: link received run message, reading in 2213 bytes of o8r text
[Wed May 15 15:41:08 2024]: ignoring notes in o8r
[Wed May 15 15:41:08 2024]: ignoring plots in o8r
[Wed May 15 15:41:08 2024]: running...
[Wed May 15 15:41:08 2024]: running limit cycle continuation
[Wed May 15 15:41:08 2024]: running for par=S, label=4
[Wed May 15 15:41:08 2024]: LibAUTO: starting thread
[Wed May 15 15:41:08 2024]: LibAUTO: thread started
[Wed May 15 15:44:22 2024]: LibAUTO run time: 194.439 s
[Wed May 15 15:44:23 2024]: returning 228 data bytes to client
(194.593 seconds) 
[Wed May 15 15:44:23 2024]: run complete (194.594 s)
[Wed May 15 15:44:23 2024]: done running
[Wed May 15 15:44:23 2024]: returning (roughly) 681 log bytes to client
[Wed May 15 15:44:40 2024]: link received quit message, exiting.
[Wed May 15 15:44:40 2024]: link outfifo: waiting for thread to finish...
[Wed May 15 15:44:40 2024]: o8core link run time: 893.812 s
[Wed May 15 15:44:40 2024]: link outfifo run time: 893.812 s
[Wed May 15 15:44:40 2024]: link outfifo: 511632 bytes in, 511632 bytes out
[Wed May 15 15:44:40 2024]: all done!
