
o8core, 2.0.11
author: Emery Conrad
build date: Jan 14 2011, 13:23:16

[Wed May 15 19:15:32 2024]: creating logfile o8core_136_19_15_31.log
[Wed May 15 19:15:32 2024]: initializing link on port 28472
[Wed May 15 19:15:32 2024]: initializing winsock library
[Wed May 15 19:15:32 2024]: link port is 28472
[Wed May 15 19:15:32 2024]: port 28472 is bound
[Wed May 15 19:15:32 2024]: listening on port 28472
[Wed May 15 19:15:32 2024]: link outfifo: starting thread
[Wed May 15 19:15:32 2024]: link outfifo: thread started
[Wed May 15 19:15:32 2024]: o8core link: starting thread
[Wed May 15 19:15:32 2024]: o8core link: thread started
[Wed May 15 19:15:32 2024]: accepted socket connection on port 36601
[Wed May 15 19:15:32 2024]: link received initialization message, reading in 577 bytes of model text
[Wed May 15 19:15:32 2024]: ignoring o8mi tag in model init
[Wed May 15 19:17:42 2024]: link received run message, reading in 2252 bytes of o8r text
[Wed May 15 19:17:42 2024]: ignoring notes in o8r
[Wed May 15 19:17:42 2024]: ignoring plots in o8r
[Wed May 15 19:17:42 2024]: running...
[Wed May 15 19:17:42 2024]: running a one parameter bifurcation
[Wed May 15 19:17:42 2024]: ignoring xprops
[Wed May 15 19:17:42 2024]: solving for steady state
[Wed May 15 19:17:42 2024]: trying newton's method
[Wed May 15 19:17:42 2024]: try solving time series
[Wed May 15 19:17:42 2024]: WARNING: time course run didn't find a stable steady state
[Wed May 15 19:17:42 2024]: trying newton's method again to hone in
[Wed May 15 19:17:42 2024]: continuing S
[Wed May 15 19:17:42 2024]: LibAUTO: starting thread
[Wed May 15 19:17:42 2024]: LibAUTO: thread started
[Wed May 15 19:17:42 2024]: LibAUTO run time: 0.019 s
[Wed May 15 19:17:42 2024]: LibAUTO: starting thread
[Wed May 15 19:17:42 2024]: LibAUTO: thread started
[Wed May 15 19:17:42 2024]: LibAUTO run time: 0.054 s
[Wed May 15 19:17:42 2024]: returning 13508 data bytes to client
[Wed May 15 19:17:42 2024]: S took 0.219 seconds (0.219 for actual continuation)
[Wed May 15 19:17:42 2024]: run complete (0.23 s)
[Wed May 15 19:17:42 2024]: done running
[Wed May 15 19:17:42 2024]: returning (roughly) 2106 log bytes to client
[Wed May 15 19:18:03 2024]: link received run message, reading in 2215 bytes of o8r text
[Wed May 15 19:18:03 2024]: ignoring notes in o8r
[Wed May 15 19:18:03 2024]: ignoring plots in o8r
[Wed May 15 19:18:03 2024]: running...
[Wed May 15 19:18:03 2024]: running limit cycle continuation
[Wed May 15 19:18:03 2024]: running for par=S, label=3
[Wed May 15 19:18:03 2024]: LibAUTO: starting thread
[Wed May 15 19:18:03 2024]: LibAUTO: thread started
[Wed May 15 19:18:04 2024]: LibAUTO run time: 0.551 s
[Wed May 15 19:18:04 2024]: returning 12084 data bytes to client
(0.573 seconds) 
[Wed May 15 19:18:04 2024]: run complete (0.574 s)
[Wed May 15 19:18:04 2024]: done running
[Wed May 15 19:18:04 2024]: returning (roughly) 677 log bytes to client
[Wed May 15 19:18:21 2024]: link received run message, reading in 3308 bytes of o8r text
[Wed May 15 19:18:21 2024]: ignoring notes in o8r
[Wed May 15 19:18:21 2024]: ignoring plots in o8r
[Wed May 15 19:18:21 2024]: running...
[Wed May 15 19:18:21 2024]: running limit cycle continuation
[Wed May 15 19:18:21 2024]: running for par=S, label=3
[Wed May 15 19:18:21 2024]: LibAUTO: starting thread
[Wed May 15 19:18:21 2024]: LibAUTO: thread started
[Wed May 15 19:18:21 2024]: LibAUTO run time: 0.034 s
[Wed May 15 19:18:21 2024]: returning 228 data bytes to client
(0.108 seconds) 
[Wed May 15 19:18:21 2024]: run complete (0.11 s)
[Wed May 15 19:18:21 2024]: done running
[Wed May 15 19:18:21 2024]: returning (roughly) 674 log bytes to client
[Wed May 15 19:18:23 2024]: link received run message, reading in 3308 bytes of o8r text
[Wed May 15 19:18:23 2024]: ignoring notes in o8r
[Wed May 15 19:18:23 2024]: ignoring plots in o8r
[Wed May 15 19:18:23 2024]: running...
[Wed May 15 19:18:23 2024]: running limit cycle continuation
[Wed May 15 19:18:23 2024]: running for par=S, label=3
[Wed May 15 19:18:23 2024]: LibAUTO: starting thread
[Wed May 15 19:18:23 2024]: LibAUTO: thread started
[Wed May 15 19:18:24 2024]: LibAUTO run time: 0.043 s
[Wed May 15 19:18:24 2024]: returning 304 data bytes to client
(0.117 seconds) 
[Wed May 15 19:18:24 2024]: run complete (0.118 s)
[Wed May 15 19:18:24 2024]: done running
[Wed May 15 19:18:24 2024]: returning (roughly) 675 log bytes to client
[Wed May 15 19:18:56 2024]: link received run message, reading in 3305 bytes of o8r text
[Wed May 15 19:18:56 2024]: ignoring notes in o8r
[Wed May 15 19:18:56 2024]: ignoring plots in o8r
[Wed May 15 19:18:56 2024]: running...
[Wed May 15 19:18:56 2024]: running limit cycle continuation
[Wed May 15 19:18:56 2024]: running for par=S, label=3
[Wed May 15 19:18:56 2024]: LibAUTO: starting thread
[Wed May 15 19:18:56 2024]: LibAUTO: thread started
[Wed May 15 19:18:56 2024]: LibAUTO run time: 0.057 s
[Wed May 15 19:18:56 2024]: returning 684 data bytes to client
(0.115 seconds) 
[Wed May 15 19:18:56 2024]: run complete (0.116 s)
[Wed May 15 19:18:56 2024]: done running
[Wed May 15 19:18:56 2024]: returning (roughly) 675 log bytes to client
[Wed May 15 19:19:56 2024]: link received run message, reading in 2216 bytes of o8r text
[Wed May 15 19:19:56 2024]: ignoring notes in o8r
[Wed May 15 19:19:56 2024]: ignoring plots in o8r
[Wed May 15 19:19:56 2024]: running...
[Wed May 15 19:19:56 2024]: running limit cycle continuation
[Wed May 15 19:19:56 2024]: running for par=S, label=3
[Wed May 15 19:19:56 2024]: LibAUTO: starting thread
[Wed May 15 19:19:56 2024]: LibAUTO: thread started
[Wed May 15 19:19:56 2024]: LibAUTO run time: 0.942 s
[Wed May 15 19:19:57 2024]: returning 24016 data bytes to client
(0.996 seconds) 
[Wed May 15 19:19:57 2024]: run complete (0.996 s)
[Wed May 15 19:19:57 2024]: done running
[Wed May 15 19:19:57 2024]: returning (roughly) 677 log bytes to client
[Wed May 15 19:20:12 2024]: link received run message, reading in 3304 bytes of o8r text
[Wed May 15 19:20:12 2024]: ignoring notes in o8r
[Wed May 15 19:20:12 2024]: ignoring plots in o8r
[Wed May 15 19:20:12 2024]: running...
[Wed May 15 19:20:12 2024]: running limit cycle continuation
[Wed May 15 19:20:12 2024]: running for par=S, label=3
[Wed May 15 19:20:12 2024]: LibAUTO: starting thread
[Wed May 15 19:20:12 2024]: LibAUTO: thread started
[Wed May 15 19:20:12 2024]: LibAUTO run time: 0.05 s
[Wed May 15 19:20:12 2024]: returning 304 data bytes to client
(0.115 seconds) 
[Wed May 15 19:20:12 2024]: run complete (0.116 s)
[Wed May 15 19:20:12 2024]: done running
[Wed May 15 19:20:12 2024]: returning (roughly) 674 log bytes to client
[Wed May 15 19:20:14 2024]: link received run message, reading in 3304 bytes of o8r text
[Wed May 15 19:20:14 2024]: ignoring notes in o8r
[Wed May 15 19:20:14 2024]: ignoring plots in o8r
[Wed May 15 19:20:14 2024]: running...
[Wed May 15 19:20:14 2024]: running limit cycle continuation
[Wed May 15 19:20:14 2024]: running for par=S, label=3
[Wed May 15 19:20:14 2024]: LibAUTO: starting thread
[Wed May 15 19:20:14 2024]: LibAUTO: thread started
[Wed May 15 19:20:15 2024]: LibAUTO run time: 0.2 s
[Wed May 15 19:20:15 2024]: returning 3572 data bytes to client
(0.219 seconds) 
[Wed May 15 19:20:15 2024]: run complete (0.22 s)
[Wed May 15 19:20:15 2024]: done running
[Wed May 15 19:20:15 2024]: returning (roughly) 673 log bytes to client
[Wed May 15 19:20:18 2024]: link received run message, reading in 3304 bytes of o8r text
[Wed May 15 19:20:18 2024]: ignoring notes in o8r
[Wed May 15 19:20:18 2024]: ignoring plots in o8r
[Wed May 15 19:20:18 2024]: running...
[Wed May 15 19:20:18 2024]: running limit cycle continuation
[Wed May 15 19:20:18 2024]: running for par=S, label=3
[Wed May 15 19:20:18 2024]: LibAUTO: starting thread
[Wed May 15 19:20:18 2024]: LibAUTO: thread started
[Wed May 15 19:24:38 2024]: LibAUTO run time: 259.953 s
[Wed May 15 19:24:38 2024]: returning 380 data bytes to client
(260.026 seconds) 
[Wed May 15 19:24:38 2024]: run complete (260.028 s)
[Wed May 15 19:24:38 2024]: done running
[Wed May 15 19:24:38 2024]: returning (roughly) 681 log bytes to client
[Wed May 15 19:26:08 2024]: link received run message, reading in 3302 bytes of o8r text
[Wed May 15 19:26:08 2024]: ignoring notes in o8r
[Wed May 15 19:26:08 2024]: ignoring plots in o8r
[Wed May 15 19:26:08 2024]: running...
[Wed May 15 19:26:08 2024]: running limit cycle continuation
[Wed May 15 19:26:08 2024]: running for par=S, label=3
[Wed May 15 19:26:08 2024]: LibAUTO: starting thread
[Wed May 15 19:26:08 2024]: LibAUTO: thread started
[Wed May 15 19:26:09 2024]: LibAUTO run time: 0.96 s
[Wed May 15 19:26:09 2024]: returning 20520 data bytes to client
(1.045 seconds) 
[Wed May 15 19:26:09 2024]: run complete (1.045 s)
[Wed May 15 19:26:09 2024]: done running
[Wed May 15 19:26:09 2024]: returning (roughly) 676 log bytes to client
[Wed May 15 19:26:31 2024]: link received run message, reading in 3300 bytes of o8r text
[Wed May 15 19:26:31 2024]: ignoring notes in o8r
[Wed May 15 19:26:31 2024]: ignoring plots in o8r
[Wed May 15 19:26:31 2024]: running...
[Wed May 15 19:26:31 2024]: running limit cycle continuation
[Wed May 15 19:26:31 2024]: running for par=S, label=3
[Wed May 15 19:26:31 2024]: LibAUTO: starting thread
[Wed May 15 19:26:31 2024]: LibAUTO: thread started
[Wed May 15 19:26:31 2024]: LibAUTO run time: 0.807 s
[Wed May 15 19:26:31 2024]: returning 20824 data bytes to client
(0.914 seconds) 
[Wed May 15 19:26:31 2024]: run complete (0.915 s)
[Wed May 15 19:26:31 2024]: done running
[Wed May 15 19:26:31 2024]: returning (roughly) 677 log bytes to client
[Wed May 15 19:26:34 2024]: link received run message, reading in 3300 bytes of o8r text
[Wed May 15 19:26:34 2024]: ignoring notes in o8r
[Wed May 15 19:26:34 2024]: ignoring plots in o8r
[Wed May 15 19:26:34 2024]: running...
[Wed May 15 19:26:34 2024]: running limit cycle continuation
[Wed May 15 19:26:34 2024]: running for par=S, label=3
[Wed May 15 19:26:34 2024]: LibAUTO: starting thread
[Wed May 15 19:26:34 2024]: LibAUTO: thread started
[Wed May 15 19:26:35 2024]: LibAUTO run time: 0.164 s
[Wed May 15 19:26:35 2024]: returning 3040 data bytes to client
(0.245 seconds) 
[Wed May 15 19:26:35 2024]: run complete (0.245 s)
[Wed May 15 19:26:35 2024]: done running
[Wed May 15 19:26:35 2024]: returning (roughly) 676 log bytes to client
[Wed May 15 19:26:37 2024]: link received run message, reading in 3300 bytes of o8r text
[Wed May 15 19:26:37 2024]: ignoring notes in o8r
[Wed May 15 19:26:37 2024]: ignoring plots in o8r
[Wed May 15 19:26:37 2024]: running...
[Wed May 15 19:26:37 2024]: running limit cycle continuation
[Wed May 15 19:26:37 2024]: running for par=S, label=3
[Wed May 15 19:26:37 2024]: LibAUTO: starting thread
[Wed May 15 19:26:37 2024]: LibAUTO: thread started
[Wed May 15 19:26:37 2024]: LibAUTO run time: 0.114 s
[Wed May 15 19:26:37 2024]: returning 2052 data bytes to client
(0.233 seconds) 
[Wed May 15 19:26:37 2024]: run complete (0.233 s)
[Wed May 15 19:26:37 2024]: done running
[Wed May 15 19:26:37 2024]: returning (roughly) 676 log bytes to client
[Wed May 15 19:26:40 2024]: link received run message, reading in 3300 bytes of o8r text
[Wed May 15 19:26:40 2024]: ignoring notes in o8r
[Wed May 15 19:26:40 2024]: ignoring plots in o8r
[Wed May 15 19:26:40 2024]: running...
[Wed May 15 19:26:40 2024]: running limit cycle continuation
[Wed May 15 19:26:40 2024]: running for par=S, label=3
[Wed May 15 19:26:40 2024]: LibAUTO: starting thread
[Wed May 15 19:26:40 2024]: LibAUTO: thread started
[Wed May 15 19:26:40 2024]: LibAUTO run time: 0.061 s
[Wed May 15 19:26:40 2024]: returning 760 data bytes to client
(0.114 seconds) 
[Wed May 15 19:26:40 2024]: run complete (0.115 s)
[Wed May 15 19:26:40 2024]: done running
[Wed May 15 19:26:40 2024]: returning (roughly) 675 log bytes to client
[Wed May 15 19:26:43 2024]: link received run message, reading in 3300 bytes of o8r text
[Wed May 15 19:26:43 2024]: ignoring notes in o8r
[Wed May 15 19:26:43 2024]: ignoring plots in o8r
[Wed May 15 19:26:43 2024]: running...
[Wed May 15 19:26:43 2024]: running limit cycle continuation
[Wed May 15 19:26:43 2024]: running for par=S, label=3
[Wed May 15 19:26:43 2024]: LibAUTO: starting thread
[Wed May 15 19:26:43 2024]: LibAUTO: thread started
[Wed May 15 19:26:43 2024]: LibAUTO run time: 0.101 s
[Wed May 15 19:26:43 2024]: returning 1520 data bytes to client
(0.111 seconds) 
[Wed May 15 19:26:43 2024]: run complete (0.112 s)
[Wed May 15 19:26:43 2024]: done running
[Wed May 15 19:26:43 2024]: returning (roughly) 676 log bytes to client
[Wed May 15 19:26:46 2024]: link received run message, reading in 3300 bytes of o8r text
[Wed May 15 19:26:46 2024]: ignoring notes in o8r
[Wed May 15 19:26:46 2024]: ignoring plots in o8r
[Wed May 15 19:26:46 2024]: running...
[Wed May 15 19:26:46 2024]: running limit cycle continuation
[Wed May 15 19:26:46 2024]: running for par=S, label=3
[Wed May 15 19:26:46 2024]: LibAUTO: starting thread
[Wed May 15 19:26:46 2024]: LibAUTO: thread started
[Wed May 15 19:26:47 2024]: LibAUTO run time: 0.793 s
[Wed May 15 19:26:47 2024]: returning 20140 data bytes to client
(0.907 seconds) 
[Wed May 15 19:26:47 2024]: run complete (0.908 s)
[Wed May 15 19:26:47 2024]: done running
[Wed May 15 19:26:47 2024]: returning (roughly) 677 log bytes to client
[Wed May 15 19:27:20 2024]: link received run message, reading in 2174 bytes of o8r text
[Wed May 15 19:27:20 2024]: ignoring notes in o8r
[Wed May 15 19:27:20 2024]: ignoring plots in o8r
[Wed May 15 19:27:20 2024]: running...
[Wed May 15 19:27:20 2024]: running a time series
[Wed May 15 19:27:20 2024]: will run for 1500 time units, 150000 points
[Wed May 15 19:27:20 2024]: returning 4800032 data bytes to client
[Wed May 15 19:27:20 2024]: run complete (0.186 s)
[Wed May 15 19:27:20 2024]: done running
[Wed May 15 19:27:20 2024]: returning (roughly) 509 log bytes to client
[Wed May 15 19:29:08 2024]: link received quit message, exiting.
[Wed May 15 19:29:08 2024]: link outfifo: waiting for thread to finish...
[Wed May 15 19:29:08 2024]: o8core link run time: 816.691 s
[Wed May 15 19:29:08 2024]: link outfifo run time: 816.691 s
[Wed May 15 19:29:08 2024]: link outfifo: 4923968 bytes in, 4923968 bytes out
[Wed May 15 19:29:08 2024]: all done!
