
o8core, 2.0.11
author: Emery Conrad
build date: Jan 14 2011, 13:23:16

[Wed May 15 14:43:18 2024]: creating logfile o8core_136_14_43_18.log
[Wed May 15 14:43:18 2024]: initializing link on port 28472
[Wed May 15 14:43:18 2024]: initializing winsock library
[Wed May 15 14:43:18 2024]: link port is 28472
[Wed May 15 14:43:18 2024]: port 28472 is bound
[Wed May 15 14:43:18 2024]: listening on port 28472
[Wed May 15 14:43:18 2024]: link outfifo: starting thread
[Wed May 15 14:43:18 2024]: link outfifo: thread started
[Wed May 15 14:43:18 2024]: o8core link: starting thread
[Wed May 15 14:43:18 2024]: o8core link: thread started
[Wed May 15 14:43:19 2024]: accepted socket connection on port 28361
[Wed May 15 14:43:19 2024]: link received initialization message, reading in 2090 bytes of model text
[Wed May 15 14:43:19 2024]: ignoring o8mi tag in model init
[Wed May 15 14:43:24 2024]: link received quit message, exiting.
[Wed May 15 14:43:24 2024]: link outfifo: waiting for thread to finish...
[Wed May 15 14:43:24 2024]: link outfifo run time: 6.25 s
[Wed May 15 14:43:24 2024]: o8core link run time: 6.25 s
[Wed May 15 14:43:24 2024]: link outfifo: 0 bytes in, 0 bytes out
[Wed May 15 14:43:24 2024]: all done!
