
o8core, 2.0.11
author: Emery Conrad
build date: Jan 14 2011, 13:23:16

[Wed May 15 15:45:43 2024]: creating logfile o8core_136_15_45_43.log
[Wed May 15 15:45:43 2024]: initializing link on port 28472
[Wed May 15 15:45:43 2024]: initializing winsock library
[Wed May 15 15:45:43 2024]: link port is 28472
[Wed May 15 15:45:43 2024]: port 28472 is bound
[Wed May 15 15:45:43 2024]: listening on port 28472
[Wed May 15 15:45:43 2024]: link outfifo: starting thread
[Wed May 15 15:45:43 2024]: link outfifo: thread started
[Wed May 15 15:45:43 2024]: o8core link: starting thread
[Wed May 15 15:45:43 2024]: o8core link: thread started
[Wed May 15 15:45:43 2024]: accepted socket connection on port 37329
[Wed May 15 15:45:44 2024]: link received initialization message, reading in 577 bytes of model text
[Wed May 15 15:45:44 2024]: ignoring o8mi tag in model init
[Wed May 15 15:45:47 2024]: link received run message, reading in 2173 bytes of o8r text
[Wed May 15 15:45:47 2024]: ignoring notes in o8r
[Wed May 15 15:45:47 2024]: ignoring plots in o8r
[Wed May 15 15:45:47 2024]: running...
[Wed May 15 15:45:47 2024]: running a time series
[Wed May 15 15:45:47 2024]: will run for 250 time units, 500 points
[Wed May 15 15:45:47 2024]: returning 16032 data bytes to client
[Wed May 15 15:45:47 2024]: run complete (0.001 s)
[Wed May 15 15:45:47 2024]: done running
[Wed May 15 15:45:47 2024]: returning (roughly) 1366 log bytes to client
[Wed May 15 15:46:02 2024]: link received run message, reading in 2176 bytes of o8r text
[Wed May 15 15:46:02 2024]: ignoring notes in o8r
[Wed May 15 15:46:02 2024]: ignoring plots in o8r
[Wed May 15 15:46:02 2024]: running...
[Wed May 15 15:46:02 2024]: running a time series
[Wed May 15 15:46:02 2024]: will run for 1500 time units, 15000 points
[Wed May 15 15:46:02 2024]: returning 480032 data bytes to client
[Wed May 15 15:46:02 2024]: run complete (0.022 s)
[Wed May 15 15:46:02 2024]: done running
[Wed May 15 15:46:02 2024]: returning (roughly) 507 log bytes to client
[Wed May 15 15:46:19 2024]: link received run message, reading in 2177 bytes of o8r text
[Wed May 15 15:46:19 2024]: ignoring notes in o8r
[Wed May 15 15:46:19 2024]: ignoring plots in o8r
[Wed May 15 15:46:19 2024]: running...
[Wed May 15 15:46:19 2024]: running a time series
[Wed May 15 15:46:19 2024]: will run for 1500 time units, 150000 points
[Wed May 15 15:46:19 2024]: returning 4800032 data bytes to client
[Wed May 15 15:46:19 2024]: run complete (0.186 s)
[Wed May 15 15:46:19 2024]: done running
[Wed May 15 15:46:19 2024]: returning (roughly) 509 log bytes to client
[Wed May 15 15:46:45 2024]: link received run message, reading in 2252 bytes of o8r text
[Wed May 15 15:46:45 2024]: ignoring notes in o8r
[Wed May 15 15:46:45 2024]: ignoring plots in o8r
[Wed May 15 15:46:45 2024]: running...
[Wed May 15 15:46:45 2024]: running a one parameter bifurcation
[Wed May 15 15:46:45 2024]: ignoring xprops
[Wed May 15 15:46:45 2024]: solving for steady state
[Wed May 15 15:46:45 2024]: trying newton's method
[Wed May 15 15:46:45 2024]: try solving time series
[Wed May 15 15:46:45 2024]: WARNING: time course run didn't find a stable steady state
[Wed May 15 15:46:45 2024]: trying newton's method again to hone in
[Wed May 15 15:46:45 2024]: continuing S
[Wed May 15 15:46:45 2024]: LibAUTO: starting thread
[Wed May 15 15:46:45 2024]: LibAUTO: thread started
[Wed May 15 15:46:45 2024]: LibAUTO run time: 0.068 s
[Wed May 15 15:46:46 2024]: LibAUTO: starting thread
[Wed May 15 15:46:46 2024]: LibAUTO: thread started
[Wed May 15 15:46:46 2024]: LibAUTO run time: 0.062 s
[Wed May 15 15:46:46 2024]: returning 13508 data bytes to client
[Wed May 15 15:46:46 2024]: S took 0.236 seconds (0.236 for actual continuation)
[Wed May 15 15:46:46 2024]: run complete (0.247 s)
[Wed May 15 15:46:46 2024]: done running
[Wed May 15 15:46:46 2024]: returning (roughly) 1244 log bytes to client
[Wed May 15 15:47:05 2024]: link received run message, reading in 2215 bytes of o8r text
[Wed May 15 15:47:05 2024]: ignoring notes in o8r
[Wed May 15 15:47:05 2024]: ignoring plots in o8r
[Wed May 15 15:47:05 2024]: running...
[Wed May 15 15:47:05 2024]: running limit cycle continuation
[Wed May 15 15:47:05 2024]: running for par=S, label=3
[Wed May 15 15:47:05 2024]: LibAUTO: starting thread
[Wed May 15 15:47:05 2024]: LibAUTO: thread started
[Wed May 15 15:47:05 2024]: LibAUTO run time: 0.065 s
[Wed May 15 15:47:05 2024]: returning 760 data bytes to client
(0.116 seconds) 
[Wed May 15 15:47:05 2024]: run complete (0.117 s)
[Wed May 15 15:47:05 2024]: done running
[Wed May 15 15:47:05 2024]: returning (roughly) 675 log bytes to client
[Wed May 15 15:47:24 2024]: link received run message, reading in 2215 bytes of o8r text
[Wed May 15 15:47:24 2024]: ignoring notes in o8r
[Wed May 15 15:47:24 2024]: ignoring plots in o8r
[Wed May 15 15:47:24 2024]: running...
[Wed May 15 15:47:24 2024]: running limit cycle continuation
[Wed May 15 15:47:24 2024]: running for par=S, label=3
[Wed May 15 15:47:24 2024]: LibAUTO: starting thread
[Wed May 15 15:47:24 2024]: LibAUTO: thread started
[Wed May 15 15:47:25 2024]: LibAUTO run time: 0.095 s
[Wed May 15 15:47:25 2024]: returning 1672 data bytes to client
(0.116 seconds) 
[Wed May 15 15:47:25 2024]: run complete (0.117 s)
[Wed May 15 15:47:25 2024]: done running
[Wed May 15 15:47:25 2024]: returning (roughly) 676 log bytes to client
[Wed May 15 15:47:39 2024]: link received run message, reading in 3318 bytes of o8r text
[Wed May 15 15:47:39 2024]: ignoring notes in o8r
[Wed May 15 15:47:39 2024]: ignoring plots in o8r
[Wed May 15 15:47:39 2024]: running...
[Wed May 15 15:47:39 2024]: running limit cycle continuation
[Wed May 15 15:47:39 2024]: running for par=S, label=3
[Wed May 15 15:47:39 2024]: LibAUTO: starting thread
[Wed May 15 15:47:39 2024]: LibAUTO: thread started
[Wed May 15 15:47:39 2024]: LibAUTO run time: 0.342 s
[Wed May 15 15:47:39 2024]: returning 9880 data bytes to client
(0.453 seconds) 
[Wed May 15 15:47:39 2024]: run complete (0.454 s)
[Wed May 15 15:47:39 2024]: done running
[Wed May 15 15:47:39 2024]: returning (roughly) 676 log bytes to client
[Wed May 15 15:47:48 2024]: link received run message, reading in 3314 bytes of o8r text
[Wed May 15 15:47:48 2024]: ignoring notes in o8r
[Wed May 15 15:47:48 2024]: ignoring plots in o8r
[Wed May 15 15:47:48 2024]: running...
[Wed May 15 15:47:48 2024]: running limit cycle continuation
[Wed May 15 15:47:48 2024]: running for par=S, label=3
[Wed May 15 15:47:48 2024]: LibAUTO: starting thread
[Wed May 15 15:47:48 2024]: LibAUTO: thread started
[Wed May 15 15:47:48 2024]: LibAUTO run time: 0.137 s
[Wed May 15 15:47:48 2024]: returning 2812 data bytes to client
(0.23 seconds) 
[Wed May 15 15:47:48 2024]: run complete (0.23 s)
[Wed May 15 15:47:48 2024]: done running
[Wed May 15 15:47:48 2024]: returning (roughly) 674 log bytes to client
[Wed May 15 15:48:00 2024]: link received run message, reading in 3313 bytes of o8r text
[Wed May 15 15:48:00 2024]: ignoring notes in o8r
[Wed May 15 15:48:00 2024]: ignoring plots in o8r
[Wed May 15 15:48:00 2024]: running...
[Wed May 15 15:48:00 2024]: running limit cycle continuation
[Wed May 15 15:48:00 2024]: running for par=S, label=3
[Wed May 15 15:48:00 2024]: LibAUTO: starting thread
[Wed May 15 15:48:00 2024]: LibAUTO: thread started
[Wed May 15 15:48:00 2024]: LibAUTO run time: 0.081 s
[Wed May 15 15:48:00 2024]: returning 1140 data bytes to client
(0.122 seconds) 
[Wed May 15 15:48:00 2024]: run complete (0.123 s)
[Wed May 15 15:48:00 2024]: done running
[Wed May 15 15:48:00 2024]: returning (roughly) 676 log bytes to client
[Wed May 15 15:48:09 2024]: link received run message, reading in 3313 bytes of o8r text
[Wed May 15 15:48:09 2024]: ignoring notes in o8r
[Wed May 15 15:48:09 2024]: ignoring plots in o8r
[Wed May 15 15:48:09 2024]: running...
[Wed May 15 15:48:09 2024]: running limit cycle continuation
[Wed May 15 15:48:09 2024]: running for par=S, label=3
[Wed May 15 15:48:09 2024]: LibAUTO: starting thread
[Wed May 15 15:48:09 2024]: LibAUTO: thread started
[Wed May 15 15:48:09 2024]: LibAUTO run time: 0.071 s
[Wed May 15 15:48:09 2024]: returning 1064 data bytes to client
(0.108 seconds) 
[Wed May 15 15:48:09 2024]: run complete (0.109 s)
[Wed May 15 15:48:09 2024]: done running
[Wed May 15 15:48:09 2024]: returning (roughly) 676 log bytes to client
[Wed May 15 15:48:12 2024]: link received run message, reading in 3313 bytes of o8r text
[Wed May 15 15:48:12 2024]: ignoring notes in o8r
[Wed May 15 15:48:12 2024]: ignoring plots in o8r
[Wed May 15 15:48:12 2024]: running...
[Wed May 15 15:48:12 2024]: running limit cycle continuation
[Wed May 15 15:48:12 2024]: running for par=S, label=3
[Wed May 15 15:48:12 2024]: LibAUTO: starting thread
[Wed May 15 15:48:12 2024]: LibAUTO: thread started
[Wed May 15 15:48:12 2024]: LibAUTO run time: 0.045 s
[Wed May 15 15:48:12 2024]: returning 304 data bytes to client
(0.113 seconds) 
[Wed May 15 15:48:12 2024]: run complete (0.114 s)
[Wed May 15 15:48:12 2024]: done running
[Wed May 15 15:48:12 2024]: returning (roughly) 675 log bytes to client
[Wed May 15 15:48:15 2024]: link received run message, reading in 3313 bytes of o8r text
[Wed May 15 15:48:15 2024]: ignoring notes in o8r
[Wed May 15 15:48:15 2024]: ignoring plots in o8r
[Wed May 15 15:48:15 2024]: running...
[Wed May 15 15:48:15 2024]: running limit cycle continuation
[Wed May 15 15:48:15 2024]: running for par=S, label=3
[Wed May 15 15:48:15 2024]: LibAUTO: starting thread
[Wed May 15 15:48:15 2024]: LibAUTO: thread started
[Wed May 15 15:48:15 2024]: LibAUTO run time: 0.042 s
[Wed May 15 15:48:16 2024]: returning 380 data bytes to client
(0.115 seconds) 
[Wed May 15 15:48:16 2024]: run complete (0.117 s)
[Wed May 15 15:48:16 2024]: done running
[Wed May 15 15:48:16 2024]: returning (roughly) 675 log bytes to client
[Wed May 15 15:48:19 2024]: link received run message, reading in 3313 bytes of o8r text
[Wed May 15 15:48:19 2024]: ignoring notes in o8r
[Wed May 15 15:48:19 2024]: ignoring plots in o8r
[Wed May 15 15:48:19 2024]: running...
[Wed May 15 15:48:19 2024]: running limit cycle continuation
[Wed May 15 15:48:19 2024]: running for par=S, label=3
[Wed May 15 15:48:19 2024]: LibAUTO: starting thread
[Wed May 15 15:48:19 2024]: LibAUTO: thread started
[Wed May 15 15:48:19 2024]: LibAUTO run time: 0.034 s
[Wed May 15 15:48:19 2024]: returning 228 data bytes to client
(0.109 seconds) 
[Wed May 15 15:48:19 2024]: run complete (0.109 s)
[Wed May 15 15:48:19 2024]: done running
[Wed May 15 15:48:19 2024]: returning (roughly) 675 log bytes to client
[Wed May 15 15:48:22 2024]: link received run message, reading in 3313 bytes of o8r text
[Wed May 15 15:48:22 2024]: ignoring notes in o8r
[Wed May 15 15:48:22 2024]: ignoring plots in o8r
[Wed May 15 15:48:22 2024]: running...
[Wed May 15 15:48:22 2024]: running limit cycle continuation
[Wed May 15 15:48:22 2024]: running for par=S, label=3
[Wed May 15 15:48:22 2024]: LibAUTO: starting thread
[Wed May 15 15:48:22 2024]: LibAUTO: thread started
[Wed May 15 15:48:22 2024]: LibAUTO run time: 0.037 s
[Wed May 15 15:48:22 2024]: returning 228 data bytes to client
(0.119 seconds) 
[Wed May 15 15:48:22 2024]: run complete (0.121 s)
[Wed May 15 15:48:22 2024]: done running
[Wed May 15 15:48:22 2024]: returning (roughly) 675 log bytes to client
[Wed May 15 15:48:25 2024]: link received run message, reading in 3313 bytes of o8r text
[Wed May 15 15:48:25 2024]: ignoring notes in o8r
[Wed May 15 15:48:25 2024]: ignoring plots in o8r
[Wed May 15 15:48:25 2024]: running...
[Wed May 15 15:48:25 2024]: running limit cycle continuation
[Wed May 15 15:48:25 2024]: running for par=S, label=3
[Wed May 15 15:48:25 2024]: LibAUTO: starting thread
[Wed May 15 15:48:25 2024]: LibAUTO: thread started
[Wed May 15 15:48:25 2024]: LibAUTO run time: 0.055 s
[Wed May 15 15:48:26 2024]: returning 228 data bytes to client
(0.118 seconds) 
[Wed May 15 15:48:26 2024]: run complete (0.119 s)
[Wed May 15 15:48:26 2024]: done running
[Wed May 15 15:48:26 2024]: returning (roughly) 675 log bytes to client
[Wed May 15 15:56:16 2024]: link received quit message, exiting.
[Wed May 15 15:56:16 2024]: link outfifo: waiting for thread to finish...
[Wed May 15 15:56:16 2024]: o8core link run time: 633.111 s
[Wed May 15 15:56:16 2024]: link outfifo run time: 633.111 s
[Wed May 15 15:56:16 2024]: link outfifo: 5328300 bytes in, 5328300 bytes out
[Wed May 15 15:56:16 2024]: all done!
