
o8core, 2.0.11
author: Emery Conrad
build date: Jan 14 2011, 13:23:16

[Wed May 15 15:56:43 2024]: creating logfile o8core_136_15_56_43.log
[Wed May 15 15:56:43 2024]: initializing link on port 28472
[Wed May 15 15:56:43 2024]: initializing winsock library
[Wed May 15 15:56:43 2024]: link port is 28472
[Wed May 15 15:56:43 2024]: port 28472 is bound
[Wed May 15 15:56:43 2024]: listening on port 28472
[Wed May 15 15:56:43 2024]: link outfifo: starting thread
[Wed May 15 15:56:43 2024]: link outfifo: thread started
[Wed May 15 15:56:43 2024]: o8core link: starting thread
[Wed May 15 15:56:43 2024]: o8core link: thread started
[Wed May 15 15:56:44 2024]: accepted socket connection on port 22227
[Wed May 15 15:56:44 2024]: link received initialization message, reading in 577 bytes of model text
[Wed May 15 15:56:44 2024]: ignoring o8mi tag in model init
[Wed May 15 15:56:55 2024]: link received run message, reading in 2177 bytes of o8r text
[Wed May 15 15:56:55 2024]: ignoring notes in o8r
[Wed May 15 15:56:55 2024]: ignoring plots in o8r
[Wed May 15 15:56:55 2024]: running...
[Wed May 15 15:56:55 2024]: running a time series
[Wed May 15 15:56:55 2024]: will run for 1500 time units, 150000 points
[Wed May 15 15:56:55 2024]: returning 4800032 data bytes to client
[Wed May 15 15:56:55 2024]: run complete (0.183 s)
[Wed May 15 15:56:55 2024]: done running
[Wed May 15 15:56:55 2024]: returning (roughly) 1372 log bytes to client
[Wed May 15 15:57:12 2024]: link received run message, reading in 2252 bytes of o8r text
[Wed May 15 15:57:12 2024]: ignoring notes in o8r
[Wed May 15 15:57:12 2024]: ignoring plots in o8r
[Wed May 15 15:57:12 2024]: running...
[Wed May 15 15:57:12 2024]: running a one parameter bifurcation
[Wed May 15 15:57:12 2024]: ignoring xprops
[Wed May 15 15:57:12 2024]: solving for steady state
[Wed May 15 15:57:12 2024]: trying newton's method
[Wed May 15 15:57:12 2024]: try solving time series
[Wed May 15 15:57:12 2024]: WARNING: time course run didn't find a stable steady state
[Wed May 15 15:57:12 2024]: trying newton's method again to hone in
[Wed May 15 15:57:12 2024]: continuing S
[Wed May 15 15:57:12 2024]: LibAUTO: starting thread
[Wed May 15 15:57:12 2024]: LibAUTO: thread started
[Wed May 15 15:57:12 2024]: LibAUTO run time: 0.03 s
[Wed May 15 15:57:12 2024]: LibAUTO: starting thread
[Wed May 15 15:57:12 2024]: LibAUTO: thread started
[Wed May 15 15:57:12 2024]: LibAUTO run time: 0.059 s
[Wed May 15 15:57:12 2024]: returning 13508 data bytes to client
[Wed May 15 15:57:12 2024]: S took 0.233 seconds (0.233 for actual continuation)
[Wed May 15 15:57:12 2024]: run complete (0.243 s)
[Wed May 15 15:57:12 2024]: done running
[Wed May 15 15:57:12 2024]: returning (roughly) 1243 log bytes to client
[Wed May 15 15:57:20 2024]: link received run message, reading in 2215 bytes of o8r text
[Wed May 15 15:57:20 2024]: ignoring notes in o8r
[Wed May 15 15:57:20 2024]: ignoring plots in o8r
[Wed May 15 15:57:20 2024]: running...
[Wed May 15 15:57:20 2024]: running limit cycle continuation
[Wed May 15 15:57:20 2024]: running for par=S, label=3
[Wed May 15 15:57:20 2024]: LibAUTO: starting thread
[Wed May 15 15:57:20 2024]: LibAUTO: thread started
[Wed May 15 15:57:20 2024]: LibAUTO run time: 0.045 s
[Wed May 15 15:57:20 2024]: returning 152 data bytes to client
(0.115 seconds) 
[Wed May 15 15:57:20 2024]: run complete (0.116 s)
[Wed May 15 15:57:20 2024]: done running
[Wed May 15 15:57:20 2024]: returning (roughly) 675 log bytes to client
[Wed May 15 15:57:43 2024]: link received run message, reading in 3330 bytes of o8r text
[Wed May 15 15:57:43 2024]: ignoring notes in o8r
[Wed May 15 15:57:43 2024]: ignoring plots in o8r
[Wed May 15 15:57:43 2024]: running...
[Wed May 15 15:57:43 2024]: running limit cycle continuation
[Wed May 15 15:57:43 2024]: running for par=S, label=3
[Wed May 15 15:57:43 2024]: LibAUTO: starting thread
[Wed May 15 15:57:43 2024]: LibAUTO: thread started
[Wed May 15 15:57:43 2024]: LibAUTO run time: 0.071 s
[Wed May 15 15:57:43 2024]: returning 1064 data bytes to client
(0.115 seconds) 
[Wed May 15 15:57:43 2024]: run complete (0.115 s)
[Wed May 15 15:57:43 2024]: done running
[Wed May 15 15:57:43 2024]: returning (roughly) 676 log bytes to client
[Wed May 15 15:58:07 2024]: link received run message, reading in 3322 bytes of o8r text
[Wed May 15 15:58:07 2024]: ignoring notes in o8r
[Wed May 15 15:58:07 2024]: ignoring plots in o8r
[Wed May 15 15:58:07 2024]: running...
[Wed May 15 15:58:07 2024]: running limit cycle continuation
[Wed May 15 15:58:07 2024]: running for par=S, label=3
[Wed May 15 15:58:07 2024]: LibAUTO: starting thread
[Wed May 15 15:58:07 2024]: LibAUTO: thread started
[Wed May 15 15:58:07 2024]: LibAUTO run time: 0.041 s
[Wed May 15 15:58:07 2024]: returning 228 data bytes to client
(0.109 seconds) 
[Wed May 15 15:58:07 2024]: run complete (0.11 s)
[Wed May 15 15:58:07 2024]: done running
[Wed May 15 15:58:07 2024]: returning (roughly) 674 log bytes to client
[Wed May 15 15:58:10 2024]: link received run message, reading in 3323 bytes of o8r text
[Wed May 15 15:58:10 2024]: ignoring notes in o8r
[Wed May 15 15:58:10 2024]: ignoring plots in o8r
[Wed May 15 15:58:10 2024]: running...
[Wed May 15 15:58:10 2024]: running limit cycle continuation
[Wed May 15 15:58:10 2024]: running for par=S, label=3
[Wed May 15 15:58:10 2024]: LibAUTO: starting thread
[Wed May 15 15:58:10 2024]: LibAUTO: thread started
[Wed May 15 15:58:10 2024]: LibAUTO run time: 0.068 s
[Wed May 15 15:58:10 2024]: returning 912 data bytes to client
(0.124 seconds) 
[Wed May 15 15:58:10 2024]: run complete (0.125 s)
[Wed May 15 15:58:10 2024]: done running
[Wed May 15 15:58:10 2024]: returning (roughly) 675 log bytes to client
[Wed May 15 15:58:13 2024]: link received run message, reading in 3322 bytes of o8r text
[Wed May 15 15:58:13 2024]: ignoring notes in o8r
[Wed May 15 15:58:13 2024]: ignoring plots in o8r
[Wed May 15 15:58:13 2024]: running...
[Wed May 15 15:58:13 2024]: running limit cycle continuation
[Wed May 15 15:58:13 2024]: running for par=S, label=3
[Wed May 15 15:58:13 2024]: LibAUTO: starting thread
[Wed May 15 15:58:13 2024]: LibAUTO: thread started
[Wed May 15 15:58:13 2024]: LibAUTO run time: 0.039 s
[Wed May 15 15:58:13 2024]: returning 228 data bytes to client
(0.113 seconds) 
[Wed May 15 15:58:13 2024]: run complete (0.113 s)
[Wed May 15 15:58:13 2024]: done running
[Wed May 15 15:58:13 2024]: returning (roughly) 675 log bytes to client
[Wed May 15 15:58:17 2024]: link received run message, reading in 3323 bytes of o8r text
[Wed May 15 15:58:17 2024]: ignoring notes in o8r
[Wed May 15 15:58:17 2024]: ignoring plots in o8r
[Wed May 15 15:58:17 2024]: running...
[Wed May 15 15:58:17 2024]: running limit cycle continuation
[Wed May 15 15:58:17 2024]: running for par=S, label=3
[Wed May 15 15:58:17 2024]: LibAUTO: starting thread
[Wed May 15 15:58:17 2024]: LibAUTO: thread started
[Wed May 15 15:58:17 2024]: LibAUTO run time: 0.039 s
[Wed May 15 15:58:17 2024]: returning 228 data bytes to client
(0.116 seconds) 
[Wed May 15 15:58:17 2024]: run complete (0.117 s)
[Wed May 15 15:58:17 2024]: done running
[Wed May 15 15:58:17 2024]: returning (roughly) 675 log bytes to client
[Wed May 15 15:58:38 2024]: link received quit message, exiting.
[Wed May 15 15:58:38 2024]: link outfifo: waiting for thread to finish...
[Wed May 15 15:58:38 2024]: o8core link run time: 114.639 s
[Wed May 15 15:58:38 2024]: link outfifo run time: 114.639 s
[Wed May 15 15:58:38 2024]: link outfifo: 4816352 bytes in, 4816352 bytes out
[Wed May 15 15:58:38 2024]: all done!
