
o8core, 2.0.11
author: Emery Conrad
build date: Jan 14 2011, 13:23:16

[Wed May 15 15:04:32 2024]: creating logfile o8core_136_15_4_32.log
[Wed May 15 15:04:32 2024]: initializing link on port 28472
[Wed May 15 15:04:32 2024]: initializing winsock library
[Wed May 15 15:04:32 2024]: link port is 28472
[Wed May 15 15:04:32 2024]: port 28472 is bound
[Wed May 15 15:04:32 2024]: listening on port 28472
[Wed May 15 15:04:32 2024]: link outfifo: starting thread
[Wed May 15 15:04:32 2024]: link outfifo: thread started
[Wed May 15 15:04:32 2024]: o8core link: starting thread
[Wed May 15 15:04:32 2024]: o8core link: thread started
[Wed May 15 15:04:32 2024]: accepted socket connection on port 27084
[Wed May 15 15:04:32 2024]: link received initialization message, reading in 576 bytes of model text
[Wed May 15 15:04:32 2024]: ignoring o8mi tag in model init
[Wed May 15 15:04:36 2024]: link received run message, reading in 2176 bytes of o8r text
[Wed May 15 15:04:36 2024]: ignoring notes in o8r
[Wed May 15 15:04:36 2024]: ignoring plots in o8r
[Wed May 15 15:04:36 2024]: running...
[Wed May 15 15:04:36 2024]: running a time series
[Wed May 15 15:04:36 2024]: will run for 250 time units, 500 points
[Wed May 15 15:04:36 2024]: returning 16032 data bytes to client
[Wed May 15 15:04:36 2024]: run complete (0.001 s)
[Wed May 15 15:04:36 2024]: done running
[Wed May 15 15:04:36 2024]: returning (roughly) 1365 log bytes to client
[Wed May 15 15:05:07 2024]: link received run message, reading in 2255 bytes of o8r text
[Wed May 15 15:05:07 2024]: ignoring notes in o8r
[Wed May 15 15:05:07 2024]: ignoring plots in o8r
[Wed May 15 15:05:07 2024]: running...
[Wed May 15 15:05:07 2024]: running a one parameter bifurcation
[Wed May 15 15:05:07 2024]: ignoring xprops
[Wed May 15 15:05:07 2024]: solving for steady state
[Wed May 15 15:05:07 2024]: trying newton's method
[Wed May 15 15:05:07 2024]: try solving time series
[Wed May 15 15:05:07 2024]: reached stable steady state
[Wed May 15 15:05:07 2024]: continuing S
[Wed May 15 15:05:07 2024]: LibAUTO: starting thread
[Wed May 15 15:05:07 2024]: LibAUTO: thread started
[Wed May 15 15:05:07 2024]: LibAUTO run time: 0.02 s
[Wed May 15 15:05:07 2024]: LibAUTO: starting thread
[Wed May 15 15:05:07 2024]: LibAUTO: thread started
[Wed May 15 15:05:07 2024]: LibAUTO run time: 0.028 s
[Wed May 15 15:05:08 2024]: returning 2992 data bytes to client
[Wed May 15 15:05:08 2024]: S took 0.217 seconds (0.217 for actual continuation)
[Wed May 15 15:05:08 2024]: run complete (0.218 s)
[Wed May 15 15:05:08 2024]: done running
[Wed May 15 15:05:08 2024]: returning (roughly) 1143 log bytes to client
[Wed May 15 15:08:13 2024]: link received quit message, exiting.
[Wed May 15 15:08:14 2024]: link outfifo: waiting for thread to finish...
[Wed May 15 15:08:14 2024]: link outfifo run time: 221.6 s
[Wed May 15 15:08:14 2024]: o8core link run time: 221.6 s
[Wed May 15 15:08:14 2024]: link outfifo: 19024 bytes in, 19024 bytes out
[Wed May 15 15:08:14 2024]: all done!
