
o8core, 2.0.11
author: Emery Conrad
build date: Jan 14 2011, 13:23:16

[Wed May 15 20:57:34 2024]: creating logfile o8core_136_20_57_33.log
[Wed May 15 20:57:34 2024]: initializing link on port 28472
[Wed May 15 20:57:34 2024]: initializing winsock library
[Wed May 15 20:57:34 2024]: link port is 28472
[Wed May 15 20:57:34 2024]: port 28472 is bound
[Wed May 15 20:57:34 2024]: listening on port 28472
[Wed May 15 20:57:34 2024]: link outfifo: starting thread
[Wed May 15 20:57:34 2024]: link outfifo: thread started
[Wed May 15 20:57:34 2024]: o8core link: starting thread
[Wed May 15 20:57:34 2024]: o8core link: thread started
[Wed May 15 20:57:34 2024]: accepted socket connection on port 25833
[Wed May 15 20:57:34 2024]: link received initialization message, reading in 579 bytes of model text
[Wed May 15 20:57:34 2024]: ignoring o8mi tag in model init
[Wed May 15 20:58:33 2024]: link received run message, reading in 2256 bytes of o8r text
[Wed May 15 20:58:33 2024]: ignoring notes in o8r
[Wed May 15 20:58:33 2024]: ignoring plots in o8r
[Wed May 15 20:58:33 2024]: running...
[Wed May 15 20:58:33 2024]: running a one parameter bifurcation
[Wed May 15 20:58:33 2024]: ignoring xprops
[Wed May 15 20:58:33 2024]: solving for steady state
[Wed May 15 20:58:33 2024]: trying newton's method
[Wed May 15 20:58:33 2024]: try solving time series
[Wed May 15 20:58:33 2024]: WARNING: time course run didn't find a stable steady state
[Wed May 15 20:58:33 2024]: trying newton's method again to hone in
[Wed May 15 20:58:33 2024]: continuing S
[Wed May 15 20:58:33 2024]: LibAUTO: starting thread
[Wed May 15 20:58:33 2024]: LibAUTO: thread started
[Wed May 15 20:58:33 2024]: LibAUTO run time: 0.034 s
[Wed May 15 20:58:33 2024]: LibAUTO: starting thread
[Wed May 15 20:58:33 2024]: LibAUTO: thread started
[Wed May 15 20:58:34 2024]: LibAUTO run time: 0.081 s
[Wed May 15 20:58:34 2024]: returning 13508 data bytes to client
[Wed May 15 20:58:34 2024]: S took 0.236 seconds (0.235 for actual continuation)
[Wed May 15 20:58:34 2024]: run complete (0.283 s)
[Wed May 15 20:58:34 2024]: done running
[Wed May 15 20:58:34 2024]: returning (roughly) 2107 log bytes to client
[Wed May 15 20:58:43 2024]: link received run message, reading in 2219 bytes of o8r text
[Wed May 15 20:58:43 2024]: ignoring notes in o8r
[Wed May 15 20:58:43 2024]: ignoring plots in o8r
[Wed May 15 20:58:43 2024]: running...
[Wed May 15 20:58:43 2024]: running limit cycle continuation
[Wed May 15 20:58:43 2024]: running for par=S, label=3
[Wed May 15 20:58:43 2024]: LibAUTO: starting thread
[Wed May 15 20:58:43 2024]: LibAUTO: thread started
[Wed May 15 20:58:44 2024]: LibAUTO run time: 1.192 s
[Wed May 15 20:58:44 2024]: returning 31008 data bytes to client
(1.265 seconds) 
[Wed May 15 20:58:44 2024]: run complete (1.266 s)
[Wed May 15 20:58:44 2024]: done running
[Wed May 15 20:58:44 2024]: returning (roughly) 677 log bytes to client
[Wed May 15 21:02:59 2024]: link received quit message, exiting.
[Wed May 15 21:02:59 2024]: link outfifo: waiting for thread to finish...
[Wed May 15 21:03:00 2024]: o8core link run time: 325.973 s
[Wed May 15 21:03:00 2024]: link outfifo run time: 325.974 s
[Wed May 15 21:03:00 2024]: link outfifo: 44516 bytes in, 44516 bytes out
[Wed May 15 21:03:00 2024]: all done!
