
o8core, 2.0.11
author: Emery Conrad
build date: Jan 14 2011, 13:23:16

[Wed May 15 19:29:30 2024]: creating logfile o8core_136_19_29_29.log
[Wed May 15 19:29:30 2024]: initializing link on port 28472
[Wed May 15 19:29:30 2024]: initializing winsock library
[Wed May 15 19:29:30 2024]: link port is 28472
[Wed May 15 19:29:30 2024]: port 28472 is bound
[Wed May 15 19:29:30 2024]: listening on port 28472
[Wed May 15 19:29:30 2024]: link outfifo: starting thread
[Wed May 15 19:29:30 2024]: link outfifo: thread started
[Wed May 15 19:29:30 2024]: o8core link: starting thread
[Wed May 15 19:29:30 2024]: o8core link: thread started
[Wed May 15 19:29:30 2024]: accepted socket connection on port 6908
[Wed May 15 19:29:30 2024]: link received initialization message, reading in 579 bytes of model text
[Wed May 15 19:29:30 2024]: ignoring o8mi tag in model init
[Wed May 15 19:29:41 2024]: link received run message, reading in 2181 bytes of o8r text
[Wed May 15 19:29:41 2024]: ignoring notes in o8r
[Wed May 15 19:29:41 2024]: ignoring plots in o8r
[Wed May 15 19:29:41 2024]: running...
[Wed May 15 19:29:41 2024]: running a time series
[Wed May 15 19:29:41 2024]: will run for 1500 time units, 150000 points
[Wed May 15 19:29:41 2024]: returning 4800032 data bytes to client
[Wed May 15 19:29:41 2024]: run complete (0.181 s)
[Wed May 15 19:29:41 2024]: done running
[Wed May 15 19:29:41 2024]: returning (roughly) 1371 log bytes to client
[Wed May 15 19:30:25 2024]: link received run message, reading in 2256 bytes of o8r text
[Wed May 15 19:30:25 2024]: ignoring notes in o8r
[Wed May 15 19:30:25 2024]: ignoring plots in o8r
[Wed May 15 19:30:25 2024]: running...
[Wed May 15 19:30:25 2024]: running a one parameter bifurcation
[Wed May 15 19:30:25 2024]: ignoring xprops
[Wed May 15 19:30:25 2024]: solving for steady state
[Wed May 15 19:30:25 2024]: trying newton's method
[Wed May 15 19:30:25 2024]: try solving time series
[Wed May 15 19:30:25 2024]: WARNING: time course run didn't find a stable steady state
[Wed May 15 19:30:25 2024]: trying newton's method again to hone in
[Wed May 15 19:30:25 2024]: continuing S
[Wed May 15 19:30:25 2024]: LibAUTO: starting thread
[Wed May 15 19:30:25 2024]: LibAUTO: thread started
[Wed May 15 19:30:25 2024]: LibAUTO run time: 0.057 s
[Wed May 15 19:30:25 2024]: LibAUTO: starting thread
[Wed May 15 19:30:25 2024]: LibAUTO: thread started
[Wed May 15 19:30:25 2024]: LibAUTO run time: 0.055 s
[Wed May 15 19:30:25 2024]: returning 13508 data bytes to client
[Wed May 15 19:30:25 2024]: S took 0.227 seconds (0.227 for actual continuation)
[Wed May 15 19:30:25 2024]: run complete (0.237 s)
[Wed May 15 19:30:25 2024]: done running
[Wed May 15 19:30:25 2024]: returning (roughly) 1244 log bytes to client
[Wed May 15 19:30:29 2024]: link received run message, reading in 2219 bytes of o8r text
[Wed May 15 19:30:29 2024]: ignoring notes in o8r
[Wed May 15 19:30:29 2024]: ignoring plots in o8r
[Wed May 15 19:30:29 2024]: running...
[Wed May 15 19:30:29 2024]: running limit cycle continuation
[Wed May 15 19:30:29 2024]: running for par=S, label=3
[Wed May 15 19:30:29 2024]: LibAUTO: starting thread
[Wed May 15 19:30:29 2024]: LibAUTO: thread started
[Wed May 15 19:30:29 2024]: LibAUTO run time: 0.42 s
[Wed May 15 19:30:29 2024]: returning 9728 data bytes to client
(0.452 seconds) 
[Wed May 15 19:30:29 2024]: run complete (0.452 s)
[Wed May 15 19:30:29 2024]: done running
[Wed May 15 19:30:29 2024]: returning (roughly) 675 log bytes to client
[Wed May 15 19:30:41 2024]: link received run message, reading in 3314 bytes of o8r text
[Wed May 15 19:30:41 2024]: ignoring notes in o8r
[Wed May 15 19:30:41 2024]: ignoring plots in o8r
[Wed May 15 19:30:41 2024]: running...
[Wed May 15 19:30:41 2024]: running limit cycle continuation
[Wed May 15 19:30:41 2024]: running for par=S, label=3
[Wed May 15 19:30:41 2024]: LibAUTO: starting thread
[Wed May 15 19:30:41 2024]: LibAUTO: thread started
[Wed May 15 19:30:41 2024]: LibAUTO run time: 0.043 s
[Wed May 15 19:30:41 2024]: returning 228 data bytes to client
(0.11 seconds) 
[Wed May 15 19:30:41 2024]: run complete (0.111 s)
[Wed May 15 19:30:41 2024]: done running
[Wed May 15 19:30:41 2024]: returning (roughly) 674 log bytes to client
[Wed May 15 19:30:45 2024]: link received run message, reading in 3313 bytes of o8r text
[Wed May 15 19:30:45 2024]: ignoring notes in o8r
[Wed May 15 19:30:45 2024]: ignoring plots in o8r
[Wed May 15 19:30:45 2024]: running...
[Wed May 15 19:30:45 2024]: running limit cycle continuation
[Wed May 15 19:30:45 2024]: running for par=S, label=3
[Wed May 15 19:30:45 2024]: LibAUTO: starting thread
[Wed May 15 19:30:45 2024]: LibAUTO: thread started
[Wed May 15 19:30:45 2024]: LibAUTO run time: 0.197 s
[Wed May 15 19:30:45 2024]: returning 4332 data bytes to client
(0.23 seconds) 
[Wed May 15 19:30:45 2024]: run complete (0.231 s)
[Wed May 15 19:30:45 2024]: done running
[Wed May 15 19:30:45 2024]: returning (roughly) 675 log bytes to client
[Wed May 15 19:30:59 2024]: link received run message, reading in 2219 bytes of o8r text
[Wed May 15 19:30:59 2024]: ignoring notes in o8r
[Wed May 15 19:30:59 2024]: ignoring plots in o8r
[Wed May 15 19:30:59 2024]: running...
[Wed May 15 19:30:59 2024]: running limit cycle continuation
[Wed May 15 19:30:59 2024]: running for par=S, label=3
[Wed May 15 19:30:59 2024]: LibAUTO: starting thread
[Wed May 15 19:30:59 2024]: LibAUTO: thread started
[Wed May 15 19:31:01 2024]: LibAUTO run time: 1.339 s
[Wed May 15 19:31:01 2024]: returning 45676 data bytes to client
(1.516 seconds) 
[Wed May 15 19:31:01 2024]: run complete (1.518 s)
[Wed May 15 19:31:01 2024]: done running
[Wed May 15 19:31:01 2024]: returning (roughly) 677 log bytes to client
[Wed May 15 19:31:13 2024]: link received run message, reading in 3308 bytes of o8r text
[Wed May 15 19:31:13 2024]: ignoring notes in o8r
[Wed May 15 19:31:13 2024]: ignoring plots in o8r
[Wed May 15 19:31:13 2024]: running...
[Wed May 15 19:31:13 2024]: running limit cycle continuation
[Wed May 15 19:31:13 2024]: running for par=S, label=3
[Wed May 15 19:31:13 2024]: LibAUTO: starting thread
[Wed May 15 19:31:13 2024]: LibAUTO: thread started
[Wed May 15 19:31:13 2024]: LibAUTO run time: 0.051 s
[Wed May 15 19:31:13 2024]: returning 228 data bytes to client
(0.118 seconds) 
[Wed May 15 19:31:13 2024]: run complete (0.119 s)
[Wed May 15 19:31:13 2024]: done running
[Wed May 15 19:31:13 2024]: returning (roughly) 675 log bytes to client
[Wed May 15 19:31:16 2024]: link received run message, reading in 3305 bytes of o8r text
[Wed May 15 19:31:16 2024]: ignoring notes in o8r
[Wed May 15 19:31:16 2024]: ignoring plots in o8r
[Wed May 15 19:31:16 2024]: running...
[Wed May 15 19:31:16 2024]: running limit cycle continuation
[Wed May 15 19:31:16 2024]: running for par=S, label=3
[Wed May 15 19:31:16 2024]: LibAUTO: starting thread
[Wed May 15 19:31:16 2024]: LibAUTO: thread started
[Wed May 15 19:31:16 2024]: LibAUTO run time: 0.143 s
[Wed May 15 19:31:16 2024]: returning 3192 data bytes to client
(0.223 seconds) 
[Wed May 15 19:31:16 2024]: run complete (0.224 s)
[Wed May 15 19:31:16 2024]: done running
[Wed May 15 19:31:16 2024]: returning (roughly) 676 log bytes to client
[Wed May 15 19:31:18 2024]: link received run message, reading in 3305 bytes of o8r text
[Wed May 15 19:31:18 2024]: ignoring notes in o8r
[Wed May 15 19:31:18 2024]: ignoring plots in o8r
[Wed May 15 19:31:18 2024]: running...
[Wed May 15 19:31:18 2024]: running limit cycle continuation
[Wed May 15 19:31:18 2024]: running for par=S, label=3
[Wed May 15 19:31:18 2024]: LibAUTO: starting thread
[Wed May 15 19:31:18 2024]: LibAUTO: thread started
[Wed May 15 19:31:18 2024]: LibAUTO run time: 0.049 s
[Wed May 15 19:31:18 2024]: returning 228 data bytes to client
(0.113 seconds) 
[Wed May 15 19:31:18 2024]: run complete (0.114 s)
[Wed May 15 19:31:18 2024]: done running
[Wed May 15 19:31:18 2024]: returning (roughly) 675 log bytes to client
[Wed May 15 19:31:20 2024]: link received run message, reading in 3305 bytes of o8r text
[Wed May 15 19:31:20 2024]: ignoring notes in o8r
[Wed May 15 19:31:20 2024]: ignoring plots in o8r
[Wed May 15 19:31:20 2024]: running...
[Wed May 15 19:31:20 2024]: running limit cycle continuation
[Wed May 15 19:31:20 2024]: running for par=S, label=3
[Wed May 15 19:31:20 2024]: LibAUTO: starting thread
[Wed May 15 19:31:20 2024]: LibAUTO: thread started
[Wed May 15 19:31:20 2024]: LibAUTO run time: 0.05 s
[Wed May 15 19:31:20 2024]: returning 304 data bytes to client
(0.111 seconds) 
[Wed May 15 19:31:20 2024]: run complete (0.112 s)
[Wed May 15 19:31:20 2024]: done running
[Wed May 15 19:31:20 2024]: returning (roughly) 674 log bytes to client
[Wed May 15 19:31:22 2024]: link received run message, reading in 3303 bytes of o8r text
[Wed May 15 19:31:22 2024]: ignoring notes in o8r
[Wed May 15 19:31:22 2024]: ignoring plots in o8r
[Wed May 15 19:31:22 2024]: running...
[Wed May 15 19:31:22 2024]: running limit cycle continuation
[Wed May 15 19:31:22 2024]: running for par=S, label=3
[Wed May 15 19:31:22 2024]: LibAUTO: starting thread
[Wed May 15 19:31:22 2024]: LibAUTO: thread started
[Wed May 15 19:31:22 2024]: LibAUTO run time: 0.049 s
[Wed May 15 19:31:22 2024]: returning 304 data bytes to client
(0.113 seconds) 
[Wed May 15 19:31:22 2024]: run complete (0.113 s)
[Wed May 15 19:31:22 2024]: done running
[Wed May 15 19:31:22 2024]: returning (roughly) 675 log bytes to client
[Wed May 15 19:31:41 2024]: link received run message, reading in 3303 bytes of o8r text
[Wed May 15 19:31:41 2024]: ignoring notes in o8r
[Wed May 15 19:31:41 2024]: ignoring plots in o8r
[Wed May 15 19:31:41 2024]: running...
[Wed May 15 19:31:41 2024]: running limit cycle continuation
[Wed May 15 19:31:41 2024]: running for par=S, label=3
[Wed May 15 19:31:41 2024]: LibAUTO: starting thread
[Wed May 15 19:31:41 2024]: LibAUTO: thread started
[Wed May 15 19:31:41 2024]: LibAUTO run time: 0.052 s
[Wed May 15 19:31:41 2024]: returning 228 data bytes to client
(0.117 seconds) 
[Wed May 15 19:31:41 2024]: run complete (0.118 s)
[Wed May 15 19:31:41 2024]: done running
[Wed May 15 19:31:41 2024]: returning (roughly) 675 log bytes to client
[Wed May 15 19:31:45 2024]: link received run message, reading in 3303 bytes of o8r text
[Wed May 15 19:31:45 2024]: ignoring notes in o8r
[Wed May 15 19:31:45 2024]: ignoring plots in o8r
[Wed May 15 19:31:45 2024]: running...
[Wed May 15 19:31:45 2024]: running limit cycle continuation
[Wed May 15 19:31:45 2024]: running for par=S, label=3
[Wed May 15 19:31:45 2024]: LibAUTO: starting thread
[Wed May 15 19:31:45 2024]: LibAUTO: thread started
[Wed May 15 19:31:45 2024]: LibAUTO run time: 0.16 s
[Wed May 15 19:31:45 2024]: returning 3344 data bytes to client
(0.237 seconds) 
[Wed May 15 19:31:45 2024]: run complete (0.237 s)
[Wed May 15 19:31:45 2024]: done running
[Wed May 15 19:31:45 2024]: returning (roughly) 675 log bytes to client
[Wed May 15 19:31:49 2024]: link received run message, reading in 3303 bytes of o8r text
[Wed May 15 19:31:49 2024]: ignoring notes in o8r
[Wed May 15 19:31:49 2024]: ignoring plots in o8r
[Wed May 15 19:31:49 2024]: running...
[Wed May 15 19:31:49 2024]: running limit cycle continuation
[Wed May 15 19:31:49 2024]: running for par=S, label=3
[Wed May 15 19:31:49 2024]: LibAUTO: starting thread
[Wed May 15 19:31:49 2024]: LibAUTO: thread started
[Wed May 15 19:31:49 2024]: LibAUTO run time: 0.049 s
[Wed May 15 19:31:49 2024]: returning 380 data bytes to client
(0.118 seconds) 
[Wed May 15 19:31:49 2024]: run complete (0.119 s)
[Wed May 15 19:31:49 2024]: done running
[Wed May 15 19:31:49 2024]: returning (roughly) 675 log bytes to client
[Wed May 15 19:31:52 2024]: link received run message, reading in 3303 bytes of o8r text
[Wed May 15 19:31:52 2024]: ignoring notes in o8r
[Wed May 15 19:31:52 2024]: ignoring plots in o8r
[Wed May 15 19:31:52 2024]: running...
[Wed May 15 19:31:52 2024]: running limit cycle continuation
[Wed May 15 19:31:52 2024]: running for par=S, label=3
[Wed May 15 19:31:52 2024]: LibAUTO: starting thread
[Wed May 15 19:31:52 2024]: LibAUTO: thread started
[Wed May 15 19:31:52 2024]: LibAUTO run time: 0.05 s
[Wed May 15 19:31:52 2024]: returning 380 data bytes to client
(0.121 seconds) 
[Wed May 15 19:31:52 2024]: run complete (0.121 s)
[Wed May 15 19:31:52 2024]: done running
[Wed May 15 19:31:52 2024]: returning (roughly) 674 log bytes to client
[Wed May 15 19:31:54 2024]: link received run message, reading in 3312 bytes of o8r text
[Wed May 15 19:31:54 2024]: ignoring notes in o8r
[Wed May 15 19:31:54 2024]: ignoring plots in o8r
[Wed May 15 19:31:54 2024]: running...
[Wed May 15 19:31:54 2024]: running limit cycle continuation
[Wed May 15 19:31:54 2024]: running for par=S, label=3
[Wed May 15 19:31:54 2024]: LibAUTO: starting thread
[Wed May 15 19:31:54 2024]: LibAUTO: thread started
[Wed May 15 19:31:54 2024]: LibAUTO run time: 0.047 s
[Wed May 15 19:31:54 2024]: returning 228 data bytes to client
(0.111 seconds) 
[Wed May 15 19:31:54 2024]: run complete (0.111 s)
[Wed May 15 19:31:54 2024]: done running
[Wed May 15 19:31:54 2024]: returning (roughly) 675 log bytes to client
[Wed May 15 19:31:56 2024]: link received run message, reading in 3303 bytes of o8r text
[Wed May 15 19:31:56 2024]: ignoring notes in o8r
[Wed May 15 19:31:56 2024]: ignoring plots in o8r
[Wed May 15 19:31:56 2024]: running...
[Wed May 15 19:31:56 2024]: running limit cycle continuation
[Wed May 15 19:31:56 2024]: running for par=S, label=3
[Wed May 15 19:31:56 2024]: LibAUTO: starting thread
[Wed May 15 19:31:56 2024]: LibAUTO: thread started
[Wed May 15 19:31:56 2024]: LibAUTO run time: 0.054 s
[Wed May 15 19:31:56 2024]: returning 304 data bytes to client
(0.108 seconds) 
[Wed May 15 19:31:56 2024]: run complete (0.109 s)
[Wed May 15 19:31:56 2024]: done running
[Wed May 15 19:31:56 2024]: returning (roughly) 675 log bytes to client
[Wed May 15 19:32:23 2024]: link received run message, reading in 2219 bytes of o8r text
[Wed May 15 19:32:23 2024]: ignoring notes in o8r
[Wed May 15 19:32:23 2024]: ignoring plots in o8r
[Wed May 15 19:32:23 2024]: running...
[Wed May 15 19:32:23 2024]: running limit cycle continuation
[Wed May 15 19:32:23 2024]: running for par=S, label=3
[Wed May 15 19:32:23 2024]: LibAUTO: starting thread
[Wed May 15 19:32:23 2024]: LibAUTO: thread started
[Wed May 15 19:32:25 2024]: LibAUTO run time: 2.773 s
[Wed May 15 19:32:26 2024]: returning 76000 data bytes to client
(2.905 seconds) 
[Wed May 15 19:32:26 2024]: run complete (2.907 s)
[Wed May 15 19:32:26 2024]: done running
[Wed May 15 19:32:26 2024]: returning (roughly) 677 log bytes to client
[Wed May 15 19:32:43 2024]: link received run message, reading in 3307 bytes of o8r text
[Wed May 15 19:32:43 2024]: ignoring notes in o8r
[Wed May 15 19:32:43 2024]: ignoring plots in o8r
[Wed May 15 19:32:43 2024]: running...
[Wed May 15 19:32:43 2024]: running limit cycle continuation
[Wed May 15 19:32:43 2024]: running for par=S, label=3
[Wed May 15 19:32:43 2024]: LibAUTO: starting thread
[Wed May 15 19:32:43 2024]: LibAUTO: thread started
