
o8core, 2.0.11
author: Emery Conrad
build date: Jan 14 2011, 13:23:16

[Wed May 15 15:00:44 2024]: creating logfile o8core_136_15_0_44.log
[Wed May 15 15:00:44 2024]: initializing link on port 28472
[Wed May 15 15:00:44 2024]: initializing winsock library
[Wed May 15 15:00:44 2024]: link port is 28472
[Wed May 15 15:00:44 2024]: port 28472 is bound
[Wed May 15 15:00:44 2024]: listening on port 28472
[Wed May 15 15:00:44 2024]: link outfifo: starting thread
[Wed May 15 15:00:44 2024]: link outfifo: thread started
[Wed May 15 15:00:44 2024]: o8core link: starting thread
[Wed May 15 15:00:44 2024]: o8core link: thread started
[Wed May 15 15:00:44 2024]: accepted socket connection on port 30155
[Wed May 15 15:00:45 2024]: link received initialization message, reading in 579 bytes of model text
[Wed May 15 15:00:45 2024]: ignoring o8mi tag in model init
[Wed May 15 15:00:59 2024]: link received run message, reading in 2180 bytes of o8r text
[Wed May 15 15:00:59 2024]: ignoring notes in o8r
[Wed May 15 15:00:59 2024]: ignoring plots in o8r
[Wed May 15 15:00:59 2024]: running...
[Wed May 15 15:00:59 2024]: running a time series
[Wed May 15 15:00:59 2024]: will run for 250 time units, 2500 points
[Wed May 15 15:00:59 2024]: returning 80032 data bytes to client
[Wed May 15 15:00:59 2024]: run complete (0.004 s)
[Wed May 15 15:00:59 2024]: done running
[Wed May 15 15:00:59 2024]: returning (roughly) 1366 log bytes to client
[Wed May 15 15:01:14 2024]: link received quit message, exiting.
[Wed May 15 15:01:14 2024]: link outfifo: waiting for thread to finish...
[Wed May 15 15:01:14 2024]: o8core link run time: 30.515 s
[Wed May 15 15:01:14 2024]: link outfifo run time: 30.515 s
[Wed May 15 15:01:14 2024]: link outfifo: 80032 bytes in, 80032 bytes out
[Wed May 15 15:01:14 2024]: all done!
