
o8core, 2.0.11
author: Emery Conrad
build date: Jan 14 2011, 13:23:16

[Wed May 15 14:26:09 2024]: creating logfile o8core_136_14_26_9.log
[Wed May 15 14:26:09 2024]: initializing link on port 28472
[Wed May 15 14:26:09 2024]: initializing winsock library
[Wed May 15 14:26:09 2024]: link port is 28472
[Wed May 15 14:26:09 2024]: port 28472 is bound
[Wed May 15 14:26:09 2024]: listening on port 28472
[Wed May 15 14:26:09 2024]: link outfifo: starting thread
[Wed May 15 14:26:09 2024]: link outfifo: thread started
[Wed May 15 14:26:09 2024]: o8core link: starting thread
[Wed May 15 14:26:09 2024]: o8core link: thread started
[Wed May 15 14:26:09 2024]: accepted socket connection on port 26567
[Wed May 15 14:26:09 2024]: link received initialization message, reading in 567 bytes of model text
[Wed May 15 14:26:09 2024]: ignoring o8mi tag in model init
[Wed May 15 14:26:40 2024]: link received run message, reading in 2180 bytes of o8r text
[Wed May 15 14:26:40 2024]: ignoring notes in o8r
[Wed May 15 14:26:40 2024]: ignoring plots in o8r
[Wed May 15 14:26:40 2024]: running...
[Wed May 15 14:26:40 2024]: running a time series
[Wed May 15 14:26:40 2024]: will run for 250 time units, 2500 points
[Wed May 15 14:26:40 2024]: returning 80032 data bytes to client
[Wed May 15 14:26:40 2024]: run complete (0.004 s)
[Wed May 15 14:26:40 2024]: done running
[Wed May 15 14:26:40 2024]: returning (roughly) 1366 log bytes to client
[Wed May 15 14:27:18 2024]: link received run message, reading in 2258 bytes of o8r text
[Wed May 15 14:27:18 2024]: ignoring notes in o8r
[Wed May 15 14:27:18 2024]: ignoring plots in o8r
[Wed May 15 14:27:18 2024]: running...
[Wed May 15 14:27:18 2024]: running a one parameter bifurcation
[Wed May 15 14:27:18 2024]: ignoring xprops
[Wed May 15 14:27:18 2024]: solving for steady state
[Wed May 15 14:27:18 2024]: trying newton's method
[Wed May 15 14:27:18 2024]: try solving time series
[Wed May 15 14:27:18 2024]: reached stable steady state
[Wed May 15 14:27:18 2024]: continuing S
[Wed May 15 14:27:18 2024]: LibAUTO: starting thread
[Wed May 15 14:27:18 2024]: LibAUTO: thread started
[Wed May 15 14:27:18 2024]: LibAUTO run time: 0.069 s
[Wed May 15 14:27:18 2024]: LibAUTO: starting thread
[Wed May 15 14:27:18 2024]: LibAUTO: thread started
[Wed May 15 14:27:18 2024]: LibAUTO run time: 0.038 s
[Wed May 15 14:27:18 2024]: returning 14212 data bytes to client
[Wed May 15 14:27:18 2024]: S took 0.237 seconds (0.237 for actual continuation)
[Wed May 15 14:27:18 2024]: run complete (0.239 s)
[Wed May 15 14:27:18 2024]: done running
[Wed May 15 14:27:18 2024]: returning (roughly) 1145 log bytes to client
[Wed May 15 14:27:25 2024]: link received run message, reading in 2221 bytes of o8r text
[Wed May 15 14:27:25 2024]: ignoring notes in o8r
[Wed May 15 14:27:25 2024]: ignoring plots in o8r
[Wed May 15 14:27:25 2024]: running...
[Wed May 15 14:27:25 2024]: running limit cycle continuation
[Wed May 15 14:27:25 2024]: running for par=S, label=8
[Wed May 15 14:27:25 2024]: LibAUTO: starting thread
[Wed May 15 14:27:25 2024]: LibAUTO: thread started
[Wed May 15 14:27:25 2024]: LibAUTO run time: 0.063 s
[Wed May 15 14:27:25 2024]: returning 760 data bytes to client
(0.116 seconds) 
[Wed May 15 14:27:25 2024]: run complete (0.152 s)
[Wed May 15 14:27:25 2024]: done running
[Wed May 15 14:27:25 2024]: returning (roughly) 675 log bytes to client
[Wed May 15 14:27:36 2024]: link received run message, reading in 3325 bytes of o8r text
[Wed May 15 14:27:36 2024]: ignoring notes in o8r
[Wed May 15 14:27:36 2024]: ignoring plots in o8r
[Wed May 15 14:27:36 2024]: running...
[Wed May 15 14:27:36 2024]: running limit cycle continuation
[Wed May 15 14:27:36 2024]: running for par=S, label=8
[Wed May 15 14:27:36 2024]: LibAUTO: starting thread
[Wed May 15 14:27:36 2024]: LibAUTO: thread started
[Wed May 15 14:27:36 2024]: LibAUTO run time: 0.062 s
[Wed May 15 14:27:36 2024]: returning 380 data bytes to client
(0.112 seconds) 
[Wed May 15 14:27:36 2024]: run complete (0.112 s)
[Wed May 15 14:27:36 2024]: done running
[Wed May 15 14:27:36 2024]: returning (roughly) 675 log bytes to client
[Wed May 15 14:27:44 2024]: link received run message, reading in 3323 bytes of o8r text
[Wed May 15 14:27:44 2024]: ignoring notes in o8r
[Wed May 15 14:27:44 2024]: ignoring plots in o8r
[Wed May 15 14:27:44 2024]: running...
[Wed May 15 14:27:44 2024]: running limit cycle continuation
[Wed May 15 14:27:44 2024]: running for par=S, label=8
[Wed May 15 14:27:44 2024]: LibAUTO: starting thread
[Wed May 15 14:27:44 2024]: LibAUTO: thread started
[Wed May 15 14:27:44 2024]: LibAUTO run time: 0.051 s
[Wed May 15 14:27:44 2024]: returning 532 data bytes to client
(0.112 seconds) 
[Wed May 15 14:27:44 2024]: run complete (0.113 s)
[Wed May 15 14:27:44 2024]: done running
[Wed May 15 14:27:44 2024]: returning (roughly) 675 log bytes to client
[Wed May 15 14:28:46 2024]: link received run message, reading in 3323 bytes of o8r text
[Wed May 15 14:28:46 2024]: ignoring notes in o8r
[Wed May 15 14:28:46 2024]: ignoring plots in o8r
[Wed May 15 14:28:46 2024]: running...
[Wed May 15 14:28:46 2024]: running limit cycle continuation
[Wed May 15 14:28:46 2024]: running for par=S, label=8
[Wed May 15 14:28:46 2024]: LibAUTO: starting thread
[Wed May 15 14:28:46 2024]: LibAUTO: thread started
[Wed May 15 14:28:47 2024]: LibAUTO run time: 0.279 s
[Wed May 15 14:28:47 2024]: returning 8512 data bytes to client
(0.35 seconds) 
[Wed May 15 14:28:47 2024]: run complete (0.351 s)
[Wed May 15 14:28:47 2024]: done running
[Wed May 15 14:28:47 2024]: returning (roughly) 675 log bytes to client
[Wed May 15 14:30:22 2024]: link received quit message, exiting.
[Wed May 15 14:30:22 2024]: link outfifo: waiting for thread to finish...
[Wed May 15 14:30:22 2024]: o8core link run time: 252.937 s
[Wed May 15 14:30:22 2024]: link outfifo run time: 252.937 s
[Wed May 15 14:30:22 2024]: link outfifo: 104428 bytes in, 104428 bytes out
[Wed May 15 14:30:22 2024]: all done!
