
o8core, 2.0.11
author: Emery Conrad
build date: Jan 14 2011, 13:23:16

[Wed May 15 15:01:24 2024]: creating logfile o8core_136_15_1_24.log
[Wed May 15 15:01:24 2024]: initializing link on port 28472
[Wed May 15 15:01:24 2024]: initializing winsock library
[Wed May 15 15:01:24 2024]: link port is 28472
[Wed May 15 15:01:24 2024]: port 28472 is bound
[Wed May 15 15:01:24 2024]: listening on port 28472
[Wed May 15 15:01:24 2024]: link outfifo: starting thread
[Wed May 15 15:01:24 2024]: link outfifo: thread started
[Wed May 15 15:01:24 2024]: o8core link: starting thread
[Wed May 15 15:01:24 2024]: o8core link: thread started
[Wed May 15 15:01:24 2024]: accepted socket connection on port 43723
[Wed May 15 15:01:25 2024]: link received initialization message, reading in 576 bytes of model text
[Wed May 15 15:01:25 2024]: ignoring o8mi tag in model init
[Wed May 15 15:01:32 2024]: link received run message, reading in 2177 bytes of o8r text
[Wed May 15 15:01:32 2024]: ignoring notes in o8r
[Wed May 15 15:01:32 2024]: ignoring plots in o8r
[Wed May 15 15:01:32 2024]: running...
[Wed May 15 15:01:32 2024]: running a time series
[Wed May 15 15:01:32 2024]: will run for 250 time units, 2500 points
[Wed May 15 15:01:32 2024]: returning 80032 data bytes to client
[Wed May 15 15:01:32 2024]: run complete (0.003 s)
[Wed May 15 15:01:32 2024]: done running
[Wed May 15 15:01:32 2024]: returning (roughly) 1366 log bytes to client
[Wed May 15 15:02:00 2024]: link received run message, reading in 2255 bytes of o8r text
[Wed May 15 15:02:00 2024]: ignoring notes in o8r
[Wed May 15 15:02:00 2024]: ignoring plots in o8r
[Wed May 15 15:02:00 2024]: running...
[Wed May 15 15:02:00 2024]: running a one parameter bifurcation
[Wed May 15 15:02:00 2024]: ignoring xprops
[Wed May 15 15:02:00 2024]: solving for steady state
[Wed May 15 15:02:00 2024]: trying newton's method
[Wed May 15 15:02:00 2024]: try solving time series
[Wed May 15 15:02:00 2024]: reached stable steady state
[Wed May 15 15:02:00 2024]: continuing S
[Wed May 15 15:02:00 2024]: LibAUTO: starting thread
[Wed May 15 15:02:00 2024]: LibAUTO: thread started
[Wed May 15 15:02:00 2024]: LibAUTO run time: 0.058 s
[Wed May 15 15:02:00 2024]: LibAUTO: starting thread
[Wed May 15 15:02:00 2024]: LibAUTO: thread started
[Wed May 15 15:02:00 2024]: LibAUTO run time: 0.039 s
[Wed May 15 15:02:00 2024]: returning 10120 data bytes to client
[Wed May 15 15:02:00 2024]: S took 0.23 seconds (0.23 for actual continuation)
[Wed May 15 15:02:00 2024]: run complete (0.231 s)
[Wed May 15 15:02:00 2024]: done running
[Wed May 15 15:02:00 2024]: returning (roughly) 1143 log bytes to client
[Wed May 15 15:04:28 2024]: link received quit message, exiting.
[Wed May 15 15:04:28 2024]: link outfifo: waiting for thread to finish...
[Wed May 15 15:04:28 2024]: o8core link run time: 184.413 s
[Wed May 15 15:04:28 2024]: link outfifo run time: 184.413 s
[Wed May 15 15:04:28 2024]: link outfifo: 90152 bytes in, 90152 bytes out
[Wed May 15 15:04:28 2024]: all done!
