
o8core, 2.0.11
author: Emery Conrad
build date: Jan 14 2011, 13:23:16

[Wed May 15 15:15:50 2024]: creating logfile o8core_136_15_15_50.log
[Wed May 15 15:15:50 2024]: initializing link on port 28472
[Wed May 15 15:15:50 2024]: initializing winsock library
[Wed May 15 15:15:50 2024]: link port is 28472
[Wed May 15 15:15:50 2024]: port 28472 is bound
[Wed May 15 15:15:50 2024]: listening on port 28472
[Wed May 15 15:15:50 2024]: link outfifo: starting thread
[Wed May 15 15:15:50 2024]: link outfifo: thread started
[Wed May 15 15:15:50 2024]: o8core link: starting thread
[Wed May 15 15:15:50 2024]: o8core link: thread started
[Wed May 15 15:15:51 2024]: accepted socket connection on port 49613
[Wed May 15 15:15:51 2024]: link received initialization message, reading in 575 bytes of model text
[Wed May 15 15:15:51 2024]: ignoring o8mi tag in model init
[Wed May 15 15:16:06 2024]: link received run message, reading in 2174 bytes of o8r text
[Wed May 15 15:16:06 2024]: ignoring notes in o8r
[Wed May 15 15:16:06 2024]: ignoring plots in o8r
[Wed May 15 15:16:06 2024]: running...
[Wed May 15 15:16:06 2024]: running a time series
[Wed May 15 15:16:06 2024]: will run for 1500 time units, 15000 points
[Wed May 15 15:16:06 2024]: returning 480032 data bytes to client
[Wed May 15 15:16:06 2024]: run complete (0.023 s)
[Wed May 15 15:16:06 2024]: done running
[Wed May 15 15:16:06 2024]: returning (roughly) 1370 log bytes to client
[Wed May 15 15:17:13 2024]: link received run message, reading in 2250 bytes of o8r text
[Wed May 15 15:17:13 2024]: ignoring notes in o8r
[Wed May 15 15:17:13 2024]: ignoring plots in o8r
[Wed May 15 15:17:13 2024]: running...
[Wed May 15 15:17:13 2024]: running a one parameter bifurcation
[Wed May 15 15:17:13 2024]: ignoring xprops
[Wed May 15 15:17:13 2024]: solving for steady state
[Wed May 15 15:17:13 2024]: trying newton's method
[Wed May 15 15:17:13 2024]: try solving time series
[Wed May 15 15:17:13 2024]: WARNING: time course run didn't find a stable steady state
[Wed May 15 15:17:13 2024]: trying newton's method again to hone in
[Wed May 15 15:17:13 2024]: continuing S
[Wed May 15 15:17:13 2024]: LibAUTO: starting thread
[Wed May 15 15:17:13 2024]: LibAUTO: thread started
[Wed May 15 15:17:13 2024]: LibAUTO run time: 0.037 s
[Wed May 15 15:17:13 2024]: LibAUTO: starting thread
[Wed May 15 15:17:13 2024]: LibAUTO: thread started
[Wed May 15 15:17:13 2024]: LibAUTO run time: 0.063 s
[Wed May 15 15:17:13 2024]: returning 16324 data bytes to client
[Wed May 15 15:17:13 2024]: S took 0.254 seconds (0.254 for actual continuation)
[Wed May 15 15:17:13 2024]: run complete (0.264 s)
[Wed May 15 15:17:13 2024]: done running
[Wed May 15 15:17:13 2024]: returning (roughly) 1244 log bytes to client
[Wed May 15 15:17:26 2024]: link received run message, reading in 2213 bytes of o8r text
[Wed May 15 15:17:26 2024]: ignoring notes in o8r
[Wed May 15 15:17:26 2024]: ignoring plots in o8r
[Wed May 15 15:17:26 2024]: running...
[Wed May 15 15:17:26 2024]: running limit cycle continuation
[Wed May 15 15:17:26 2024]: running for par=S, label=4
[Wed May 15 15:17:26 2024]: LibAUTO: starting thread
[Wed May 15 15:17:26 2024]: LibAUTO: thread started
[Wed May 15 15:17:26 2024]: LibAUTO run time: 0.071 s
[Wed May 15 15:17:26 2024]: returning 760 data bytes to client
(0.112 seconds) 
[Wed May 15 15:17:26 2024]: run complete (0.113 s)
[Wed May 15 15:17:26 2024]: done running
[Wed May 15 15:17:26 2024]: returning (roughly) 675 log bytes to client
[Wed May 15 15:17:38 2024]: link received run message, reading in 3311 bytes of o8r text
[Wed May 15 15:17:38 2024]: ignoring notes in o8r
[Wed May 15 15:17:38 2024]: ignoring plots in o8r
[Wed May 15 15:17:38 2024]: running...
[Wed May 15 15:17:38 2024]: running limit cycle continuation
[Wed May 15 15:17:38 2024]: running for par=S, label=4
[Wed May 15 15:17:38 2024]: LibAUTO: starting thread
[Wed May 15 15:17:38 2024]: LibAUTO: thread started
[Wed May 15 15:17:38 2024]: LibAUTO run time: 0.13 s
[Wed May 15 15:17:38 2024]: returning 2736 data bytes to client
(0.235 seconds) 
[Wed May 15 15:17:38 2024]: run complete (0.236 s)
[Wed May 15 15:17:38 2024]: done running
[Wed May 15 15:17:38 2024]: returning (roughly) 675 log bytes to client
[Wed May 15 15:17:41 2024]: link received run message, reading in 3302 bytes of o8r text
[Wed May 15 15:17:41 2024]: ignoring notes in o8r
[Wed May 15 15:17:41 2024]: ignoring plots in o8r
[Wed May 15 15:17:41 2024]: running...
[Wed May 15 15:17:41 2024]: running limit cycle continuation
[Wed May 15 15:17:41 2024]: running for par=S, label=4
[Wed May 15 15:17:41 2024]: LibAUTO: starting thread
[Wed May 15 15:17:41 2024]: LibAUTO: thread started
[Wed May 15 15:17:41 2024]: LibAUTO run time: 0.434 s
[Wed May 15 15:17:41 2024]: returning 11704 data bytes to client
(0.46 seconds) 
[Wed May 15 15:17:41 2024]: run complete (0.461 s)
[Wed May 15 15:17:41 2024]: done running
[Wed May 15 15:17:41 2024]: returning (roughly) 676 log bytes to client
[Wed May 15 15:17:44 2024]: link received run message, reading in 3301 bytes of o8r text
[Wed May 15 15:17:44 2024]: ignoring notes in o8r
[Wed May 15 15:17:44 2024]: ignoring plots in o8r
[Wed May 15 15:17:44 2024]: running...
[Wed May 15 15:17:44 2024]: running limit cycle continuation
[Wed May 15 15:17:44 2024]: running for par=S, label=4
[Wed May 15 15:17:44 2024]: LibAUTO: starting thread
[Wed May 15 15:17:44 2024]: LibAUTO: thread started
[Wed May 15 15:17:44 2024]: LibAUTO run time: 0.08 s
[Wed May 15 15:17:44 2024]: returning 1292 data bytes to client
(0.118 seconds) 
[Wed May 15 15:17:44 2024]: run complete (0.119 s)
[Wed May 15 15:17:44 2024]: done running
[Wed May 15 15:17:44 2024]: returning (roughly) 675 log bytes to client
[Wed May 15 15:17:47 2024]: link received run message, reading in 3301 bytes of o8r text
[Wed May 15 15:17:47 2024]: ignoring notes in o8r
[Wed May 15 15:17:47 2024]: ignoring plots in o8r
[Wed May 15 15:17:47 2024]: running...
[Wed May 15 15:17:47 2024]: running limit cycle continuation
[Wed May 15 15:17:47 2024]: running for par=S, label=4
[Wed May 15 15:17:47 2024]: LibAUTO: starting thread
[Wed May 15 15:17:47 2024]: LibAUTO: thread started
[Wed May 15 15:20:54 2024]: LibAUTO run time: 186.728 s
[Wed May 15 15:20:54 2024]: returning 152 data bytes to client
(186.795 seconds) 
[Wed May 15 15:20:54 2024]: run complete (186.796 s)
[Wed May 15 15:20:54 2024]: done running
[Wed May 15 15:20:54 2024]: returning (roughly) 681 log bytes to client
[Wed May 15 15:28:55 2024]: link received run message, reading in 3299 bytes of o8r text
[Wed May 15 15:28:55 2024]: ignoring notes in o8r
[Wed May 15 15:28:55 2024]: ignoring plots in o8r
[Wed May 15 15:28:55 2024]: running...
[Wed May 15 15:28:55 2024]: running limit cycle continuation
[Wed May 15 15:28:55 2024]: running for par=S, label=4
[Wed May 15 15:28:55 2024]: LibAUTO: starting thread
[Wed May 15 15:28:55 2024]: LibAUTO: thread started
