
o8core, 2.0.11
author: Emery Conrad
build date: Jan 14 2011, 13:23:16

[Wed Apr 03 15:49:09 2024]: creating logfile o8core_94_15_49_9.log
[Wed Apr 03 15:49:09 2024]: initializing link on port 28472
[Wed Apr 03 15:49:09 2024]: initializing winsock library
[Wed Apr 03 15:49:09 2024]: link port is 28472
[Wed Apr 03 15:49:09 2024]: port 28472 is bound
[Wed Apr 03 15:49:09 2024]: listening on port 28472
[Wed Apr 03 15:49:09 2024]: link outfifo: starting thread
[Wed Apr 03 15:49:09 2024]: link outfifo: thread started
[Wed Apr 03 15:49:09 2024]: o8core link: starting thread
[Wed Apr 03 15:49:09 2024]: o8core link: thread started
[Wed Apr 03 15:49:09 2024]: accepted socket connection on port 47051
[Wed Apr 03 15:49:09 2024]: link received initialization message, reading in 352 bytes of model text
[Wed Apr 03 15:49:09 2024]: ignoring o8mi tag in model init
[Wed Apr 03 15:49:29 2024]: link received run message, reading in 1522 bytes of o8r text
[Wed Apr 03 15:49:29 2024]: ignoring notes in o8r
[Wed Apr 03 15:49:29 2024]: ignoring plots in o8r
[Wed Apr 03 15:49:29 2024]: running...
[Wed Apr 03 15:49:29 2024]: running a time series
[Wed Apr 03 15:49:29 2024]: will run for 500 time units, 5000 points
[Wed Apr 03 15:49:29 2024]: returning 120024 data bytes to client
[Wed Apr 03 15:49:29 2024]: run complete (0.014 s)
[Wed Apr 03 15:49:29 2024]: done running
[Wed Apr 03 15:49:29 2024]: returning (roughly) 1366 log bytes to client
[Wed Apr 03 16:05:22 2024]: link received run message, reading in 1600 bytes of o8r text
[Wed Apr 03 16:05:22 2024]: ignoring notes in o8r
[Wed Apr 03 16:05:22 2024]: ignoring plots in o8r
[Wed Apr 03 16:05:22 2024]: running...
[Wed Apr 03 16:05:22 2024]: running a one parameter bifurcation
[Wed Apr 03 16:05:22 2024]: ignoring xprops
[Wed Apr 03 16:05:22 2024]: solving for steady state
[Wed Apr 03 16:05:22 2024]: trying newton's method
[Wed Apr 03 16:05:22 2024]: try solving time series
[Wed Apr 03 16:05:22 2024]: reached stable steady state
[Wed Apr 03 16:05:22 2024]: continuing S
[Wed Apr 03 16:05:22 2024]: LibAUTO: starting thread
[Wed Apr 03 16:05:22 2024]: LibAUTO: thread started
[Wed Apr 03 16:05:22 2024]: LibAUTO run time: 0.019 s
[Wed Apr 03 16:05:23 2024]: LibAUTO: starting thread
[Wed Apr 03 16:05:23 2024]: LibAUTO: thread started
[Wed Apr 03 16:05:23 2024]: LibAUTO run time: 0.069 s
[Wed Apr 03 16:05:23 2024]: returning 7488 data bytes to client
[Wed Apr 03 16:05:23 2024]: S took 0.221 seconds (0.221 for actual continuation)
[Wed Apr 03 16:05:23 2024]: run complete (0.224 s)
[Wed Apr 03 16:05:23 2024]: done running
[Wed Apr 03 16:05:23 2024]: returning (roughly) 1144 log bytes to client
[Wed Apr 03 16:19:50 2024]: link received quit message, exiting.
[Wed Apr 03 16:19:50 2024]: link outfifo: waiting for thread to finish...
[Wed Apr 03 16:19:50 2024]: link outfifo run time: 1841.73 s
[Wed Apr 03 16:19:50 2024]: o8core link run time: 1841.73 s
[Wed Apr 03 16:19:50 2024]: link outfifo: 127512 bytes in, 127512 bytes out
[Wed Apr 03 16:19:50 2024]: all done!
