
o8core, 2.0.11
author: Emery Conrad
build date: Jan 14 2011, 13:23:16

[Wed Apr 03 16:36:51 2024]: creating logfile o8core_94_16_36_50.log
[Wed Apr 03 16:36:51 2024]: initializing link on port 28472
[Wed Apr 03 16:36:51 2024]: initializing winsock library
[Wed Apr 03 16:36:51 2024]: link port is 28472
[Wed Apr 03 16:36:51 2024]: port 28472 is bound
[Wed Apr 03 16:36:51 2024]: listening on port 28472
[Wed Apr 03 16:36:51 2024]: link outfifo: starting thread
[Wed Apr 03 16:36:51 2024]: link outfifo: thread started
[Wed Apr 03 16:36:51 2024]: o8core link: starting thread
[Wed Apr 03 16:36:51 2024]: o8core link: thread started
[Wed Apr 03 16:36:51 2024]: accepted socket connection on port 20953
[Wed Apr 03 16:36:51 2024]: link received initialization message, reading in 374 bytes of model text
[Wed Apr 03 16:36:51 2024]: ignoring o8mi tag in model init
[Wed Apr 03 16:37:08 2024]: link received run message, reading in 1527 bytes of o8r text
[Wed Apr 03 16:37:08 2024]: ignoring notes in o8r
[Wed Apr 03 16:37:08 2024]: ignoring plots in o8r
[Wed Apr 03 16:37:08 2024]: running...
[Wed Apr 03 16:37:08 2024]: running a time series
[Wed Apr 03 16:37:08 2024]: will run for 500 time units, 5000 points
[Wed Apr 03 16:37:08 2024]: returning 120024 data bytes to client
[Wed Apr 03 16:37:08 2024]: run complete (0.007 s)
[Wed Apr 03 16:37:08 2024]: done running
[Wed Apr 03 16:37:08 2024]: returning (roughly) 1367 log bytes to client
[Wed Apr 03 16:38:52 2024]: link received quit message, exiting.
[Wed Apr 03 16:38:52 2024]: link outfifo: waiting for thread to finish...
[Wed Apr 03 16:38:53 2024]: o8core link run time: 122.005 s
[Wed Apr 03 16:38:53 2024]: link outfifo run time: 122.005 s
[Wed Apr 03 16:38:53 2024]: link outfifo: 120024 bytes in, 120024 bytes out
[Wed Apr 03 16:38:53 2024]: all done!
