
o8core, 2.0.11
author: Emery Conrad
build date: Jan 14 2011, 13:23:16

[Tue Apr 16 19:01:30 2024]: creating logfile o8core_107_19_1_30.log
[Tue Apr 16 19:01:30 2024]: initializing link on port 28472
[Tue Apr 16 19:01:30 2024]: initializing winsock library
[Tue Apr 16 19:01:30 2024]: link port is 28472
[Tue Apr 16 19:01:30 2024]: port 28472 is bound
[Tue Apr 16 19:01:30 2024]: listening on port 28472
[Tue Apr 16 19:01:30 2024]: link outfifo: starting thread
[Tue Apr 16 19:01:30 2024]: link outfifo: thread started
[Tue Apr 16 19:01:30 2024]: o8core link: starting thread
[Tue Apr 16 19:01:30 2024]: o8core link: thread started
[Tue Apr 16 19:01:30 2024]: accepted socket connection on port 24543
[Tue Apr 16 19:01:31 2024]: link received initialization message, reading in 256 bytes of model text
[Tue Apr 16 19:01:31 2024]: ignoring o8mi tag in model init
[Tue Apr 16 19:03:30 2024]: link received run message, reading in 1141 bytes of o8r text
[Tue Apr 16 19:03:30 2024]: ignoring notes in o8r
[Tue Apr 16 19:03:30 2024]: ignoring plots in o8r
[Tue Apr 16 19:03:30 2024]: running...
[Tue Apr 16 19:03:30 2024]: running a time series
[Tue Apr 16 19:03:30 2024]: will run for 250 time units, 500 points
[Tue Apr 16 19:03:30 2024]: returning 8016 data bytes to client
[Tue Apr 16 19:03:30 2024]: run complete (0 s)
[Tue Apr 16 19:03:30 2024]: done running
[Tue Apr 16 19:03:30 2024]: returning (roughly) 1360 log bytes to client
[Tue Apr 16 19:03:52 2024]: link received run message, reading in 1140 bytes of o8r text
[Tue Apr 16 19:03:52 2024]: ignoring notes in o8r
[Tue Apr 16 19:03:52 2024]: ignoring plots in o8r
[Tue Apr 16 19:03:52 2024]: running...
[Tue Apr 16 19:03:52 2024]: running a time series
[Tue Apr 16 19:03:52 2024]: will run for 40 time units, 400 points
[Tue Apr 16 19:03:52 2024]: returning 6416 data bytes to client
[Tue Apr 16 19:03:52 2024]: run complete (0 s)
[Tue Apr 16 19:03:52 2024]: done running
[Tue Apr 16 19:03:52 2024]: returning (roughly) 497 log bytes to client
[Tue Apr 16 19:04:24 2024]: link received run message, reading in 1227 bytes of o8r text
[Tue Apr 16 19:04:24 2024]: ignoring notes in o8r
[Tue Apr 16 19:04:24 2024]: ignoring plots in o8r
[Tue Apr 16 19:04:24 2024]: running...
[Tue Apr 16 19:04:24 2024]: running a one parameter bifurcation
[Tue Apr 16 19:04:24 2024]: ignoring xprops
[Tue Apr 16 19:04:24 2024]: solving for steady state
[Tue Apr 16 19:04:24 2024]: trying newton's method
[Tue Apr 16 19:04:24 2024]: try solving time series
[Tue Apr 16 19:04:24 2024]: reached stable steady state
[Tue Apr 16 19:04:24 2024]: continuing input
[Tue Apr 16 19:04:24 2024]: LibAUTO: starting thread
[Tue Apr 16 19:04:24 2024]: LibAUTO: thread started
[Tue Apr 16 19:04:24 2024]: LibAUTO run time: 0.057 s
[Tue Apr 16 19:04:24 2024]: LibAUTO: starting thread
[Tue Apr 16 19:04:24 2024]: LibAUTO: thread started
[Tue Apr 16 19:04:24 2024]: LibAUTO run time: 0.012 s
[Tue Apr 16 19:04:24 2024]: returning 4508 data bytes to client
[Tue Apr 16 19:04:24 2024]: input took 0.224 seconds (0.221 for actual continuation)
[Tue Apr 16 19:04:24 2024]: run complete (0.224 s)
[Tue Apr 16 19:04:24 2024]: done running
[Tue Apr 16 19:04:24 2024]: returning (roughly) 1152 log bytes to client
[Tue Apr 16 19:05:16 2024]: link received run message, reading in 1226 bytes of o8r text
[Tue Apr 16 19:05:16 2024]: ignoring notes in o8r
[Tue Apr 16 19:05:16 2024]: ignoring plots in o8r
[Tue Apr 16 19:05:16 2024]: running...
[Tue Apr 16 19:05:16 2024]: running a one parameter bifurcation
[Tue Apr 16 19:05:16 2024]: ignoring xprops
[Tue Apr 16 19:05:16 2024]: solving for steady state
[Tue Apr 16 19:05:16 2024]: trying newton's method
[Tue Apr 16 19:05:16 2024]: try solving time series
[Tue Apr 16 19:05:16 2024]: reached stable steady state
[Tue Apr 16 19:05:16 2024]: continuing input
[Tue Apr 16 19:05:16 2024]: LibAUTO: starting thread
[Tue Apr 16 19:05:16 2024]: LibAUTO: thread started
[Tue Apr 16 19:05:16 2024]: LibAUTO run time: 0.039 s
[Tue Apr 16 19:05:16 2024]: LibAUTO: starting thread
[Tue Apr 16 19:05:16 2024]: LibAUTO: thread started
[Tue Apr 16 19:05:16 2024]: LibAUTO run time: 0.012 s
[Tue Apr 16 19:05:16 2024]: returning 1372 data bytes to client
[Tue Apr 16 19:05:16 2024]: input took 0.228 seconds (0.228 for actual continuation)
[Tue Apr 16 19:05:16 2024]: run complete (0.228 s)
[Tue Apr 16 19:05:16 2024]: done running
[Tue Apr 16 19:05:16 2024]: returning (roughly) 1152 log bytes to client
[Tue Apr 16 19:06:41 2024]: link received quit message, exiting.
[Tue Apr 16 19:06:41 2024]: link outfifo: waiting for thread to finish...
[Tue Apr 16 19:06:41 2024]: o8core link run time: 311.041 s
[Tue Apr 16 19:06:41 2024]: link outfifo run time: 311.041 s
[Tue Apr 16 19:06:41 2024]: link outfifo: 20312 bytes in, 20312 bytes out
[Tue Apr 16 19:06:41 2024]: all done!
