
o8core, 2.0.11
author: Emery Conrad
build date: Jan 14 2011, 13:23:16

[Wed May 08 18:06:55 2024]: creating logfile o8core_129_18_6_55.log
[Wed May 08 18:06:55 2024]: initializing link on port 28472
[Wed May 08 18:06:55 2024]: initializing winsock library
[Wed May 08 18:06:55 2024]: link port is 28472
[Wed May 08 18:06:55 2024]: port 28472 is bound
[Wed May 08 18:06:55 2024]: listening on port 28472
[Wed May 08 18:06:55 2024]: link outfifo: starting thread
[Wed May 08 18:06:55 2024]: link outfifo: thread started
[Wed May 08 18:06:55 2024]: o8core link: starting thread
[Wed May 08 18:06:55 2024]: o8core link: thread started
[Wed May 08 18:06:56 2024]: accepted socket connection on port 21742
[Wed May 08 18:06:56 2024]: link received initialization message, reading in 501 bytes of model text
[Wed May 08 18:06:56 2024]: ignoring o8mi tag in model init
[Wed May 08 18:07:51 2024]: link received quit message, exiting.
[Wed May 08 18:07:51 2024]: link outfifo: waiting for thread to finish...
[Wed May 08 18:07:51 2024]: link outfifo run time: 56.156 s
[Wed May 08 18:07:51 2024]: o8core link run time: 56.156 s
[Wed May 08 18:07:51 2024]: link outfifo: 0 bytes in, 0 bytes out
[Wed May 08 18:07:51 2024]: all done!
