
o8core, 2.0.11
author: Emery Conrad
build date: Jan 14 2011, 13:23:16

[Wed May 08 22:25:33 2024]: creating logfile o8core_129_22_25_33.log
[Wed May 08 22:25:33 2024]: initializing link on port 28472
[Wed May 08 22:25:33 2024]: initializing winsock library
[Wed May 08 22:25:33 2024]: link port is 28472
[Wed May 08 22:25:33 2024]: port 28472 is bound
[Wed May 08 22:25:33 2024]: listening on port 28472
[Wed May 08 22:25:33 2024]: link outfifo: starting thread
[Wed May 08 22:25:33 2024]: link outfifo: thread started
[Wed May 08 22:25:33 2024]: o8core link: starting thread
[Wed May 08 22:25:33 2024]: o8core link: thread started
[Wed May 08 22:25:34 2024]: accepted socket connection on port 59637
[Wed May 08 22:25:34 2024]: link received initialization message, reading in 472 bytes of model text
[Wed May 08 22:25:34 2024]: ignoring o8mi tag in model init
[Wed May 08 22:25:40 2024]: link received run message, reading in 2267 bytes of o8r text
[Wed May 08 22:25:40 2024]: ignoring notes in o8r
[Wed May 08 22:25:40 2024]: ignoring plots in o8r
[Wed May 08 22:25:40 2024]: running...
[Wed May 08 22:25:40 2024]: running a time series
[Wed May 08 22:25:40 2024]: will run for 50 time units, 500 points
[Wed May 08 22:25:40 2024]: returning 16032 data bytes to client
[Wed May 08 22:25:40 2024]: run complete (0.011 s)
[Wed May 08 22:25:40 2024]: done running
[Wed May 08 22:25:40 2024]: returning (roughly) 1365 log bytes to client
[Wed May 08 22:28:25 2024]: link received quit message, exiting.
[Wed May 08 22:28:25 2024]: link outfifo: waiting for thread to finish...
[Wed May 08 22:28:25 2024]: o8core link run time: 171.842 s
[Wed May 08 22:28:25 2024]: link outfifo run time: 171.842 s
[Wed May 08 22:28:25 2024]: link outfifo: 16032 bytes in, 16032 bytes out
[Wed May 08 22:28:25 2024]: all done!
