
o8core, 2.0.11
author: Emery Conrad
build date: Jan 14 2011, 13:23:16

[Wed May 08 19:42:58 2024]: creating logfile o8core_129_19_42_58.log
[Wed May 08 19:42:58 2024]: initializing link on port 28472
[Wed May 08 19:42:58 2024]: initializing winsock library
[Wed May 08 19:42:58 2024]: link port is 28472
[Wed May 08 19:42:58 2024]: port 28472 is bound
[Wed May 08 19:42:58 2024]: listening on port 28472
[Wed May 08 19:42:58 2024]: link outfifo: starting thread
[Wed May 08 19:42:58 2024]: link outfifo: thread started
[Wed May 08 19:42:58 2024]: o8core link: starting thread
[Wed May 08 19:42:58 2024]: o8core link: thread started
[Wed May 08 19:42:58 2024]: accepted socket connection on port 50143
[Wed May 08 19:42:58 2024]: link received initialization message, reading in 468 bytes of model text
[Wed May 08 19:42:58 2024]: ignoring o8mi tag in model init
[Wed May 08 19:43:04 2024]: link received run message, reading in 2257 bytes of o8r text
[Wed May 08 19:43:04 2024]: ignoring notes in o8r
[Wed May 08 19:43:04 2024]: ignoring plots in o8r
[Wed May 08 19:43:04 2024]: running...
[Wed May 08 19:43:04 2024]: running a time series
[Wed May 08 19:43:04 2024]: will run for 50 time units, 500 points
[Wed May 08 19:43:04 2024]: returning 16032 data bytes to client
[Wed May 08 19:43:04 2024]: run complete (0 s)
[Wed May 08 19:43:04 2024]: done running
[Wed May 08 19:43:04 2024]: returning (roughly) 1361 log bytes to client
[Wed May 08 19:51:12 2024]: link received quit message, exiting.
[Wed May 08 19:51:12 2024]: link outfifo: waiting for thread to finish...
[Wed May 08 19:51:12 2024]: o8core link run time: 494.307 s
[Wed May 08 19:51:12 2024]: link outfifo run time: 494.307 s
[Wed May 08 19:51:12 2024]: link outfifo: 16032 bytes in, 16032 bytes out
[Wed May 08 19:51:12 2024]: all done!
