
o8core, 2.0.11
author: Emery Conrad
build date: Jan 14 2011, 13:23:16

[Wed Apr 10 16:30:56 2024]: creating logfile o8core_101_16_30_56.log
[Wed Apr 10 16:30:56 2024]: initializing link on port 28472
[Wed Apr 10 16:30:56 2024]: initializing winsock library
[Wed Apr 10 16:30:56 2024]: link port is 28472
[Wed Apr 10 16:30:56 2024]: port 28472 is bound
[Wed Apr 10 16:30:56 2024]: listening on port 28472
[Wed Apr 10 16:30:56 2024]: link outfifo: starting thread
[Wed Apr 10 16:30:56 2024]: link outfifo: thread started
[Wed Apr 10 16:30:56 2024]: o8core link: starting thread
[Wed Apr 10 16:30:56 2024]: o8core link: thread started
[Wed Apr 10 16:30:56 2024]: accepted socket connection on port 29407
[Wed Apr 10 16:30:56 2024]: link received initialization message, reading in 736 bytes of model text
[Wed Apr 10 16:30:56 2024]: ignoring o8mi tag in model init
[Wed Apr 10 16:30:56 2024]: WARNING: symbol xp not bound
[Wed Apr 10 16:30:56 2024]: WARNING: unbound symbol in f[5]=(-,(*,(*,a4=0,xp=0),(-,pase_tot=0,(+,c3=1.37371e-105,c4=-8.7343e-313))),(*,(+,d4=0,k4=0),c4=-8.7343e-313)) = 0
[Wed Apr 10 16:30:56 2024]: ERROR: 
[Wed Apr 10 16:30:56 2024]: ERROR: fatal error in model init
[Wed Apr 10 16:30:56 2024]: returning (roughly) 1188 log bytes to client
[Wed Apr 10 16:30:56 2024]: link outfifo: waiting for thread to finish...
[Wed Apr 10 16:30:57 2024]: o8core link run time: 0.613 s
[Wed Apr 10 16:30:57 2024]: link outfifo run time: 0.613 s
[Wed Apr 10 16:30:57 2024]: link outfifo: 0 bytes in, 0 bytes out
[Wed Apr 10 16:30:57 2024]: all done!
