
o8core, 2.0.11
author: Emery Conrad
build date: Jan 14 2011, 13:23:16

[Wed Apr 10 15:53:37 2024]: creating logfile o8core_101_15_53_36.log
[Wed Apr 10 15:53:37 2024]: initializing link on port 28472
[Wed Apr 10 15:53:37 2024]: initializing winsock library
[Wed Apr 10 15:53:37 2024]: link port is 28472
[Wed Apr 10 15:53:37 2024]: port 28472 is bound
[Wed Apr 10 15:53:37 2024]: listening on port 28472
[Wed Apr 10 15:53:37 2024]: link outfifo: starting thread
[Wed Apr 10 15:53:37 2024]: link outfifo: thread started
[Wed Apr 10 15:53:37 2024]: o8core link: starting thread
[Wed Apr 10 15:53:37 2024]: o8core link: thread started
[Wed Apr 10 15:53:37 2024]: accepted socket connection on port 3812
[Wed Apr 10 15:53:37 2024]: link received initialization message, reading in 621 bytes of model text
[Wed Apr 10 15:53:37 2024]: ignoring o8mi tag in model init
[Wed Apr 10 15:53:47 2024]: link received run message, reading in 2481 bytes of o8r text
[Wed Apr 10 15:53:47 2024]: ignoring notes in o8r
[Wed Apr 10 15:53:47 2024]: ignoring plots in o8r
[Wed Apr 10 15:53:47 2024]: running...
[Wed Apr 10 15:53:47 2024]: running a time series
[Wed Apr 10 15:53:47 2024]: will run for 250 time units, 500 points
[Wed Apr 10 15:53:47 2024]: returning 28056 data bytes to client
[Wed Apr 10 15:53:47 2024]: run complete (0 s)
[Wed Apr 10 15:53:47 2024]: done running
[Wed Apr 10 15:53:47 2024]: returning (roughly) 1361 log bytes to client
[Wed Apr 10 15:54:06 2024]: link received run message, reading in 3447 bytes of o8r text
[Wed Apr 10 15:54:06 2024]: ignoring notes in o8r
[Wed Apr 10 15:54:06 2024]: ignoring plots in o8r
[Wed Apr 10 15:54:06 2024]: running...
[Wed Apr 10 15:54:06 2024]: running a time series
[Wed Apr 10 15:54:06 2024]: will run for 250 time units, 500 points
[Wed Apr 10 15:54:06 2024]: returning 28056 data bytes to client
[Wed Apr 10 15:54:06 2024]: run complete (0 s)
[Wed Apr 10 15:54:06 2024]: done running
[Wed Apr 10 15:54:06 2024]: returning (roughly) 499 log bytes to client
[Wed Apr 10 15:54:23 2024]: link received run message, reading in 2482 bytes of o8r text
[Wed Apr 10 15:54:23 2024]: ignoring notes in o8r
[Wed Apr 10 15:54:23 2024]: ignoring plots in o8r
[Wed Apr 10 15:54:23 2024]: running...
[Wed Apr 10 15:54:23 2024]: running a time series
[Wed Apr 10 15:54:23 2024]: will run for 200 time units, 2000 points
[Wed Apr 10 15:54:23 2024]: returning 112056 data bytes to client
[Wed Apr 10 15:54:23 2024]: run complete (0 s)
[Wed Apr 10 15:54:23 2024]: done running
[Wed Apr 10 15:54:23 2024]: returning (roughly) 501 log bytes to client
[Wed Apr 10 15:54:44 2024]: link received run message, reading in 2482 bytes of o8r text
[Wed Apr 10 15:54:44 2024]: ignoring notes in o8r
[Wed Apr 10 15:54:44 2024]: ignoring plots in o8r
[Wed Apr 10 15:54:44 2024]: running...
[Wed Apr 10 15:54:44 2024]: running a time series
[Wed Apr 10 15:54:44 2024]: will run for 150 time units, 1500 points
[Wed Apr 10 15:54:44 2024]: returning 84056 data bytes to client
[Wed Apr 10 15:54:44 2024]: run complete (0 s)
[Wed Apr 10 15:54:44 2024]: done running
[Wed Apr 10 15:54:44 2024]: returning (roughly) 500 log bytes to client
[Wed Apr 10 15:59:05 2024]: link received run message, reading in 2573 bytes of o8r text
[Wed Apr 10 15:59:05 2024]: ignoring notes in o8r
[Wed Apr 10 15:59:05 2024]: ignoring plots in o8r
[Wed Apr 10 15:59:05 2024]: running...
[Wed Apr 10 15:59:05 2024]: running a one parameter bifurcation
[Wed Apr 10 15:59:05 2024]: ignoring xprops
[Wed Apr 10 15:59:05 2024]: solving for steady state
[Wed Apr 10 15:59:05 2024]: trying newton's method
[Wed Apr 10 15:59:05 2024]: try solving time series
[Wed Apr 10 15:59:05 2024]: WARNING: time course run didn't find a stable steady state
[Wed Apr 10 15:59:05 2024]: trying newton's method again to hone in
[Wed Apr 10 15:59:05 2024]: continuing kinase_tot
[Wed Apr 10 15:59:05 2024]: LibAUTO: starting thread
[Wed Apr 10 15:59:05 2024]: LibAUTO: thread started
[Wed Apr 10 15:59:05 2024]: LibAUTO run time: 0.034 s
[Wed Apr 10 15:59:05 2024]: LibAUTO: starting thread
[Wed Apr 10 15:59:05 2024]: LibAUTO: thread started
[Wed Apr 10 15:59:05 2024]: LibAUTO run time: 0.046 s
[Wed Apr 10 15:59:05 2024]: returning 10064 data bytes to client
[Wed Apr 10 15:59:05 2024]: kinase_tot took 0.223 seconds (0.223 for actual continuation)
[Wed Apr 10 15:59:05 2024]: run complete (0.231 s)
[Wed Apr 10 15:59:05 2024]: done running
[Wed Apr 10 15:59:05 2024]: returning (roughly) 1262 log bytes to client
[Wed Apr 10 15:59:39 2024]: link received quit message, exiting.
[Wed Apr 10 15:59:39 2024]: link outfifo: waiting for thread to finish...
[Wed Apr 10 15:59:39 2024]: o8core link run time: 362.603 s
[Wed Apr 10 15:59:39 2024]: link outfifo run time: 362.603 s
[Wed Apr 10 15:59:39 2024]: link outfifo: 262288 bytes in, 262288 bytes out
[Wed Apr 10 15:59:39 2024]: all done!
