
o8core, 2.0.11
author: Emery Conrad
build date: Jan 14 2011, 13:23:16

[Wed Apr 10 15:43:42 2024]: creating logfile o8core_101_15_43_42.log
[Wed Apr 10 15:43:42 2024]: initializing link on port 28472
[Wed Apr 10 15:43:42 2024]: initializing winsock library
[Wed Apr 10 15:43:42 2024]: link port is 28472
[Wed Apr 10 15:43:42 2024]: port 28472 is bound
[Wed Apr 10 15:43:42 2024]: listening on port 28472
[Wed Apr 10 15:43:42 2024]: link outfifo: starting thread
[Wed Apr 10 15:43:42 2024]: link outfifo: thread started
[Wed Apr 10 15:43:42 2024]: o8core link: starting thread
[Wed Apr 10 15:43:42 2024]: o8core link: thread started
[Wed Apr 10 15:43:42 2024]: accepted socket connection on port 30435
[Wed Apr 10 15:43:43 2024]: link received initialization message, reading in 574 bytes of model text
[Wed Apr 10 15:43:43 2024]: ignoring o8mi tag in model init
[Wed Apr 10 15:43:43 2024]: WARNING: symbol kinase_tot not bound
[Wed Apr 10 15:43:43 2024]: WARNING: unbound symbol in v[1]=(-,kinase_tot=0,(+,c1=0,c2=0)) = 0
[Wed Apr 10 15:43:43 2024]: ERROR: 
[Wed Apr 10 15:43:43 2024]: ERROR: fatal error in model init
[Wed Apr 10 15:43:43 2024]: returning (roughly) 1120 log bytes to client
[Wed Apr 10 15:43:43 2024]: link outfifo: waiting for thread to finish...
[Wed Apr 10 15:43:43 2024]: o8core link run time: 0.634 s
[Wed Apr 10 15:43:43 2024]: link outfifo run time: 0.634 s
[Wed Apr 10 15:43:43 2024]: link outfifo: 0 bytes in, 0 bytes out
[Wed Apr 10 15:43:43 2024]: all done!
