
o8core, 2.0.11
author: Emery Conrad
build date: Jan 14 2011, 13:23:16

[Wed Apr 10 16:26:41 2024]: creating logfile o8core_101_16_26_41.log
[Wed Apr 10 16:26:41 2024]: initializing link on port 28472
[Wed Apr 10 16:26:41 2024]: initializing winsock library
[Wed Apr 10 16:26:41 2024]: link port is 28472
[Wed Apr 10 16:26:41 2024]: port 28472 is bound
[Wed Apr 10 16:26:41 2024]: listening on port 28472
[Wed Apr 10 16:26:41 2024]: link outfifo: starting thread
[Wed Apr 10 16:26:41 2024]: link outfifo: thread started
[Wed Apr 10 16:26:41 2024]: o8core link: starting thread
[Wed Apr 10 16:26:41 2024]: o8core link: thread started
[Wed Apr 10 16:26:41 2024]: accepted socket connection on port 23262
[Wed Apr 10 16:26:41 2024]: link received initialization message, reading in 641 bytes of model text
[Wed Apr 10 16:26:41 2024]: ignoring o8mi tag in model init
[Wed Apr 10 16:26:41 2024]: WARNING: symbol kinase not bound
[Wed Apr 10 16:26:41 2024]: WARNING: unbound symbol in f[0]=(-,(+,(*,d1=0,c1=0),(*,k4=0,c4=0)),(*,(*,a1=1.87037e-280,x=0),kinase=0)) = 0
[Wed Apr 10 16:26:41 2024]: WARNING: symbol pase not bound
[Wed Apr 10 16:26:41 2024]: WARNING: unbound symbol in f[1]=(-,(+,(*,k2=0,c2=0),(*,d3=0,c3=0)),(*,(*,a3=0,xpp=0),pase=0)) = 0
[Wed Apr 10 16:26:41 2024]: WARNING: symbol kinase not bound
[Wed Apr 10 16:26:41 2024]: WARNING: unbound symbol in f[2]=(-,(*,(*,a1=1.87037e-280,x=0),kinase=0),(*,(+,d1=0,k1=0),c1=0)) = 0
[Wed Apr 10 16:26:41 2024]: WARNING: symbol xp not bound
[Wed Apr 10 16:26:41 2024]: WARNING: symbol kinase not bound
[Wed Apr 10 16:26:41 2024]: WARNING: unbound symbol in f[3]=(-,(*,(*,a2=0,xp=0),kinase=0),(*,(+,d2=0,k2=0),c2=0)) = 0
[Wed Apr 10 16:26:41 2024]: WARNING: symbol pase not bound
[Wed Apr 10 16:26:41 2024]: WARNING: unbound symbol in f[4]=(-,(*,(*,a3=0,xpp=0),pase=0),(*,(+,d3=0,k3=0),c3=0)) = 0
[Wed Apr 10 16:26:41 2024]: WARNING: symbol xp not bound
[Wed Apr 10 16:26:41 2024]: WARNING: symbol pase not bound
[Wed Apr 10 16:26:41 2024]: WARNING: unbound symbol in f[5]=(-,(*,(*,a4=0,xp=0),pase=0),(*,(+,d4=0,k4=0),c4=0)) = 0
[Wed Apr 10 16:26:41 2024]: ERROR: 
[Wed Apr 10 16:26:41 2024]: ERROR: fatal error in model init
[Wed Apr 10 16:26:41 2024]: returning (roughly) 2176 log bytes to client
[Wed Apr 10 16:26:41 2024]: link outfifo: waiting for thread to finish...
[Wed Apr 10 16:26:41 2024]: o8core link run time: 0.613 s
[Wed Apr 10 16:26:41 2024]: link outfifo run time: 0.613 s
[Wed Apr 10 16:26:41 2024]: link outfifo: 0 bytes in, 0 bytes out
[Wed Apr 10 16:26:41 2024]: all done!
