
o8core, 2.0.11
author: Emery Conrad
build date: Jan 14 2011, 13:23:16

[Wed Apr 10 17:12:52 2024]: creating logfile o8core_101_17_12_52.log
[Wed Apr 10 17:12:52 2024]: initializing link on port 28472
[Wed Apr 10 17:12:52 2024]: initializing winsock library
[Wed Apr 10 17:12:52 2024]: link port is 28472
[Wed Apr 10 17:12:52 2024]: port 28472 is bound
[Wed Apr 10 17:12:52 2024]: listening on port 28472
[Wed Apr 10 17:12:52 2024]: link outfifo: starting thread
[Wed Apr 10 17:12:52 2024]: link outfifo: thread started
[Wed Apr 10 17:12:52 2024]: o8core link: starting thread
[Wed Apr 10 17:12:52 2024]: o8core link: thread started
[Wed Apr 10 17:12:53 2024]: accepted socket connection on port 33515
[Wed Apr 10 17:12:53 2024]: link received initialization message, reading in 755 bytes of model text
[Wed Apr 10 17:12:53 2024]: ignoring o8mi tag in model init
[Wed Apr 10 17:12:56 2024]: link received run message, reading in 2465 bytes of o8r text
[Wed Apr 10 17:12:56 2024]: ignoring notes in o8r
[Wed Apr 10 17:12:56 2024]: ignoring plots in o8r
[Wed Apr 10 17:12:56 2024]: running...
[Wed Apr 10 17:12:56 2024]: running a time series
[Wed Apr 10 17:12:56 2024]: will run for 250 time units, 500 points
[Wed Apr 10 17:12:56 2024]: returning 40080 data bytes to client
[Wed Apr 10 17:12:56 2024]: run complete (0 s)
[Wed Apr 10 17:12:56 2024]: done running
[Wed Apr 10 17:12:56 2024]: returning (roughly) 1362 log bytes to client
[Wed Apr 10 17:13:20 2024]: link received quit message, exiting.
[Wed Apr 10 17:13:21 2024]: link outfifo: waiting for thread to finish...
[Wed Apr 10 17:13:21 2024]: o8core link run time: 28.072 s
[Wed Apr 10 17:13:21 2024]: link outfifo run time: 28.072 s
[Wed Apr 10 17:13:21 2024]: link outfifo: 40080 bytes in, 40080 bytes out
[Wed Apr 10 17:13:21 2024]: all done!
